# callgrind format
version: 1
creator: callgrind-3.22.0
pid: 116859
cmd:  timeout 5s ./xvkbd_new
part: 1


desc: I1 cache: 
desc: D1 cache: 
desc: LL cache: 

desc: Timerange: Basic block 0 - 58229
desc: Trigger: Program termination

positions: line
events: Ir
summary: 261099


ob=(3) ???
fl=(153) ???
fn=(642) 0x000000000487d430
0 4
cob=(2) /usr/lib/x86_64-linux-gnu/libc.so.6
cfi=(193) ./string/../sysdeps/x86_64/multiarch/memmove-vec-unaligned-erms.S
cfn=(644) __mempcpy_avx_unaligned_erms
calls=2 242 
0 34

fn=(1170) 0x000000000010e684
0 4

fn=(570) 0x000000000487d770
0 130
cob=(2)
cfi=(171) ./string/../sysdeps/x86_64/multiarch/strcmp-avx2.S
cfn=(572) __strcmp_avx2
calls=65 206 
0 1300

fn=(576) 0x000000000487d500
0 162
cob=(2)
cfi=(173) ./string/../sysdeps/x86_64/multiarch/strlen-avx2.S
cfn=(578) __strlen_avx2
calls=81 52 
0 1134

fn=(854) 0x000000000010a670
0 8
cob=(2)
cfi=(225) ./signal/../sysdeps/posix/signal.c
cfn=(856) signal
calls=4 30 
0 480

fn=(970) 0x000000000010a790
0 6
cob=(2)
cfi=(236) ./posix/./posix/waitpid.c
cfn=(972) waitpid
calls=3 37 
0 36

fn=(556) 0x000000000010a600
0 2
cob=(2)
cfi=(159) ./string/../sysdeps/x86_64/multiarch/strrchr-avx2.S
cfn=(516) __strrchr_avx2
calls=1 53 
0 20

fn=(562) 0x000000000010a760
0 2
cob=(2)
cfi=(168) ./locale/./locale/setlocale.c
cfn=(564) setlocale
calls=1 218 
0 48985

fn=(650) 0x000000000487d6b0
0 2
cob=(2)
cfi=(193)
cfn=(646) __memcpy_avx_unaligned_erms
calls=1 255 
0 16

fn=(714) 0x000000000010a540
0 2
cob=(2)
cfi=(208) ./intl/./intl/textdomain.c
cfn=(716) textdomain
calls=1 65 
0 425

fn=(826) 0x000000000010a6b0
0 10
cob=(2)
cfi=(220) ./signal/./signal/sigempty.c
cfn=(828) sigemptyset
calls=5 26 
0 30

fn=(1076) 0x000000000010a740
0 8
cob=(2)
cfi=(245) ./libio/./libio/__freading.c
cfn=(1078) __freading
calls=4 22 
0 36

fn=(676) 0x000000000487d6f0
0 32
cob=(2)
cfi=(193)
cfn=(678) __memcpy_chk_avx_unaligned_erms
calls=16 249 
0 320

fn=(722) 0x000000000010a7c0
0 2
cob=(2)
cfi=(163) ./stdlib/./stdlib/cxa_atexit.c
cfn=(526) __cxa_atexit
calls=1 67 
0 76

fn=(748) 0x000000000010a530
0 2
cob=(2)
cfi=(212) ./stdlib/./stdlib/strtod.c
cfn=(750) strtod
calls=1 81 
0 403

fn=(834) 0x000000000010a520
0 14
cob=(2)
cfi=(222) ./signal/./signal/sigaction.c
cfn=(836) sigaction
calls=7 26 
0 420

fn=(884) 0x000000000010a480
0 6
cob=(2)
cfi=(227) ./signal/../sysdeps/unix/sysv/linux/sigprocmask.c
cfn=(886) sigprocmask
calls=3 24 
0 108

fn=(980) 0x000000000010a730
0 4
cob=(2)
cfi=(238) ./signal/../sysdeps/unix/sysv/linux/sigsuspend.c
cfn=(982) sigsuspend
calls=2 25 
0 26

fn=(996) 0x000000000010a6d0
0 8
cob=(2)
cfi=(239) ./signal/../sysdeps/unix/syscall-template.S
cfn=(998) kill
calls=4 120 
0 24

fn=(726) 0x000000000010a5c0
0 2
cob=(2)
cfi=(209) ./posix/./posix/getopt1.c
cfn=(728) getopt_long
calls=1 30 
0 107

fn=(742) 0x000000000010a4d0
0 2
cob=(2)
cfi=(211) ./csu/./csu/errno-loc.c
cfn=(744) __errno_location
calls=1 25 
0 4

fn=(782) 0x000000000010a550
0 2
cob=(2)
cfi=(213) ./stdlib/./stdlib/strtod_l.c
cfn=(784) strtod_l
calls=1 1782 
0 402

fn=(1190) 0x000000000483d294
0 4

fn=(476) 0x000000000487d720
0 40
cob=(1) /usr/lib/x86_64-linux-gnu/ld-linux-x86-64.so.2
cfi=(11) ./elf/./elf/dl-tunables.c
cfn=(28) __tunable_get_val
calls=20 387 
0 469

fn=(514) 0x000000000487d660
0 2
cob=(2)
cfi=(159)
cfn=(516)
calls=1 53 
0 20

fn=(616) 0x000000000487d3f0
0 60
cob=(2)
cfi=(186) ./malloc/./malloc/malloc.c
cfn=(618) malloc
calls=30 3294 
0 7145

fn=(704) 0x000000000010a570
0 2
cob=(2)
cfi=(206) ./intl/./intl/bindtextdom.c
cfn=(706) bindtextdomain
calls=1 319 
0 450

fn=(772) 0x000000000010a5f0
0 2
cob=(2)
cfi=(218) ./locale/./locale/newlocale.c
cfn=(774) newlocale
calls=1 43 
0 48

fn=(818) 0x000000000010a7d0
0 2
cob=(2)
cfi=(219) ./posix/../sysdeps/unix/syscall-template.S
cfn=(820) setpgid
calls=1 120 
0 6

fn=(874) 0x000000000010a860
0 18
cob=(2)
cfi=(226) ./signal/./signal/sigaddset.c
cfn=(876) sigaddset
calls=9 26 
0 126

fn=(530) 0x000000000010a000
0 7

fn=(652) 0x000000000487d3e0
0 6
cob=(2)
cfi=(186)
cfn=(654) free
calls=3 3359 
0 93

fn=(686) 0x000000000487d670
0 2
cob=(2)
cfi=(203) ./string/../sysdeps/x86_64/multiarch/memset-vec-unaligned-erms.S
cfn=(688) __memset_chk_avx2_unaligned_erms
calls=1 152 
0 18

fn=(1068) 0x000000000010a6f0
0 4
cob=(2)
cfi=(244) ./libio/./libio/fileno.c
cfn=(1070) fileno
calls=2 32 
0 14

fn=(1154) 0x000000000010a460
0 2
cob=(2)
cfi=(256) ./stdlib/./stdlib/cxa_finalize.c
cfn=(1156) __cxa_finalize
calls=1 30 
0 78

fn=(596) 0x000000000487d480
0 24
cob=(2)
cfi=(179) ./string/../sysdeps/x86_64/multiarch/memchr-avx2.S
cfn=(598) __memchr_avx2
calls=12 61 
0 228

fn=(610) 0x000000000487d590
0 2
cob=(2)
cfi=(174) ./string/../sysdeps/x86_64/multiarch/strchr-avx2.S
cfn=(612) __strchrnul_avx2
calls=1 53 
0 19

fn=(936) 0x000000000010a470
0 2
cob=(2)
cfi=(235) ./rt/../sysdeps/unix/sysv/linux/timer_settime.c
cfn=(938) timer_settime@@GLIBC_2.34
calls=1 116 
0 11

fn=(1060) 0x000000000010a510
0 4
cob=(2)
cfi=(243) ./libio/./libio/__fpending.c
cfn=(1062) __fpending
calls=2 22 
0 14

fn=(1088) 0x000000000010a710
0 4
cob=(2)
cfi=(246) ./libio/./libio/iofflush.c
cfn=(1090) fflush
calls=2 32 
0 132

fn=(1180) 0x000000000483d030
0 2
cob=(2)
cfi=(256)
cfn=(1156)
calls=1 30 
0 78

fn=(500) 0x000000000483d000
0 7

fn=(540) 0x000000000487d7b0
0 2
cob=(1)
cfi=(48) ./elf/./elf/dl-audit.c
cfn=(542) _dl_audit_preinit
calls=1 118 
0 5

fn=(580) 0x000000000487d600
0 522
cob=(2)
cfi=(171)
cfn=(582) __strncmp_avx2
calls=261 206 
0 7333

fn=(584) 0x000000000487d680
0 4
cob=(2)
cfi=(174)
cfn=(586) __strchr_avx2
calls=2 53 
0 42

fn=(898) 0x000000000010a870
0 2
cob=(2)
cfi=(229) ./posix/./posix/fork.c
cfn=(900) fork
calls=1 41 
0 116

fn=(926) 0x000000000010a5d0
0 2
cob=(2)
cfi=(233) ./rt/../sysdeps/unix/sysv/linux/timer_create.c
cfn=(928) timer_create@@GLIBC_2.34
calls=1 33 
0 48

ob=(4) /usr/libexec/valgrind/vgpreload_core-amd64-linux.so
fl=(156) ???
fn=(504) 0x0000000000001110
0 12

fn=(1184) 0x0000000000001060
0 5

fn=(1174) 0x00000000000010d0
0 9
cob=(3)
cfi=(153)
cfn=(1180)
calls=1 0 
0 80
0 1
cfn=(1184)
calls=1 0 
0 5

ob=(3)
fl=(153)
fn=(1100) 0x000000000010a560
0 4
cob=(2)
cfi=(249) ./libio/./libio/iofclose.c
cfn=(1102) fclose@@GLIBC_2.2.5
calls=2 34 
0 647

ob=(4)
fl=(156)
fn=(1174)
0 3

ob=(5) /usr/bin/timeout
fl=(161) ???
fn=(918) 0x0000000000003460
0 26
cob=(3)
cfi=(153)
cfn=(926)
calls=1 0 
0 50
0 38
cob=(3)
cfi=(153)
cfn=(936)
calls=1 0 
0 13
0 2

fn=(522) 0x0000000000003260
0 12
cob=(2)
cfi=(162) ./csu/../csu/libc-start.c
cfn=(524) __libc_start_main@@GLIBC_2.34
calls=1 242 
0 55170

fn=(534) 0x0000000000003340
0 12

fn=(552) 0x00000000000028b0
0 20
cob=(3)
cfi=(153)
cfn=(556)
calls=1 0 
0 22
0 11
cob=(3)
cfi=(153)
cfn=(562)
calls=1 0 
0 48987
0 3
cob=(3)
cfi=(153)
cfn=(704)
calls=1 0 
0 452
0 2
cob=(3)
cfi=(153)
cfn=(714)
calls=1 0 
0 427
0 3
cfn=(720) 0x0000000000006670
calls=1 0 
0 82
0 7
cob=(3)
cfi=(153)
cfn=(726)
calls=1 0 
0 109
0 11
cfn=(740) 0x0000000000006400
calls=1 0 
0 943
0 12
cob=(3)
cfi=(153)
cfn=(826)
calls=1 0 
0 8
0 7
cob=(3)
cfi=(153)
cfn=(834)
calls=1 0 
0 62
0 4
cob=(3)
cfi=(153)
cfn=(834)
calls=1 0 
0 62
0 4
cob=(3)
cfi=(153)
cfn=(834)
calls=1 0 
0 62
0 4
cob=(3)
cfi=(153)
cfn=(834)
calls=1 0 
0 62
0 4
cob=(3)
cfi=(153)
cfn=(834)
calls=1 0 
0 62
0 4
cob=(3)
cfi=(153)
cfn=(834)
calls=1 0 
0 62
0 3
cob=(3)
cfi=(153)
cfn=(854)
calls=1 0 
0 122
0 3
cob=(3)
cfi=(153)
cfn=(854)
calls=1 0 
0 122
0 2
cob=(3)
cfi=(153)
cfn=(826)
calls=1 0 
0 8
0 7
cob=(3)
cfi=(153)
cfn=(834)
calls=1 0 
0 62
0 2
cfn=(870) 0x0000000000003aa0
calls=1 0 
0 91
0 1
cob=(3)
cfi=(153)
cfn=(898)
calls=1 0 
0 118
0 7
cfn=(870)
calls=1 0 
0 91
0 3
cfn=(918)
calls=1 0 
0 129
0 3
cob=(3)
cfi=(153)
cfn=(826)
calls=1 0 
0 8
0 3
cob=(3)
cfi=(153)
cfn=(874)
calls=1 0 
0 16
0 3
cob=(3)
cfi=(153)
cfn=(874)
calls=1 0 
0 16
0 3
cob=(3)
cfi=(153)
cfn=(874)
calls=1 0 
0 16
0 3
cob=(3)
cfi=(153)
cfn=(874)
calls=1 0 
0 16
0 3
cob=(3)
cfi=(153)
cfn=(874)
calls=1 0 
0 16
0 4
cob=(3)
cfi=(153)
cfn=(874)
calls=1 0 
0 16
0 3
cob=(3)
cfi=(153)
cfn=(874)
calls=1 0 
0 16
0 4
cob=(3)
cfi=(153)
cfn=(884)
calls=1 0 
0 38
0 9
cob=(3)
cfi=(153)
cfn=(980)
calls=2 0 
0 30
0 12
cob=(3)
cfi=(153)
cfn=(970)
calls=3 0 
0 42
0 47
cob=(3)
cfi=(153)
cfn=(818)
calls=1 0 
0 8
0 1

fn=(720)
0 4
cob=(3)
cfi=(153)
cfn=(722)
calls=1 0 
0 78

fn=(984) 0x00000000000061e0
0 28
cob=(3)
cfi=(153)
cfn=(996)
calls=1 0 
0 8
0 5
cob=(3)
cfi=(153)
cfn=(854)
calls=1 0 
0 122
0 3
cob=(3)
cfi=(153)
cfn=(996)
calls=1 0 
0 8
0 9
cob=(3)
cfi=(153)
cfn=(996)
calls=1 0 
0 8
0 3
cob=(3)
cfi=(153)
cfn=(854)
calls=1 0 
0 122
0 11
cob=(3)
cfi=(153)
cfn=(996)
calls=1 0 
0 8

fn=(1056) 0x00000000000065e0
0 8
cfn=(1058) 0x00000000000040f0
calls=1 0 
0 487
0 5
cfn=(1058)
calls=1 0 
0 484
0 5

fn=(740)
0 11
cob=(3)
cfi=(153)
cfn=(742)
calls=1 0 
0 6
0 5
cob=(3)
cfi=(153)
cfn=(748)
calls=1 0 
0 405
0 44
cob=(3)
cfi=(153)
cfn=(782)
calls=1 0 
0 404
0 15
cob=(3)
cfi=(153)
cfn=(772)
calls=1 0 
0 50
0 3

fn=(1022) 0x0000000000003350
0 2

fn=(870)
0 24
cob=(3)
cfi=(153)
cfn=(826)
calls=2 0 
0 16
0 6
cob=(3)
cfi=(153)
cfn=(874)
calls=2 0 
0 32
0 8
cob=(3)
cfi=(153)
cfn=(884)
calls=2 0 
0 76
0 20

fn=(1066) 0x0000000000003fd0
0 16
cob=(3)
cfi=(153)
cfn=(1068)
calls=2 0 
0 18
0 8
cob=(3)
cfi=(153)
cfn=(1076)
calls=2 0 
0 22
0 8
cob=(3)
cfi=(153)
cfn=(1076)
calls=2 0 
0 22
0 8
cob=(3)
cfi=(153)
cfn=(1088)
calls=2 0 
0 136
0 18
cob=(3)
cfi=(153)
cfn=(1100)
calls=2 0 
0 651

fn=(1164) 0x0000000000003290
0 5

fn=(1058)
0 16
cob=(3)
cfi=(153)
cfn=(1060)
calls=2 0 
0 18
0 10
cfn=(1066)
calls=2 0 
0 907
0 20

fn=(1148) 0x0000000000003300
0 9
cob=(3)
cfi=(153)
cfn=(1154)
calls=1 0 
0 80
0 1
cfn=(1164)
calls=1 0 
0 5
0 3

ob=(1)
fl=(14) ./elf/../sysdeps/unix/sysv/linux/brk.c
fn=(30) brk
36 1
fi=(259) ./elf/../sysdeps/unix/sysv/linux/brk_call.h
-12 2
fe=(14)
+13 1
+1 2
+6 1
+1 1

fl=(142) ./elf/./dl-find_object.h
fn=(444) _dl_find_object_from_map
95 8
+1 8
+1 4
+6 20
+1 119
+1 82
+2 12
+5 4

fl=(49) ./string/../string/strcspn.c
fn=(156) strcspn
32 6
+1 3
+1 2
+5 6
+1 4
+1 4
+1 4
+2 1
+3 3
+1 2
-1 6
+1 4
+3 4
+1 4
+1 4
+1 4
+2 3
+6 1
-1 1
+1 1
+2 2
-1 2
+2 1
+2 6
-5 12
-1 12
+1 12
+2 24
-1 24
+2 12
+2 72
+2 1
+1 4
+1 3

fl=(52) ./elf/./elf/dl-misc.c
fn=(168) _dl_name_match_p
68 98
+1 28
cfi=(32) ./string/../sysdeps/x86_64/multiarch/../multiarch/strcmp-sse2.S
cfn=(94) strcmp
calls=14 +29 
* 440
* 28
+3 14
+2 28
+6 15
-6 30
+1 54
cfi=(32)
cfn=(94)
calls=18 +23 
* 592
* 36
+8 3
-13 3
+13 20
-1 11
+1 33

fn=(216) _dl_sysdep_read_whole_file
36 2
+3 1
-3 7
+3 1
-3 2
+3 1
cfi=(53) ./io/../sysdeps/unix/sysv/linux/open64_nocancel.c
cfn=(172) __open_nocancel
calls=1 -11 
* 20
+1 2
+23 8
-21 4
cfi=(55) ./io/../sysdeps/unix/sysv/linux/fstat64.c
cfn=(178) fstat
calls=1 -12 
* 6
* 2
+2 2
+3 2
+13 2
cfi=(62) ./io/../sysdeps/unix/sysv/linux/close_nocancel.c
cfn=(194) __GI___close_nocancel
calls=1 -35 
* 6
* 1
-11 6
cfi=(57) ./misc/../sysdeps/unix/sysv/linux/mmap64.c
cfn=(182) mmap
calls=1 -2 
* 26
* 2

fl=(146) ./elf/./elf/dl-lookup-direct.c
fn=(460) _dl_lookup_direct
74 30
+2 3
-2 6
+4 3
-4 3
+2 3
+2 9
+37 3
-37 9
+1 6
+2 12
+3 25
+2 6
-54 3
+54 3
-54 3
+54 3
-54 9
+1 9
+2 6
+1 6
+12 9
+3 3
+2 6
-2 3
+2 9
cfi=(32)
cfn=(94)
calls=3 +45 
* 209
* 6
+4 6
+1 3
-1 3
+1 18
+1 9
cfi=(32)
cfn=(94)
calls=3 +39 
* 198
* 6
+57 27
-23 6

fl=(7) ./elf/./elf/dl-minimal.c
fn=(454) lookup_malloc_symbol
61 8
+3 4
-3 12
+3 4
-3 12
+3 4
-3 4
+2 4
+1 16
cfi=(78) ./elf/./elf/dl-lookup.c
cfn=(270) _dl_lookup_symbol_x
calls=4 772 
* 2196
+4 28
+1 28
+2 4
fi=(144) ./elf/./dl-sym-post.h
-30 8
+12 12
fe=(7)
+19 24

fn=(450) __rtld_malloc_init_real
76 2
+10 1
fi=(143) ./elf/../sysdeps/generic/dl-hash.h
-41 1
-1 1
fe=(7)
+32 8
+11 1
-1 1
fi=(143)
-43 1
+5 3
+14 4
-17 3
+3 15
+14 20
-17 15
fe=(7)
+46 2
fi=(143)
-24 1
fe=(7)
+22 1
+2 2
fi=(143)
-19 1
fe=(7)
+19 1
cfn=(454)
calls=1 -30 
* 574
+1 3
-1 1
+1 1
cfn=(454)
calls=1 -31 
* 563
+1 3
-1 1
+1 1
cfn=(454)
calls=1 -32 
* 648
+1 3
-1 1
+1 1
cfn=(454)
calls=1 -33 
* 583
+5 1
+1 1
+1 1
+1 1
+1 8

fn=(12) __rtld_malloc_init_stubs
42 1
+1 2
+1 2
+1 2
+1 2
+1 1

fn=(134) strsep
239 2
+3 4
+2 2
+1 4
+4 3
-2 2
+4 28
+5 84
-2 56
+13 1
+4 4
-22 14
+15 14
-15 30

fl=(37) ./elf/./elf/dl-hwcaps.c
fn=(108) _dl_important_hwcaps
172 6
+3 1
-3 3
+3 1
-3 5
+2 1
cfi=(38) ./elf/../sysdeps/x86_64/dl-hwcaps-subdirs.c
cfn=(110) _dl_hwcaps_subdirs_active
calls=1 29 
* 49
+1 1
fi=(40) ./elf/./dl-hwcaps.h
43 1
fe=(37)
174 1
fi=(40)
45 2
+32 1
+1 1
+1 1
fe=(37)
-27 2
cfi=(39) ./elf/./elf/dl-hwcaps_split.c
cfn=(114) _dl_hwcaps_split_masked
calls=1 -1 
* 23
* 2
fi=(40)
-9 1
+2 1
-2 1
+34 2
+1 2
+1 1
fe=(37)
-24 2
-1 2
+1 2
+1 2
+1 2
-5 4
cfi=(39)
cfn=(114)
calls=2 -1 
* 130
* 2
cfi=(39)
cfn=(114)
calls=1 -1 
* 125
* 6
+48 4
fi=(28) ./elf/../include/rtld-malloc.h
-44 2
cfi=(27) ./elf/./elf/dl-minimal-malloc.c
cfn=(78) __minimal_malloc
calls=1 -20 
* 30
fe=(37)
+46 2
-2 1
+2 1
+3 1
+3 1
fi=(40)
-65 1
+2 1
fe=(37)
+67 1
fi=(40)
-66 1
fe=(37)
+66 2
cfi=(39)
cfn=(120) _dl_hwcaps_split
calls=1 -87 
* 13
* 2
fi=(40)
-69 1
+2 1
-2 1
+34 2
+1 2
+1 1
fe=(37)
+48 10
+1 4
+1 2
+1 2
-1 2
-4 4
cfi=(39)
cfn=(114)
calls=2 -74 
* 130
* 2
cfi=(39)
cfn=(114)
calls=1 -74 
* 125
* 6
+8 3
+9 5
+3 8
-2 6
+14 1
+4 1
+1 1
+1 1
-20 3
+19 1
+1 1
-20 2
+8 2
+4 2
-4 3
+4 2
cfi=(42) ./string/../sysdeps/x86_64/multiarch/../multiarch/memcmp-sse2.S
cfn=(122) bcmp
calls=1 -96 
* 19
+1 3
-14 8
+47 1
-4 2
+4 2
-3 1
+7 1
-7 2
+7 1
fi=(28)
56 1
cfi=(27)
cfn=(78)
calls=1 -20 
* 30
* 1
fe=(37)
194 2
+8 1
fi=(40)
43 1
fe=(37)
201 1
80 1
fi=(40)
-35 1
fe=(37)
+35 1
202 1
fi=(40)
77 1
+1 1
fe=(37)
202 3
fi=(40)
79 1
fe=(37)
-2 2
cfi=(39)
cfn=(114)
calls=1 -26 
* 23
* 2
fi=(40)
-34 1
+2 1
fe=(37)
+35 2
fi=(40)
-37 1
+34 2
+1 2
+1 3
fe=(37)
+1 4
+7 2
-7 8
cfi=(29) ./string/../sysdeps/x86_64/multiarch/memmove-vec-unaligned-erms.S
cfn=(126) mempcpy
calls=2 197 
* 26
+4 2
+2 2
+2 2
-2 4
-9 4
cfi=(39)
cfn=(114)
calls=2 -26 
* 130
* 2
cfi=(39)
cfn=(114)
calls=1 -26 
* 125
* 6
213 2
-5 1
+1 1
-1 1
+5 1
+3 9

fl=(64) ./elf/./elf/dl-deps.c
fn=(206) openaux
61 12
+7 2
-4 6
+1 2
-1 14
cfi=(30) ./elf/./elf/dl-load.c
cfn=(166) _dl_map_object
calls=2 1967 
* 5509
* 2
+5 6

fn=(202) _dl_map_object_deps
143 4
+1 2
-1 1
+1 1
-1 2
+1 1
-1 1
+1 1
-1 4
+1 3
-1 1
+1 7
-8 1
+8 2
-8 1
-6 1
-2 1
+16 1
-8 1
-7 1
+1 1
+6 1
+24 4
-28 3
-2 1
+31 1
-33 2
+2 2
+30 2
-30 1
-1 4
+7 4
+24 3
+28 3
-6 1
+46 1
fi=(72) ./elf/../include/scratch_buffer.h
77 1
fe=(64)
+87 1
fi=(72)
-87 1
+1 1
fe=(64)
184 1
+44 4
-31 1
-4 1
+4 5
-4 3
+4 6
+11 12
-18 2
+18 4
417 8
+2 2
+3 2
-3 6
+3 2
-3 2
fi=(28)
56 2
cfi=(27)
cfn=(78)
calls=2 -20 
* 60
fe=(64)
423 6
fi=(28)
56 2
fe=(64)
423 2
+6 2
+1 10
cfi=(29)
cfn=(82) memcpy
calls=2 210 
* 22
+1 10
cfi=(29)
cfn=(82)
calls=2 210 
* 22
+3 2
+1 4
+4 12
188 6
442 9
-1 4
+1 8
183 6
+27 8
+7 2
+4 2
-6 2
+1 2
+1 2
+1 4
+3 6
-2 2
-29 10
+32 112
+6 8
cfi=(30)
cfn=(204) _dl_dst_count
calls=2 +10 
* 118
* 6
+4 4
-2 2
+2 4
cfi=(50) ./elf/./elf/dl-catch.c
cfn=(160) _dl_catch_exception
calls=2 -28 
* 5685
+1 4
+9 2
+2 4
+5 10
+6 2
+2 2
-8 4
+3 2
+1 2
+1 2
+1 2
+4 2
-3 2
+3 6
+4 6
+1 3
-43 230
+7 4
+38 162
fi=(72)
85 3
fe=(64)
448 5
+1 1
+3 4
+11 5
fi=(28)
56 1
cfi=(27)
cfn=(78)
calls=1 -20 
* 30
fe=(64)
465 3
fi=(28)
56 1
fe=(64)
465 1
+5 2
+1 1
-1 3
+4 3
-2 2
+13 3
+5 3
-16 9
+11 3
-7 3
+7 3
-2 6
-5 1
+7 1
-2 2
+2 1
-11 1
+11 1
+5 1
-16 3
+21 3
+37 2
+15 2
-14 2
+20 1
-1 4
+1 4
-1 5
cfi=(13) ./elf/./elf/dl-sort-maps.c
cfn=(232) _dl_sort_maps
calls=1 298 
* 277
+5 1
+2 1
+1 1
+1 2
-2 1
+2 1
+7 3
+3 2
+3 8
198 25
+3 2
fi=(72)
-70 8
cfi=(71) ./malloc/./malloc/scratch_buffer_set_array_size.c
cfn=(228) __libc_scratch_buffer_set_array_size
calls=2 30 
* 50
fe=(64)
+70 6
+4 4
547 4
cfi=(29)
cfn=(82)
calls=1 210 
* 11
* 3
-53 2
144 2

fl=(252) ./elf/./elf/dl-fini.c
fn=(1140) _dl_fini
26 5
+17 1
-17 6
+20 13
+3 2
cob=(2)
cfi=(253) ./nptl/./nptl/pthread_mutex_lock.c
cfn=(1142) pthread_mutex_lock@@GLIBC_2.2.5
calls=1 +28 
* 44
+2 1
+3 2
+2 5
+7 3
-2 1
+2 1
cfi=(48)
cfn=(482) _dl_audit_activity_nsid
calls=1 -22 
* 11
+5 15
+5 1
-5 1
+5 3
+2 8
+2 8
+2 8
+1 4
+1 4
+4 4
-12 12
+14 6
+1 4
+6 6
cfi=(13)
cfn=(232)
calls=1 298 
* 317
+9 2
cob=(2)
cfi=(254) ./nptl/./nptl/pthread_mutex_unlock.c
cfn=(1144) pthread_mutex_unlock@@GLIBC_2.2.5
calls=1 367 
* 34
+5 6
+2 1
+2 2
-2 3
+2 6
+2 16
cfi=(255) ./elf/./elf/dl-call_fini.c
cfn=(1146) _dl_call_fini
calls=4 -90 
* 328
+3 8
cfi=(48)
cfn=(1172) _dl_audit_objclose
calls=4 -20 
* 20
-9 8
+14 4
-14 12
+18 3
cfi=(48)
cfn=(482)
calls=1 -85 
* 11
* 2
+6 4
+2 1
-2 2
+6 2
+7 8
-77 2

fl=(13)
fn=(234) dfs_traversal.part.0
135 72
+10 8
-2 8
+2 16
+2 20
-7 20
+7 40
+9 16
+15 24
+1 8
+1 48
-17 12

fn=(26) _dl_sort_maps_init
289 2
+1 2
-1 2
+1 2
cfi=(11)
cfn=(28)
calls=1 +97 
* 24
+2 3
-1 1
+2 2

fn=(232)
298 24
+8 2
-8 2
+8 4
+4 16
-99 2
-28 2
-2 2
+1 4
+29 2
-28 8
+1 2
-1 2
+1 2
-1 4
+1 6
-1 6
+1 6
-1 12
+28 30
+8 6
-3 2
+2 2
+1 4
-3 2
+5 26
+2 8
-83 40
cfn=(234)
calls=8 -5 
* 292
+86 24
+18 8
+32 8
+7 2
+27 2
-47 6
cfi=(29)
cfn=(82)
calls=2 -53 
* 22
* 2

fl=(25) ./elf/./elf/dl-environ.c
fn=(70) _dl_next_ld_env_entry
28 3
+1 3
+3 83
+13 73
-13 146
+2 150
+1 20
+5 2
-3 2
+3 2
+2 2

fl=(45) ./elf/./elf/dl-debug.c
fn=(150) _dl_debug_state
116 2
+1 2

fn=(196) _dl_debug_update
38 3
+3 3
-1 6
+4 6
+4 3

fn=(144) _dl_debug_initialize
56 3
+3 2
+4 1
+22 1
+10 1
-32 2
+1 1
+21 2
+5 2
+1 1
+4 1
-4 1
-1 1
+2 1
+3 1
+4 2
+8 2
-50 1
+4 2
+35 6

fl=(26) ./elf/./elf/dl-object.c
fn=(72) _dl_new_object
59 45
+3 6
+18 4
+3 2
cfi=(22) ./string/../sysdeps/x86_64/multiarch/../multiarch/strlen-sse2.S
cfn=(62) strlen
calls=2 -26 
* 52
+4 2
-4 2
+4 2
+5 2
-9 6
fi=(28)
-39 4
cfi=(27)
cfn=(74) __minimal_calloc
calls=2 +36 
* 183
fe=(26)
+39 1
fi=(28)
-39 2
cfi=(27)
cfn=(74)
calls=1 +36 
* 47
* 3
fe=(26)
+51 6
+5 3
+4 3
-6 3
+2 3
+4 3
-5 3
+4 3
+1 3
-1 3
+1 6
cfi=(29)
cfn=(82)
calls=3 210 
* 44
* 3
+15 3
-15 3
+2 3
+13 6
+6 1
+2 7
+3 2
-3 14
+3 4
+2 3
+4 3
+3 10
+2 12
-2 8
+2 8
-2 16
+16 6
-5 3
+5 3
-6 3
+6 3
-6 3
+6 6
+2 4
+3 4
-3 4
+7 8
+4 6
+8 1
+13 1
-10 2
+10 5
-10 4
+10 6
+2 2
cfi=(22)
cfn=(62)
calls=2 57 
* 70
+21 2
-21 6
+17 2
-13 6
+50 6
cfi=(29)
cfn=(126)
calls=2 -48 
* 34
* 2
+5 4
+1 4
-1 80
+1 80
+4 4
+1 2
+3 2
+4 27
131 6
-8 2
-4 4
+34 1
+7 4
+8 8
fi=(28)
56 4
cfi=(27)
cfn=(78)
calls=2 -20 
* 60
* 2
fe=(26)
200 4
-1 4
64 2
+2 3
+1 2
+4 6
+6 2

fn=(84) _dl_add_to_namespace_list
31 12
+2 3
-2 6
+2 3
-2 9
+2 3
cfi=(24) ./elf/../sysdeps/nptl/dl-tls_init_tp.c
cfn=(86) rtld_mutex_dummy
calls=3 +9 
* 9
+2 26
+3 20
+2 2
+2 2
+4 2
+4 2
-4 4
+1 4
+1 4
+3 10
-1 2
cfi=(24)
cfn=(86)
calls=2 -8 
* 6
-4 1
+4 1
-4 2
+1 2
+1 2
+3 5
-1 1
cfi=(24)
cfn=(86)
calls=1 -8 
* 3
-5 2

fl=(22)
fn=(62)
57 15
+44 15
+1 15
+1 15
+1 15
+1 15
+1 15
+1 15
+2 15
+2 15
+31 15
+1 15
+1 15
+1 15
+1 15
+1 9
+2 9
+4 6
+1 6
+1 6
+1 6
+1 6
+1 6
+1 6
+1 6
+1 6
+1 6
+1 6
+1 6
+5 48

fl=(23) ./elf/../misc/sbrk.c
fn=(64) sbrk
37 4
+3 1
-3 2
+21 2
+4 2
+16 5

fl=(11)
fn=(58) __GI___tunable_set_val
153 15
-81 40
+81 15
-81 10
+10 5
fi=(260) ./elf/./dl-tunable-types.h
+2 5
fe=(11)
+9 40
+1 25
fi=(12) ./elf/./elf/dl-tunables.h
+47 10
fe=(11)
-26 25
+1 5
+1 5
+1 5
+39 15
fi=(12)
-15 10
fe=(11)
-45 10
+3 5
fi=(12)
+51 5
fe=(11)
-51 5
+4 10
+7 10
+1 10
-12 25

fn=(28)
387 36
+3 72
-3 36
+3 288
+9 33
-9 66
+19 22
+7 216
+2 36
-19 14
+1 14
+9 6

fn=(22) __GI___tunables_init
261 8
+22 1
-22 1
128 1
283 1
-22 1
+6 4
42 380
+6 75
-3 75
+3 6953
+4 150
+4 150
fi=(12)
160 75
fe=(11)
56 150
fi=(12)
161 36
-1 183
+1 261
-1 150
fe=(11)
281 12300
+6 22275
fi=(12)
160 750
+1 1500
-1 35
+1 140
-1 175
fe=(11)
304 8

fl=(38)
fn=(110)
29 1
fi=(19) ./elf/../sysdeps/x86/get-isa-level.h
+2 1
fe=(38)
+7 1
fi=(19)
-8 4
fe=(38)
+22 1
fi=(19)
-20 3
+4 1
fe=(38)
+2 1
fi=(19)
-2 2
+3 4
+1 4
+5 1
fe=(38)
-7 1
fi=(19)
+7 3
fe=(38)
-2 1
fi=(19)
+5 2
+3 5
+2 4
+1 2
+1 2
+3 1
fe=(38)
-10 1
fi=(19)
+10 3
fe=(38)

fl=(147) ./elf/./elf/dl-call-libc-early-init.c
fn=(464) _dl_call_libc_early_init
27 1
+2 2
-2 1
+6 3
-6 3
+6 1
-6 2
+6 1
cfi=(146)
cfn=(460)
calls=1 +41 
* 225
+4 2
+2 3
+2 1
-1 1
-1 1
+2 2
-1 1
cob=(2)
cfi=(148) ./elf/./elf/libc_early_init.c
cfn=(466) __libc_early_init
calls=1 -7 
* 353

fl=(155) ./elf/./elf/dl-init.c
fn=(498) call_init.part.0
26 48
+17 4
+3 4
-3 8
+3 8
+5 6
+8 9
+1 6
cob=(3)
cfi=(153)
cfn=(500)
calls=1 -60 
* 7
+3 3
+1 6
+6 4
+2 4
-2 2
+3 13
+1 4
cob=(2)
cfi=(160) ./libio/./libio/vtables.c
cfn=(518) check_stdfiles_vtables
calls=1 545 
* 12
* 8
cob=(2)
cfi=(157) ./csu/./csu/init-first.c
cfn=(510) _init_first
calls=1 -28 
* 70
cob=(4)
cfi=(156)
cfn=(504)
calls=1 -74 
* 12
-1 9
+3 32
-29 2

fn=(496) _dl_init
81 13
+1 1
+1 1
+3 3
+8 2
+25 1
+1 8
+1 8
-92 8
+6 12
+2 17
+83 6
cfn=(498)
calls=3 -94 
* 204
* 6
+7 8
-98 2
+60 2
-54 3
+2 7
cfn=(498)
calls=1 -11 
* 77
* 2

fl=(46) ./elf/../elf/dl-tls.c
fn=(226) _dl_assign_tls_modid
125 1
+16 1
-13 1
-3 3
+3 1
+55 1
-2 1
+5 1
+1 2

fn=(438) _dl_add_to_slotinfo
1017 8
+9 1
-9 1
+6 1
+4 1
+4 3
+34 2
+3 2
+1 3
+3 6

fn=(440) _dl_allocate_tls_init
523 11
+1 2
+4 1
+6 1
-6 1
+6 1
cfi=(24)
cfn=(86)
calls=1 42 
* 3
+3 3
+12 1
-18 1
+42 3
-19 12
+9 3
+1 2
+6 3
+3 1
-2 1
+2 1
-2 1
+2 4
+4 1
-4 1
+4 1
-1 2
+4 2
+1 4
+2 2
+1 2
+17 1
-8 1
+8 1
+2 4
cfi=(29)
cfn=(126)
calls=1 197 
* 13
* 6
cfi=(43) ./string/../sysdeps/x86_64/multiarch/../multiarch/memset-vec-unaligned-erms.S
cfn=(130) memset
calls=1 132 
* 25
-49 1
+55 1
-55 4
+6 5
+55 2
cfi=(24)
cfn=(86)
calls=1 42 
* 3
+3 2
+3 9

fn=(250) _dl_determine_tlsoffset
216 9
+6 4
+3 2
+36 3
+2 1
-2 1
-2 1
-40 1
-1 1
-1 1
+46 2
+23 3
+3 1
-3 5
+2 2
+6 1
-33 2
+20 1
-20 5
+2 2
+3 1
-1 1
+5 2
-5 1
+1 1
-1 1
+3 2
+2 3
+32 2
-1 1
+53 1
-52 5
+2 2
+51 8

fn=(248) _dl_tls_static_surplus_init
97 2
+3 1
-3 3
+3 1
-3 1
+3 1
-3 1
+3 1
-3 1
+3 1
cfi=(11)
cfn=(28)
calls=1 387 
* 23
* 1
+1 4
cfi=(11)
cfn=(28)
calls=1 387 
* 23
+1 1
+2 1
-3 1
+1 2
+2 3
+3 1
+2 1
-26 3
+28 3
+1 6

fn=(146) _dl_count_modids
192 1
+2 2
+1 1
+15 2

fn=(252) _dl_allocate_tls_storage
417 7
+2 1
+11 1
+1 1
fi=(28)
56 1
cfi=(27)
cfn=(78)
calls=1 -20 
* 85
fe=(46)
432 2
+8 3
fi=(28)
44 1
fe=(46)
440 2
+5 1
-5 1
+1 1
+4 304
+19 1
-99 1
+4 1
+1 1
fi=(28)
44 1
cfi=(27)
cfn=(74)
calls=1 +36 
* 41
fe=(46)
371 2
+3 1
+6 2
+90 7

fl=(39)
fn=(120)
25 5
+1 3
+21 1
-20 1
+20 3

fn=(114)
51 110
-25 44
+36 5
-7 5
+7 35
-26 24
+5 27
cfi=(41) ./string/../sysdeps/x86_64/multiarch/../multiarch/strchr-sse2.S
cfn=(118) index
calls=9 -9 
* 216
* 9
+1 18
+3 6
+11 12
+1 18
+1 12
-2 6
+1 9
+1 6
-28 24
+4 48
+1 12
-1 30
+24 6
+9 12
-5 6
-2 6
+2 42
-19 6
cfi=(22)
cfn=(62)
calls=3 +14 
* 51
* 6

fl=(145) ./elf/../sysdeps/nptl/dl-mutex.c
fn=(458) __rtld_mutex_init
30 2
+10 3
-10 3
+10 1
-10 1
+10 1
-10 1
+7 1
+3 2
cfi=(146)
cfn=(460)
calls=1 +34 
* 233
+4 2
+1 8
+2 3
-2 1
+2 3
cfi=(146)
cfn=(460)
calls=1 +27 
* 223
+4 2
+1 7
+1 6

fl=(41)
fn=(118)
32 15
+1 15
+1 15
+1 15
+1 15
+1 15
+1 15
+1 15
+1 15
+1 15
+1 15
+1 15
+1 15
+1 15
+1 15
+1 15
+1 15
+1 15
+1 13
+4 13
+1 13
+1 13
+1 13
+2 13
+4 2
+1 2
+1 2
+1 2
+1 2
+1 2
+1 2
+1 2
+1 2
+1 2
+1 2
+1 2
+1 2
+1 2
+1 2
+1 2
+1 2
+1 2
+1 2
+1 2
+1 2
+1 2
+1 2
+1 2
+52 2
+4 2
+1 2
+1 2
+1 2
+2 2

fl=(63) ./io/../sysdeps/unix/sysv/linux/access.c
fn=(200) access
25 1
+2 7
+4 1

fl=(77) ./elf/./elf/dl-reloc.c
fn=(262) _dl_relocate_object
207 55
+1 10
+12 4
+4 16
-4 4
+6 12
+3 4
-1 4
+1 8
+22 20
+4 4
+7 6
fi=(6) ./elf/../sysdeps/x86_64/dl-machine.h
81 8
fi=(4) ./elf/../sysdeps/generic/ldsodefs.h
-2 4
fe=(77)
301 8
fi=(4)
79 8
fe=(77)
301 9833
fi=(4)
79 1
fe=(77)
301 1
fi=(4)
79 2
fe=(77)
301 154
-80 8
fi=(6)
393 8
fe=(77)
190 4
+31 4
-31 4
fi=(6)
393 12
fi=(5) ./elf/./elf/do-rel.h
49 4
fe=(77)
301 4
fi=(5)
50 4
+30 4
-31 8
+4 4
-3 4
+3 4
-3 4
+3 12
+27 8
-31 4
fe=(77)
301 4
fi=(5)
50 4
+30 4
-31 8
+4 4
-3 4
+3 4
-3 4
+3 12
+27 8
fe=(77)
301 24
fi=(5)
51 4
fi=(4)
+28 20
fi=(6)
730 8
+4 6
fe=(77)
304 20
+24 4
+3 8
+17 12
+2 40
-98 8
+3 4
+7 2
-9 2
+9 4
fi=(6)
81 4
fi=(5)
+33 24
+9 14
+1 2
fi=(6)
498 2
fi=(5)
124 2
fi=(6)
498 4
fi=(5)
124 13
fi=(6)
498 13
fi=(5)
124 13
fi=(6)
498 26
+5 30
+1 15
fi=(5)
123 15
fi=(6)
504 15
-5 15
fi=(5)
123 30
+3 24
+3 24
+2 21
fe=(77)
+59 6
fi=(5)
73 3
fe=(77)
190 3
fi=(5)
72 3
fe=(77)
190 27
fi=(5)
-57 6
+1 3
+1 3
-2 3
+2 3
+3 3
-5 3
+2 3
-2 3
+1 6
+2 3
-2 3
+2 9
+2 6
-5 450
+1 225
+1 225
-2 225
+2 225
+3 225
-5 225
+2 225
-2 225
+1 450
+2 225
-2 225
+2 675
+2 450
+9 181
fi=(6)
267 362
+7 362
+4 362
fe=(77)
170 724
fi=(4)
-30 498
fe=(77)
+31 332
+3 332
+8 318
-8 1425
+12 316
-3 158
+1 158
+2 634
-3 1
+1 1
+2 163
+1 159
-1 159
+2 318
-1 636
+3 954
cfi=(78)
cfn=(270)
calls=159 772 
* 87816
+3 159
+1 318
-4 159
+4 795
fi=(6)
+93 661
+3 163
-3 504
+3 178
-3 178
+5 374
+25 1086
423 24
fi=(5)
150 24
fi=(6)
423 314
fi=(5)
150 503
-19 921
+33 12
+1 64
+1 189
+3 94
+4 47
-1 47
-3 47
+2 94
+2 47
-2 94
fe=(77)
-1 188
fi=(6)
287 47
+3 47
-3 47
+4 94
476 94
+2 47
cfi=(15) ./elf/../sysdeps/x86/dl-get-cpu-features.c
cfn=(462) __x86_cpu_features
calls=1 71 
* 6
cob=(2)
cfi=(139) ./string/../sysdeps/x86_64/multiarch/strncase.c
cfn=(432) strncasecmp
calls=1 31 
* 21
cob=(2)
cfi=(138) ./string/../sysdeps/x86_64/multiarch/mempcpy.c
cfn=(428) mempcpy
calls=1 33 
* 22
cob=(2)
cfi=(137) ./wcsmbs/../sysdeps/x86_64/multiarch/wcpcpy.c
cfn=(424) wcpncpy
calls=1 31 
* 18
cob=(2)
cfi=(136) ./string/../sysdeps/x86_64/multiarch/strspn.c
cfn=(422) strspn
calls=1 29 
* 7
cob=(2)
cfi=(134) ./string/../sysdeps/x86_64/multiarch/memchr.c
cfn=(418) memchr
calls=1 29 
* 23
cob=(2)
cfi=(133) ./string/../sysdeps/x86_64/multiarch/memmove.c
cfn=(414) memmove
calls=1 29 
* 22
cob=(2)
cfi=(132) ./string/../sysdeps/x86_64/multiarch/stpcpy.c
cfn=(410) stpcpy
calls=1 33 
* 17
cob=(2)
cfi=(131) ./debug/../sysdeps/x86_64/multiarch/memmove_chk.c
cfn=(406) __memmove_chk
calls=1 29 
* 22
cob=(2)
cfi=(129) ./wcsmbs/../sysdeps/x86_64/multiarch/wmemcmp.c
cfn=(402) wmemcmp
calls=1 29 
* 24
cob=(2)
cfi=(128) ./string/../sysdeps/x86_64/multiarch/strncpy.c
cfn=(398) strncpy
calls=1 29 
* 19
cob=(2)
cfi=(127) ./string/../sysdeps/x86_64/multiarch/strlen.c
cfn=(394) strlen
calls=1 29 
* 25
cob=(2)
cfi=(100) ./wcsmbs/../sysdeps/x86_64/multiarch/wcscat.c
cfn=(390) wcscat
calls=1 31 
* 18
cob=(2)
cfi=(126) ./string/../sysdeps/x86_64/multiarch/strcasecmp_l.c
cfn=(386) strcasecmp_l
calls=1 31 
* 21
cob=(2)
cfi=(125) ./string/../sysdeps/x86_64/multiarch/strcpy.c
cfn=(382) strcpy
calls=1 29 
* 17
cob=(2)
cfi=(123) ./wcsmbs/../sysdeps/x86_64/multiarch/wmemset.c
cfn=(378) wmemset
calls=2 31 
* 20
cob=(2)
cfi=(121) ./string/../sysdeps/x86_64/multiarch/memcmp.c
cfn=(374) bcmp
calls=1 29 
* 24
cob=(2)
cfi=(120) ./string/../sysdeps/x86_64/multiarch/strchrnul.c
cfn=(370) strchrnul
calls=1 31 
* 25
cob=(2)
cfi=(119) ./string/../sysdeps/x86_64/multiarch/strncase_l.c
cfn=(366) strncasecmp_l
calls=1 31 
* 21
cob=(2)
cfi=(117) ./string/../sysdeps/x86_64/multiarch/strcat.c
cfn=(362) strcat
calls=1 29 
* 17
cob=(2)
cfi=(116) ./wcsmbs/../sysdeps/x86_64/multiarch/wcscpy.c
cfn=(360) wcscpy
calls=1 60 
* 16
cob=(2)
cfi=(115) ./string/../sysdeps/x86_64/multiarch/strcspn.c
cfn=(358) strcspn
calls=1 29 
* 7
cob=(2)
cfi=(113) ./string/../sysdeps/x86_64/multiarch/strcasecmp.c
cfn=(354) strcasecmp
calls=1 31 
* 21
cob=(2)
cfi=(112) ./string/../sysdeps/x86_64/multiarch/strncmp.c
cfn=(352) strncmp
calls=1 67 
* 21
cob=(2)
cfi=(110) ./wcsmbs/../sysdeps/x86_64/multiarch/wmemchr.c
cfn=(348) wmemchr
calls=2 31 
* 46
cob=(2)
cfi=(108) ./string/../sysdeps/x86_64/multiarch/stpncpy.c
cfn=(344) stpncpy
calls=1 31 
* 19
cob=(2)
cfi=(107) ./wcsmbs/../sysdeps/x86_64/multiarch/wcscmp.c
cfn=(340) wcscmp
calls=1 30 
* 25
cob=(2)
cfi=(106) ./string/../sysdeps/x86_64/multiarch/strrchr.c
cfn=(336) rindex
calls=1 28 
* 25
cob=(2)
cfi=(104) ./debug/../sysdeps/x86_64/multiarch/memset_chk.c
cfn=(332) __memset_chk
calls=1 29 
* 24
cob=(2)
cfi=(103) ./string/../sysdeps/x86_64/multiarch/strchr.c
cfn=(330) index
calls=1 65 
* 19
cob=(2)
cfi=(100)
cfn=(324) wcschr
calls=2 31 
* 50
cob=(2)
cfi=(98) ./string/../sysdeps/x86_64/multiarch/memcmpeq.c
cfn=(320) memcpy@@GLIBC_2.14
calls=1 29 
* 22
cob=(2)
cfi=(96) ./wcsmbs/../sysdeps/x86_64/multiarch/wcsncpy.c
cfn=(316) wcsncpy
calls=1 31 
* 18
cob=(2)
cfi=(95) ./string/../sysdeps/x86_64/multiarch/memrchr.c
cfn=(312) memrchr
calls=1 29 
* 25
cob=(2)
cfi=(94) ./debug/../sysdeps/x86_64/multiarch/memcpy_chk.c
cfn=(308) __memcpy_chk
calls=1 29 
* 22
cob=(2)
cfi=(92) ./debug/../sysdeps/x86_64/multiarch/mempcpy_chk.c
cfn=(304) __mempcpy_chk
calls=1 29 
* 22
cob=(2)
cfi=(91) ./wcsmbs/../sysdeps/x86_64/multiarch/wcslen.c
cfn=(300) wcslen
calls=1 29 
* 19
cob=(2)
cfi=(89) ./string/../sysdeps/x86_64/multiarch/memset.c
cfn=(296) memset
calls=1 29 
* 24
cob=(2)
cfi=(87) ./wcsmbs/../sysdeps/x86_64/multiarch/wcsnlen.c
cfn=(292) wcsnlen
calls=1 30 
* 19
cob=(2)
cfi=(86) ./string/../sysdeps/x86_64/multiarch/strcmp.c
cfn=(290) strcmp
calls=1 79 
* 19
cob=(2)
cfi=(85) ./string/../sysdeps/x86_64/multiarch/strpbrk.c
cfn=(288) strpbrk
calls=1 29 
* 7
cob=(2)
cfi=(83) ./string/../sysdeps/x86_64/multiarch/strnlen.c
cfn=(284) strnlen
calls=2 31 
* 50
cob=(2)
cfi=(81) ./string/../sysdeps/x86/cacheinfo.c
cfn=(280) __x86_cacheinfo
calls=1 86 
* 28
fi=(5)
165 47
fi=(6)
479 47
fi=(5)
165 100
-14 249
fi=(6)
400 48
+2 64
+4 16
+9 16
-9 32
+9 16
fi=(5)
150 32
fi=(6)
320 83
+3 83
-36 75
fi=(5)
141 47
+1 47
-1 141
+2 47
fi=(6)
287 235
fe=(77)
175 63
+3 7
-1 7
+19 7
-18 14
fi=(6)
295 18
+1 27
+11 18
+7 9
cob=(2)
cfi=(104)
cfn=(332)
calls=1 29 
* 24
cob=(2)
cfi=(94)
cfn=(308)
calls=1 29 
* 22
cob=(2)
cfi=(86)
cfn=(290)
calls=1 79 
* 19
cob=(2)
cfi=(121)
cfn=(374)
calls=1 29 
* 24
cob=(2)
cfi=(106)
cfn=(336)
calls=1 28 
* 25
cob=(2)
cfi=(103)
cfn=(330)
calls=1 65 
* 19
cob=(2)
cfi=(127)
cfn=(394)
calls=1 29 
* 25
cob=(2)
cfi=(125)
cfn=(382)
calls=1 29 
* 17
cob=(2)
cfi=(112)
cfn=(352)
calls=1 67 
* 21
* 36
fe=(77)
+42 20
+3 4
-3 4
+3 4
+4 8
+1 16
cfi=(140) ./misc/../sysdeps/unix/syscall-template.S
cfn=(436) mprotect
calls=4 117 
* 24
* 8
-63 6
fi=(5)
180 7
fe=(77)
+10 2
fi=(5)
73 1
fe=(77)
190 3
fi=(6)
436 7
fi=(5)
182 2
+1 2
-1 1
+3 1
-3 4
+3 2
-3 10
+1 10
-1 5
+3 5
-3 20
+3 10
+8 6
fi=(6)
+74 12
+7 12
+4 12
fe=(77)
170 24
fi=(4)
-30 18
fe=(77)
+31 12
+3 12
+8 12
-8 54
+12 12
-3 6
+1 6
+2 36
+4 24
-4 6
+4 18
cfi=(78)
cfn=(270)
calls=6 772 
* 2969
+3 6
+1 12
-4 6
+4 30
fi=(6)
+93 20
+3 2
-3 6
+3 2
-3 2
+5 4
+25 36
423 6
fi=(5)
196 18
-16 24
+31 7
fe=(77)
-33 7
-3 21

fl=(57)
fn=(182)
47 12
+3 24
-3 72
+6 24
+5 72
+2 48
-7 29

fl=(55)
fn=(178)
30 3
+9 12
+33 3

fl=(255)
fn=(1146)
24 32
+4 8
+6 4
-2 4
+3 8
+3 2
+1 2
-1 2
+1 4
+3 8
+1 2
cob=(4)
cfi=(156)
cfn=(1174)
calls=1 -43 
* 98
cob=(5)
cfi=(161)
cfn=(1148)
calls=1 -43 
* 98
-1 8
+5 4
+1 8
+1 4
+1 10
-1 2
cob=(3)
cfi=(153)
cfn=(1190)
calls=1 -49 
* 4
cob=(3)
cfi=(153)
cfn=(1170)
calls=1 -49 
* 4
+1 12

fl=(48)
fn=(152) _dl_audit_activity_map
29 2
+2 1
-2 5
+1 1
+1 2
+6 6

fn=(482)
41 3
+4 12
+1 3
+1 15

fn=(542)
118 1
+1 4

fn=(1172)
97 4
+1 16

fn=(198) _dl_audit_objopen
77 2
+1 8

fl=(15)
fn=(34) _dl_x86_init_cpu_features
37 1
+2 3
+2 1
cfi=(16) ./elf/../sysdeps/x86/cpu-features.c
cfn=(36) init_cpu_features.constprop.0
calls=1 682 
* 7344

fn=(462)
71 1
-32 3
+32 2

fl=(140)
fn=(436)
117 20
+5 4

fn=(486) munmap
117 5
+5 1

fl=(70) ./io/../sysdeps/unix/sysv/linux/pread64_nocancel.c
fn=(224) __pread64_nocancel
25 4
+1 8
+1 2

fl=(8) ./elf/./elf/dl-setup_hash.c
fn=(14) _dl_setup_hash
25 4
+3 4
-3 4
+3 8
+3 12
+1 8
+2 4
-1 4
+3 12
+1 4
+1 8
+7 4
-5 4
-2 4
+3 8
+2 4
+2 8
+5 4

fl=(78)
fn=(270)
772 1014
+3 169
-3 507
+3 169
-3 676
fi=(79) ./elf/../sysdeps/generic/dl-new-hash.h
74 169
+3 338
-8 169
+1 338
+10 169
+1 338
-1 934
+1 1868
+20 1026
-2 1026
+6 1026
-3 2052
+2 1026
-30 1026
+3 2052
fe=(78)
774 169
+1 169
+3 169
-4 169
+1 169
+7 658
+5 169
-2 169
+2 169
-2 169
+6 2401
+1 2366
cfn=(274) do_lookup_x
calls=169 347 
* 62699
* 507
+28 169
-23 507
+23 169
-23 338
+24 956
+7 162
-7 162
+35 648
+34 648
-20 486
+3 324
-57 169
+76 1521
fi=(79)
87 77
+1 77
+1 154
+1 77
fe=(78)
871 2
-72 42
+18 21
+11 28

fn=(276) check_match
70 2475
+3 986
+13 163
-13 163
+13 163
-13 163
+13 489
+3 730
cfi=(32)
cfn=(94)
calls=101 +9 
* 4901
* 202
+4 163
+1 326
+2 322
+19 322
+1 1288
+2 2
+43 162
+1 1320
-18 4
+2 4
+1 2
-1 4
+1 6
-1 4
-68 2
+39 480
cfi=(32)
cfn=(94)
calls=160 -19 
* 4273
* 320
-44 8
+5 4

fn=(274)
347 1521
+1 169
-1 676
+6 169
-6 169
+65 169
-58 169
+11 169
+50 169
-3 338
+3 338
-50 169
+50 676
-19 1605
+8 535
-4 535
+1 535
+3 2140
+1 1070
+3 535
-3 535
+4 1070
+4 1070
-2 535
+5 2140
+3 3745
+99 1119
358 1070
+3 1070
+4 1070
+21 1070
+4 1070
+71 1296
fi=(4)
139 324
+1 486
fe=(78)
476 324
fi=(80) ./elf/../sysdeps/generic/dl-protected.h
29 648
fe=(78)
483 1172
+16 324
+1 162
+22 162
-21 162
+21 1134
-99 492
-1 328
+2 328
+2 164
+6 656
-6 164
+6 1148
+7 651
-10 1895
+2 165
+1 495
-1 165
+1 330
-1 165
+1 165
+1 165
-1 165
+1 165
-1 1155
cfn=(276)
calls=165 70 
* 19451
+4 495
+3 6
+31 16
+52 7
-1 7
+1 49
-35 93

fl=(54) ./io/../sysdeps/unix/sysv/linux/read_nocancel.c
fn=(174) __read_nocancel
25 2
+1 8
+1 2

fl=(1) ???
fn=(0) 0x000000000001f540
0 2
cfi=(2) ./elf/./elf/rtld.c
cfn=(2) _dl_start
calls=1 517 
0 205499
0 8
cfi=(76) ./elf/../sysdeps/x86_64/dl-cet.c
cfn=(492) _dl_cet_setup_features
calls=1 331 
0 4
0 10
cfi=(155)
cfn=(496)
calls=1 81 
0 391
0 3
cob=(5)
cfi=(161)
cfn=(522)
calls=1 0 
0 55182

fl=(58) ./misc/../sysdeps/unix/sysv/linux/setvmaname.c
fn=(184) __set_vma_name
33 2
+2 7
-2 4
+7 1
-7 2
+7 1
-7 2
+7 1
-7 1
+7 1
cfi=(11)
cfn=(28)
calls=1 387 
* 24
* 3
+7 1
+2 6

fl=(73) ./elf/./elf/dl-version.c
fn=(240) _dl_check_all_versions
392 7
+4 5
-2 1
+4 24
cfn=(242) _dl_check_map_versions
calls=4 155 
* 4706
-2 4
+2 12
-1 4
-1 8
+5 7

fn=(242)
155 40
+15 12
+2 20
+2 4
+1 4
+2 8
+3 4
-16 4
+20 2
-4 2
-24 2
+28 14
+16 4
36 2
200 2
36 14
+1 5
-1 10
+2 21
cfi=(52)
cfn=(168)
calls=7 +30 
* 664
* 16
208 6
+5 2
fi=(261) ./elf/../sysdeps/generic/_itoa.h
76 6
fe=(73)
213 4
+4 4
+1 4
-1 4
+4 2
-3 2
+3 2
-3 6
-1 16
+1 16
-1 16
+4 8
-3 8
+3 8
-3 59
56 40
+8 30
+6 30
+16 10
+1 20
+2 10
+5 70
+14 252
+12 348
+4 116
-30 232
231 40
+3 30
+5 8
-24 8
110 10
+3 50
cfi=(32)
cfn=(94)
calls=10 -15 
* 360
* 30
224 30
+4 4
+15 6
+14 10
+3 4
+3 14
+3 8
+4 2
-7 8
+3 6
+4 44
-7 176
+3 134
+8 6
+6 6
fi=(28)
44 3
fe=(73)
280 6
fi=(28)
44 3
cfi=(27)
cfn=(74)
calls=3 +36 
* 123
fe=(73)
281 6
-2 3
fi=(28)
44 3
fe=(73)
281 3
+13 3
-3 3
+3 12
+2 6
+3 8
+4 6
+7 10
+1 10
-1 30
+1 10
+1 10
-2 10
+2 20
+1 30
+3 30
+5 8
-15 8
+2 8
-2 8
+2 8
-2 8
+2 16
-2 2
+2 2
-2 2
+2 2
-2 2
+2 4
+16 6
+10 4
+3 4
+4 46
+6 46
+1 46
+1 46
-1 138
+1 46
-1 46
+1 46
+1 46
+3 138
+4 46
-14 96
+10 6
+12 4
+1 4
+1 4
+1 2
+19 36
164 2
-8 2
257 5
+17 3
+60 2
-40 2
+76 4
+2 4
+4 2
-4 120
+1 60
+2 1
+1 2
-1 1
+1 1
cfi=(32)
cfn=(244) strncmp
calls=1 98 
* 32
* 2

fl=(67) ./elf/./elf/dl-cache.c
fn=(222) _dl_cache_libcmp
357 11
+1 11
+32 11
-33 11
+1 24
+2 54
+2 54
-2 108
+20 106
+2 106
-12 43
+2 43
+14 43
+1 43
-29 86
+32 3
-28 2
+6 1
+2 1
-2 1
+1 1
-1 1
+1 1
-1 1
+2 3
+2 1
-3 1
+3 3
+2 2
+9 30

fn=(214) _dl_load_cache_lookup
403 10
+2 2
+3 3
+74 1
205 1
482 2
+3 3
fi=(69) ./elf/../sysdeps/x86/dl-procinfo.h
39 2
+3 3
cfi=(32)
cfn=(94)
calls=1 +56 
* 25
* 4
fe=(67)
208 6
cfi=(11)
cfn=(28)
calls=1 387 
* 23
* 1
+12 1
-10 1
-2 1
+12 2
-7 5
+9 5
+1 1
-32 2
+36 1
-4 1
+4 2
-5 45
+1 9
-32 18
+36 9
-4 9
+4 18
+4 30
cfn=(222)
calls=10 357 
* 733
+1 20
346 9
+3 4
220 8
347 5
220 12
+2 10
+20 2
+3 2
+2 4
cfn=(222)
calls=1 357 
* 73
* 2
-7 2
-30 3
+1 1
fi=(262) ./elf/../sysdeps/x86/dl-isa-level.h
28 2
fe=(67)
210 2
fi=(262)
28 1
fe=(67)
210 1
+1 1
-1 3
+76 3
fi=(262)
28 3
fe=(67)
259 2
+10 3
+1 4
+16 1
fi=(68) ./elf/../sysdeps/generic/dl-cache.h
125 1
fe=(67)
286 3
+9 2
+3 2
+3 1
+1 3
+28 2
500 2
+12 2
cfi=(22)
cfn=(62)
calls=1 57 
* 35
+1 1
-1 1
+1 12
+1 1
-1 1
+1 1
-1 1
+1 1
cfi=(29)
cfn=(82)
calls=1 210 
* 11
* 1
+1 1
cfi=(44) ./string/./string/strdup.c
cfn=(138) strdup
calls=1 40 
* 95
+1 8
411 4
cfi=(52)
cfn=(216)
calls=1 36 
* 103
* 1
+8 5
+1 8
+3 3
+1 1
-1 3
fi=(68)
194 1
+1 5
fe=(67)
431 1
+1 2

fn=(484) _dl_unload_cache
525 1
+1 4
-1 1
+3 1
-3 1
+3 1
cfi=(140)
cfn=(486)
calls=1 117 
* 6
+7 1
-6 1
+4 1
+2 1

fl=(44)
fn=(138)
40 18
+1 3
cfi=(22)
cfn=(62)
calls=3 +16 
* 87
* 3
fi=(263) ./string/../include/rtld-malloc.h
+15 6
cfi=(27)
cfn=(78)
calls=3 -20 
* 90
fe=(44)
-12 6
+3 9
+1 9
-1 3
cfi=(29)
cfn=(82)
calls=3 210 
* 41

fl=(24)
fn=(256) __tls_init_tp
68 2
fi=(264) ./elf/../include/list.h
-24 1
fe=(24)
+24 3
fi=(264)
-25 1
fe=(24)
+26 1
+3 1
fi=(264)
-29 1
+1 1
+1 1
+2 1
fe=(24)
+28 4
+1 2
+1 1
+5 2
+5 1
+6 1
-3 1
+3 1
-6 3
+6 1
+12 4
cfi=(11)
cfn=(28)
calls=1 387 
* 24
fi=(75) ./elf/../sysdeps/unix/sysv/linux/rseq-internal.h
-73 3
+8 1
fe=(24)
+81 3
+7 2
+1 3
fi=(75)
-95 7
+3 2
fe=(24)

fn=(86)
42 8
+2 16

fn=(68) __tls_pre_init_tp
53 3
+3 8
+5 1
-5 1
+5 1
+1 1
-6 1
+8 1

fl=(50)
fn=(236) _dl_receive_error
186 2
58 1
186 4
+2 1
-2 1
58 1
+1 1
+11 1
192 1
+2 1
cfi=(2)
cfn=(238) version_check_doit
calls=1 674 
* 4793
69 2
+1 1
198 1
-1 1
+1 3

fn=(160)
204 18
58 3
204 6
+3 6
+22 3
-1 3
+1 3
58 6
235 9
cfi=(51) ./setjmp/../sysdeps/x86_64/setjmp.S
cfn=(162) __sigsetjmp
calls=3 31 
* 72
* 9
+2 9
cfi=(64)
cfn=(206)
calls=2 61 
* 5553
cfi=(2)
cfn=(164) map_doit
calls=1 641 
* 2662
69 3
+1 3
-1 3
+1 3
239 12
-25 3
+34 9
59 6
+11 9

fn=(158) _dl_catch_error
254 6
+2 1
-2 6
+2 1
cfn=(160)
calls=1 -52 
* 2728
+1 2
+1 1
+1 1
-1 1
+1 1
+2 6

fl=(71)
fn=(228)
30 26
+4 2
+1 4
+10 4
+18 2
-17 2
+17 10

fl=(65) ./io/../sysdeps/unix/sysv/linux/stat64.c
fn=(210) stat
28 6
+1 12
cfi=(66) ./io/../sysdeps/unix/sysv/linux/fstatat64.c
cfn=(212) fstatat
calls=3 146 
* 28

fl=(43)
fn=(130)
132 7
+1 35
+5 7
+1 7
+3 2
+1 2
244 2
+1 2
+12 2
+3 2
+1 2
+12 2
+1 2
+13 2
+1 2
+2 2
+3 1
+3 2
+3 1
+1 1
+1 1
+1 1
+1 1
+1 1
+1 1
-6 34
+1 34
+1 34
+1 34
+1 34
+1 34
+1 34
+3 2
+1 2
+1 2
+1 2
+5 2
+34 5
+2 5
+1 5
+39 5
+1 5
+2 5

fl=(27)
fn=(78)
36 192
+1 72
+11 69
+3 23
-3 23
+3 46
-3 2
+3 1
-3 1
+3 90
+19 24
+1 24
+2 144
-17 8
+1 4
+2 2
+1 14
cfi=(57)
cfn=(182)
calls=2 -13 
* 52
* 2
+2 4
+2 8
cfi=(58)
cfn=(184)
calls=2 -31 
* 56
+1 6
+2 2
+4 2
-4 4
-24 1
-1 1
+1 1
+1 2
-2 2

fn=(142) __minimal_free
97 1
+2 4

fn=(74)
80 8
+4 8
-4 32
+7 8
+1 24
fi=(28)
-32 8
cfi=(27)
cfn=(78)
calls=8 -20 
* 347
fe=(27)

fl=(29)
fn=(82)
210 16
+1 16
+6 16
+1 16
+2 10
+1 10
+1 10
+2 7
+1 7
+1 7
+2 7
+80 6
+1 6
+2 1
+4 1
+1 1
+1 1
+1 1
+1 1
+4 1
+2 1
+39 5
+1 5
+1 5
+1 5
+1 5
+7 3
+1 3
+1 3
+1 3
+1 3
+1 3
+1 3
+11 3
+1 3
+2 3
+1 3
+1 3

fn=(126)
197 13
+1 13
+1 13
+1 13
+17 13
+1 13
+2 5
+1 5
+1 5
+2 4
+1 4
+1 4
+2 4
+80 8
+1 8
+2 1
+4 1
+1 1
+1 1
+8 1
+39 7
+1 7
+1 7
+1 7
+1 7
+7 1
+1 1
+1 1
+1 1
+1 1
+1 1
+1 1
+11 1
+1 1
+2 1
+1 1
+1 1

fl=(30)
fn=(176) _dl_map_object_from_fd
944 20
+15 2
-15 4
+15 2
-15 4
+15 4
+77 8
+10 4
+7 14
cfi=(26)
cfn=(72)
calls=2 59 
* 861
* 2
+1 4
+11 2
+5 2
-4 2
-1 2
+2 2
+2 2
-2 2
+2 4
+1 6
+1 2
+19 2
-2 1
+2 12
-2 1
+2 28
+10 2
-10 2
+10 6
+27 2
-33 2
-3 2
+2 2
-1 2
+35 2
+9 2
-50 2
+41 2
+9 2
-36 2
+63 10
-62 86
+26 56
+8 16
+1 8
-1 8
+1 32
+1 8
-1 8
+1 8
+2 8
-2 8
+2 8
+2 8
-4 8
+1 8
+3 8
-4 8
+4 40
+2 16
+13 16
+1 30
+5 6
+1 54
-28 12
-35 18
+62 2
+1 18
-28 4
-35 51
+1 127
1213 2
1100 2
1213 4
1100 6
1218 14
+10 6
+1 2
-1 2
+1 2
-1 6
+1 6
-1 6
+1 6
-1 18
1066 4
1235 4
+10 8
+7 8
fi=(59) ./elf/./dl-map-segments.h
28 2
fe=(30)
1252 6
fi=(59)
28 4
+1 16
cfi=(57)
cfn=(182)
calls=2 +18 
* 56
+73 4
-1 2
-72 2
+73 2
+3 4
+1 2
+2 2
-3 2
+1 2
+2 2
+17 2
-44 2
fi=(60) ./elf/./dl-load.h
+10 16
fi=(59)
+58 32
+6 2
+2 2
-2 2
+1 2
+2 4
-1 4
+3 4
+5 4
+3 6
+8 12
cfi=(43)
cfn=(130)
calls=2 -44 
* 287
* 2
+6 4
+12 8
-59 48
+2 24
+2 48
cfi=(57)
cfn=(182)
calls=6 -92 
* 126
* 12
fe=(30)
1264 2
fi=(56) ./elf/../sysdeps/posix/dl-fileid.h
37 4
cfi=(55)
cfn=(178)
calls=2 -7 
* 12
* 4
fe=(30)
989 4
fi=(56)
40 6
fe=(30)
989 2
fi=(56)
40 2
fe=(30)
989 23
+1 10
fi=(56)
49 12
fe=(30)
1519 18
1074 13
+1 2
-1 1
+1 1
-1 1
+1 1
cfi=(70)
cfn=(224)
calls=1 25 
* 7
* 2
+46 2
+1 1
-15 4
+7 2
+2 2
-2 2
+1 2
+1 2
-1 4
+1 16
+60 3
+5 1
-1 2
+5 1
-5 2
-66 1
+71 4
+1 1
+3 1
-3 1
+8 4
+15 4
+1 2
1008 4
1268 8
+1 6
fi=(61) ./elf/./elf/get-dynamic-info.h
39 4
+6 2
-2 2
+11 2
+1 2
-10 4
+8 3
+15 3
-23 12
+23 44
-23 176
+4 94
+3 13
-1 26
+3 40
+1 32
+1 10
+16 8
+12 7
+1 8
+1 8
+1 8
+1 7
+1 7
+1 7
+1 8
+12 2
+7 2
-7 14
+7 5
+5 2
+7 2
+1 6
+6 6
+1 3
+17 6
+5 2
+2 2
+2 2
+2 2
+4 6
+2 6
+1 4
+9 4
+6 4
+4 4
fe=(30)
1275 4
+1 4
+2 4
+10 6
+19 6
+2 12
+52 6
+1 2
+6 18
+1 42
+6 8
cfn=(88) _dl_process_pt_gnu_property
calls=2 868 
* 154
-7 52
+1 25
+6 25
-6 50
fi=(31) ./elf/../sysdeps/x86/dl-prop.h
149 8
fe=(30)
1380 4
cfi=(62)
cfn=(194)
calls=2 25 
* 12
* 4
+13 4
+2 8
+2 4
+16 4
cfi=(8)
cfn=(14)
calls=2 25 
* 54
+4 4
+1 4
+17 4
+1 1
+3 1
+5 1
-5 1
+5 1
-5 1
+5 1
-5 1
+5 1
+5 4
+12 16
+10 4
+1 4
+5 2
cfi=(46)
cfn=(226)
calls=1 125 
* 12
+7 6
cfi=(26)
cfn=(84)
calls=2 31 
* 106
+3 4
+4 4
cfi=(45)
cfn=(196)
calls=2 38 
* 14
* 2
+1 6
+22 14
+1 6
cfi=(48)
cfn=(198)
calls=2 77 
* 10
* 2
fi=(60)
92 4
+2 1
-1 1
+1 1
-1 1
+1 1
-1 1
+1 1
-1 2
+3 4
fi=(61)
-37 8
+3 8
+2 8
181 3
-22 2
fe=(30)
1510 4
1074 2
fi=(59)
186 8
cfi=(57)
cfn=(182)
calls=1 47 
* 21
+3 2
fe=(30)
1462 6
+2 1
-1 5
+1 1
-1 1
+1 1
-1 1
cfi=(32)
cfn=(94)
calls=1 98 
* 25
* 2
+2 5

fn=(88)
868 3
+8 3
-8 6
+8 3
-6 3
+12 6
-13 3
+13 3
-13 3
+13 6
+3 9
+1 6
+1 6
+3 9
+1 9
+4 3
+1 6
+22 3
+2 3
-2 6
+2 9
-20 10
+1 5
+3 10
+3 5
+1 20
fi=(31)
95 20
+7 10
+16 5
-3 10
254 6
+1 3
+2 12
+3 3
-8 4
+5 2
-4 2
+4 6
+3 2
-2 1
fe=(30)

fn=(106) _dl_init_paths
706 11
+14 1
-14 2
+14 2
cfi=(37)
cfn=(108)
calls=1 172 
* 1244
fi=(28)
56 1
fe=(30)
720 1
fi=(28)
56 1
cfi=(27)
cfn=(78)
calls=1 -20 
* 30
fe=(30)
725 1
+2 3
+8 2
-1 3
+5 3
fi=(28)
56 1
cfi=(27)
cfn=(78)
calls=1 -20 
* 30
fe=(30)
739 1
+2 4
+7 1
+8 1
+2 1
+12 2
-23 1
+9 1
+11 1
-4 1
-5 1
+3 2
+7 2
+2 2
-11 1
+11 3
-8 1
+4 1
+1 3
+1 16
cfi=(43)
cfn=(130)
calls=4 132 
* 56
+2 15
-14 3
+10 3
+4 9
-12 3
-2 3
+2 3
+4 3
-3 3
+3 3
+1 3
-2 3
+5 9
+1 6
+3 1
+15 1
-8 1
+5 1
-6 1
+9 2
+2 4
+2 3
+36 5
+2 2
cfi=(22)
cfn=(62)
calls=1 57 
* 17
* 9
-19 1
-2 1
+2 2
+19 9
cfi=(29)
cfn=(82)
calls=1 210 
* 11
* 1
+5 4
-1 2
+2 1
+1 2
-2 4
+1 13
+1 26
-2 52
+5 1
fi=(28)
56 1
cfi=(27)
cfn=(78)
calls=1 -20 
* 30
fe=(30)
836 1
fi=(28)
56 1
fe=(30)
838 2
+6 6
cfn=(132) fillin_rpath.isra.0
calls=1 468 
* 581
+3 3
+6 1
+4 8
-35 2
+5 2

fn=(166)
1967 36
+8 6
+1 12
+3 51
+5 49
+2 21
cfi=(52)
cfn=(168)
calls=7 68 
* 769
* 14
+4 12
+1 18
+4 2
-1 10
+1 2
+1 2
-1 2
+1 4
cfi=(32)
cfn=(94)
calls=2 98 
* 50
* 4
2270 29
2011 6
-1 4
+9 2
-50 2
+50 4
+17 4
-2 2
+2 2
cfi=(41)
cfn=(118)
calls=2 32 
* 48
* 4
2202 2
-1 3
cfn=(136) expand_dynamic_string_token
calls=1 385 
* 175
+6 1
-7 1
+1 1
+2 2
+4 7
cfn=(170) open_verify.constprop.0
calls=1 1572 
* 106
+3 2
-3 1
+3 1
+12 4
+45 1
+1 5
-1 1
+1 8
cfn=(176)
calls=1 944 
* 1940
-1 1
+1 5
-1 1
+1 8
cfn=(176)
calls=1 944 
* 2374
* 6
2040 2
cfi=(22)
cfn=(62)
calls=1 57 
* 17
* 2
+2 2
+7 4
+51 13
cfn=(208) open_path
calls=1 1812 
* 580
+6 1
-6 1
+6 2
2222 4
+46 2
682 1
2107 1
682 2
2135 2
cfi=(67)
cfn=(214)
calls=1 403 
* 1487
* 1
+2 2
+4 2
+31 1
-23 2
+23 7
cfn=(170)
calls=1 1572 
* 137
+4 2
-4 1
+4 1
+1 1
+17 2
2074 5
682 1
2075 1
682 3
2099 2
+1 2
-47 1
+1 1
696 5
2058 3
682 1
2059 1
682 2
2073 5
+1 2
+41 1
+14 2
+2 3
-47 2

fn=(170)
1572 50
+32 5
-32 10
+32 10
+19 20
cfi=(53)
cfn=(172)
calls=5 28 
* 109
* 5
+2 10
+8 2
+1 4
+5 2
-5 2
+5 10
cfi=(54)
cfn=(174)
calls=2 25 
* 12
+2 4
+2 4
+2 4
+6 4
+17 26
+81 4
+5 4
+6 8
+6 4
+6 2
+1 2
-1 6
+1 6
+26 45
-22 13
+1 2
-1 1
+1 1
cfi=(70)
cfn=(224)
calls=1 25 
* 7
* 2
1668 3
-59 6
1777 2

fn=(204)
238 4
+3 2
-3 10
+7 2
-7 4
+3 2
cfi=(41)
cfn=(118)
calls=2 32 
* 72
+3 4
+20 18

fn=(136)
385 18
241 4
385 2
241 2
cfi=(41)
cfn=(118)
calls=2 32 
* 72
+3 4
410 2
-11 2
+11 12
-11 2
cfi=(44)
cfn=(138)
calls=2 40 
* 180

fn=(132)
468 9
+4 1
-4 8
+6 3
cfi=(7)
cfn=(134)
calls=1 239 
* 240
* 3
cfi=(7)
cfn=(134)
calls=1 239 
* 8
* 6
+7 2
+2 3
cfn=(136)
calls=1 -98 
* 125
* 1
+4 2
+5 2
cfi=(22)
cfn=(62)
calls=1 57 
* 17
* 1
+1 2
+7 5
+9 15
+1 8
fi=(28)
50 2
cfi=(27)
cfn=(142)
calls=1 +47 
* 5
+1 1
fe=(30)
528 4
+4 4
fi=(28)
56 1
cfi=(27)
cfn=(78)
calls=1 -20 
* 30
* 1
fe=(30)
534 2
+5 1
+1 2
-1 1
-1 1
+2 1
cfi=(29)
cfn=(126)
calls=1 197 
* 13
+3 1
-3 1
+1 1
+2 1
+6 1
+1 1
-1 3
+1 5
+1 1
-1 1
+1 1
-1 3
+1 1
-1 2
+1 1
+2 2
+1 3
+1 1
+6 2
+1 1
+3 3
-60 2
-22 2
+88 1
+3 8
-24 2

fn=(208)
1812 8
+1 1
-1 3
+1 1
+6 2
+5 17
+67 2
-74 1
+7 3
+57 1
-65 1
+65 1
+10 2
-64 2
+8 6
+7 2
-11 1
+12 1
-1 4
cfi=(29)
cfn=(126)
calls=1 197 
* 13
+1 21
+3 6
+5 21
cfi=(29)
cfn=(126)
calls=3 197 
* 39
* 12
cfi=(29)
cfn=(126)
calls=3 197 
* 39
+3 6
+6 9
+3 21
cfn=(170)
calls=3 1572 
* 168
* 3
+2 9
+2 6
+93 9
-88 6
+1 21
+6 3
+2 6
-2 6
+2 3
cfi=(65)
cfn=(210)
calls=3 28 
* 46
* 3
+3 3
-3 6
+1 2
+9 8
+2 1
-2 2
+2 3
+44 8
+6 2
-2 1
+2 2
+3 3
1822 2
+2 2

fl=(53)
fn=(172)
28 12
+3 6
-3 12
+3 36
+8 42
+2 6
-2 9
+2 6

fl=(51)
fn=(162)
31 3
+2 3
+9 3
+1 6
+1 3
+4 3
+1 3
+1 3
+1 3
+1 3
+2 6
+2 3
+1 3
+1 3
+2 6
+2 3
+8 3
+3 3
+1 3
+7 3
+1 3

fl=(42)
fn=(122)
59 1
+12 1
+1 1
+22 1
+1 1
+45 1
+1 1
+2 1
+1 1
+2 1
+1 1
+2 1
+1 1
+47 1
+1 1
+1 1
+1 1
+1 1
+1 1

fl=(32)
fn=(244)
98 1
+27 1
+1 1
+1 1
+1 1
+1 1
+2 1
+1 1
+2 1
+1 1
+21 1
+1 1
+1 1
+1 1
+1 1
+1 1
+1 1
+1 1
+17 1
+1 1
+1 1
+1 1
+1 1
+1 1
+1 1
2104 1
+3 1
+1 1
+2 1
+1 1
+8 1
+1 1

fn=(94)
98 314
+33 314
+1 314
+2 314
+1 314
+21 314
+1 314
+1 268
+1 268
+1 248
+1 248
+1 248
+1 248
+17 248
+1 248
+1 248
+1 248
+1 248
+1 248
+1 248
+5 16
+1 48
+9 16
+1 16
+1 16
+1 16
+1 16
+1 16
+1 16
+1 16
-7 66
+1 66
+1 66
+1 66
+1 66
+1 66
+1 66
+1 66
+1 80
+1 39
+1 39
+1 39
+2 39
+1 39
+1 39
+1 39
+1 39
+1 39
-5 41
+1 41
+1 41
+1 41
+1 41
+1 41
+10 2
+1 2
+1 2
+2 2
+6 2
+1 2
+1 2
+1 2
+1 2
+5 2
+52 6
+1 6
+1 6
+1 6
+1 6
+2 6
+1 6
+1 6
+1 6
+1 6
+1 6
+1 6
+1 6
+3 6
+1 6
+1 6
+6 6
+1 6
+1 12
+4 6
+1 6
+3 6
+1 6
+1 6
+2 6
+1 6
+1 6
+4 6
+1 6
+1 6
+1 6
+1 6
+1 6
+75 3
+1 3
+1 3
+1 3
+1 3
+2 3
+1 3
+1 3
+1 3
+1 3
+1 3
+1 3
+1 3
+3 3
+1 3
+1 3
+6 3
+1 3
+1 6
+4 3
+1 3
+3 3
+1 3
+1 3
+2 3
+1 3
+1 3
+4 3
+1 3
+1 3
+1 3
+1 3
+1 3
+69 1
+1 1
+1 1
+1 1
+1 1
+2 1
+1 1
+1 1
+1 1
+1 1
+1 1
+1 1
+1 1
+4 1
+1 1
+1 1
+6 1
+1 1
+1 2
+4 1
+1 1
+3 1
+1 1
+1 1
+2 1
+1 1
+1 1
+4 1
+1 1
+1 1
+1 1
+1 1
+1 1
+69 3
+1 3
+1 3
+1 3
+1 3
+2 3
+1 3
+1 3
+1 3
+1 3
+1 3
+1 3
+1 1
+4 1
+1 1
+1 1
+6 1
+1 1
+1 2
+4 1
+1 1
+3 1
+1 1
+1 1
+2 1
+1 1
+1 1
+4 1
+1 1
+1 1
+1 1
+1 1
+1 1
+69 1
+1 1
+1 1
+1 1
+1 1
+2 1
+1 1
+1 1
+1 1
+1 1
+1 1
+1 1
899 5
+1 5
+1 5
+1 5
+1 5
+2 5
+1 5
+1 5
+1 5
+1 5
+1 5
+1 5
+1 4
+4 4
+1 4
+1 4
+6 4
+1 4
+1 8
+4 4
+1 4
+3 4
+1 4
+1 4
+2 4
+1 4
+1 4
+4 4
+1 4
+1 4
+1 4
+1 4
+1 4
+7 2
+1 2
+2 2
+1 2
+2 2
+1 2
+1 2
+2 2
+1 2
+1 2
+4 2
+1 2
+1 2
+1 2
+1 2
+1 2
+41 5
+1 5
+1 5
+1 5
+1 5
+2 5
+1 5
+1 5
+1 5
+1 5
+1 5
+1 5
+1 5
+4 5
+1 5
+1 5
+6 5
+1 5
+1 10
+4 5
+1 5
+3 5
+1 5
+1 5
+2 5
+1 5
+1 5
+4 5
+1 5
+1 5
+1 5
+1 5
+1 5
+69 4
+1 4
+1 4
+1 4
+1 4
+2 4
+1 4
+1 4
+1 4
+1 4
+1 4
+1 4
+1 1
+4 1
+1 1
+1 1
+6 1
+1 1
+1 2
+4 1
+1 1
+3 1
+1 1
+1 1
+2 1
+1 1
+1 1
+4 1
+1 1
+1 1
+1 1
+1 1
+1 1
+69 7
+1 7
+1 7
+1 7
+1 7
+2 7
+1 7
+1 7
+1 7
+1 7
+1 7
+1 7
+1 3
+4 3
+1 3
+1 3
+6 3
+1 3
+1 6
+4 3
+1 3
+3 3
+1 3
+1 3
+2 3
+1 3
+1 3
+4 3
+1 3
+1 3
+1 3
+1 3
+1 3
+69 2
+1 2
+1 2
+1 2
+1 2
+2 2
+1 2
+1 2
+1 2
+1 2
+1 2
+1 2
+1 1
+4 1
+1 1
+1 1
+6 1
+1 1
+1 2
+4 1
+1 1
+3 1
+1 1
+1 1
+2 1
+1 1
+1 1
+4 1
+1 1
+1 1
+1 1
+1 1
+1 1
+69 12
+1 12
+1 12
+1 12
+1 12
+2 12
+1 12
+1 12
+1 12
+1 12
+1 12
+1 12
+1 7
+4 7
+1 7
+1 7
+6 7
+1 7
+1 14
+4 7
+1 7
+3 7
+1 7
+1 7
+2 7
+1 7
+1 7
+4 7
+1 7
+1 7
+1 7
+1 7
+1 7
+69 8
+1 8
+1 8
+1 8
+1 8
+2 8
+1 8
+1 8
+1 8
+1 8
+1 8
+1 8
+1 6
+4 6
+1 6
+1 6
+6 6
+1 6
+1 12
+4 6
+1 6
+3 6
+1 6
+1 6
+2 6
+1 6
+1 6
+4 6
+1 6
+1 6
+1 6
+1 6
+1 6
+7 1
+1 1
+2 1
+1 1
+2 1
+1 1
+1 1
+2 1
+1 1
+1 1
+4 1
+1 1
+1 1
+1 1
+1 1
+1 1
+41 13
+1 13
+1 13
+1 13
+1 13
+2 13
+1 13
+1 13
+1 13
+1 13
+1 13
+1 13
+1 9
+4 9
+1 9
+1 9
+6 9
+1 9
+1 18
+4 9
+1 9
+3 9
+1 9
+1 9
+2 9
+1 9
+1 9
+4 9
+1 9
+1 9
+1 9
+1 9
+1 9
+7 1
+1 1
+2 1
+1 1
+2 1
+1 1
+1 1
+2 1
+1 1
+1 1
+4 1
+1 1
+1 1
+1 1
+1 1
+1 1
+41 6
+1 6
+1 6
+1 6
+1 6
+2 6
+1 6
+1 6
+1 6
+1 6
+1 6
+1 6
+1 4
+4 4
+1 4
+1 4
+6 4
+1 4
+1 8
+4 4
+1 4
+3 4
+1 4
+1 4
+2 4
+1 4
+1 4
+4 4
+1 4
+1 4
+1 4
+1 4
+1 4
+69 4
+1 4
+1 4
+1 4
+1 4
+2 4
+1 4
+1 4
+1 4
+1 4
+1 4
+1 4
+2 2
+4 2
+1 2
+1 2
+6 2
+1 2
+2 4
+4 2
+1 2
+3 2
+1 2
+1 2
+2 2
+1 2
+1 2
+4 2
+1 2
+1 2
+1 2
+1 2
+1 2
+71 53
+2 53
+1 53
+1 53
+1 53
-3 29
+1 29
+1 29
+1 29
+1 78
+5 39
+6 39
+1 39
+8 39
+1 39
-16 275
+6 275
+1 275
+8 275
+1 275

fl=(62)
fn=(194)
25 3
+1 12
+1 3

fl=(141) ./elf/./elf/dl-find_object.c
fn=(446) _dlfo_process_initial
474 2
+3 2
-3 6
+1 2
+3 4
+26 14
+1 6
+1 8
-1 16
+3 28
+3 24
-7 10
+27 2
-2 2
+2 6
-18 18
+3 6
-1 6
cfi=(142)
cfn=(444)
calls=3 95 
* 189
+2 12

fn=(448) _dlfo_sort_mappings
536 1
+1 2
+3 4
+4 1
+1 1
-1 1
+1 2
-1 1
+1 1
-1 1
+1 6
+1 15
+3 2
-1 2
-3 9
+8 6
+1 4
-1 2
-13 4
+14 6
+1 4
-15 4
+17 1

fn=(442) _dl_find_object_init
561 2
+3 1
-3 3
+5 2
+13 1
cfn=(446)
calls=1 474 
* 81
+1 1
-1 1
+1 1
fi=(28)
56 1
cfi=(27)
cfn=(78)
calls=1 -20 
* 30
fe=(141)
580 1
fi=(28)
56 1
fe=(141)
582 2
+3 2
+5 1
+1 1
cfn=(446)
calls=1 474 
* 282
+3 3
+10 4
-37 2
cfi=(142)
cfn=(444)
calls=1 95 
* 68
* 1
+29 2
cfn=(448)
calls=1 -60 
* 80
+3 6
+2 1

fl=(66)
fn=(212)
146 6
-55 6
+70 7
+1 1
-2 4
+1 4

fl=(9) ./elf/../sysdeps/unix/sysv/linux/dl-sysdep.c
fn=(16) _dl_sysdep_start
102 5
+4 1
-4 1
+1 1
+3 1
cfn=(18) _dl_sysdep_parse_arguments
calls=1 -28 
* 519
+4 2
cfi=(11)
cfn=(22)
calls=1 261 
* 45838
+3 1
cfi=(13)
cfn=(26)
calls=1 289 
* 38
+2 2
cfi=(14)
cfn=(30)
calls=1 -79 
* 8
fi=(6)
220 1
cfi=(15)
cfn=(34)
calls=1 37 
* 7349
fe=(9)
-98 3
+1 1
cfi=(22)
cfn=(62)
calls=1 -66 
* 17
* 1
+2 2
cfi=(23)
cfn=(64)
calls=1 -88 
* 16
* 3
+12 3
+3 5
cfi=(2)
cfn=(66) dl_main
calls=1 1346 
* 151004
+3 4

fn=(18)
78 1
+2 1
-2 6
+1 1
+1 1
-1 1
+2 2
+2 1
-2 1
+2 2
-1 1
+1 2
-1 74
+1 148
+7 56
fi=(10) ./elf/../sysdeps/unix/sysv/linux/dl-parse_auxv.h
-49 1
fe=(9)
+45 1
fi=(10)
-54 1
fe=(9)
+54 1
fi=(10)
-54 1
+1 1
+1 1
+7 3
+1 44
+1 22
-2 22
+2 22
-2 67
fe=(9)
+52 3
+1 1
+1 2
fi=(10)
-49 1
+1 1
fe=(9)
+46 1
fi=(10)
-45 1
+3 1
+1 1
+1 1
+1 1
+2 1
-5 1
-4 1
+1 1
+4 1
+1 1
+3 1
-7 1
-4 1
+1 1
+8 1
fe=(9)
+40 1
-1 1
+2 1
+1 6

fn=(480) _dl_sysdep_start_cleanup
147 1
+1 1

fl=(76)
fn=(492)
331 1
+3 2
+16 1

fn=(260) _dl_cet_check
361 8
-76 1
-10 2
+2 2
-1 1
+6 1
+3 1
+8 1
-11 1
+1 1
-1 1
+1 1
-1 1
+1 1
+10 4
+3 1
+4 2
+2 2
-1 1
+2 2
+2 2
-1 2
+4 1
+2 1
+3 2
145 2
+12 2
+16 1
+6 1
363 6

fl=(20) ./elf/../sysdeps/x86/dl-cacheinfo.h
fn=(52) intel_check_word.constprop.0
123 48
-4 72
+10 24
-10 96
+10 48
-10 24
+10 24
-10 24
+10 24
+2 48
+71 48
fi=(21) ./elf/../bits/stdlib-bsearch.h
32 24
fe=(20)
202 120
-71 96
+2 60
+2 120
+8 120
+51 96
+22 48
fi=(21)
28 48
-1 96
+2 216
+2 168
+1 84
fe=(20)
+78 168
+3 324
fi=(21)
-78 264
-6 528
+2 480
+1 240
fe=(20)
+78 480
+15 12
246 144
fi=(21)
37 120
fe=(20)
155 36
+3 36
-6 12
+3 39
+9 18
+23 21
-32 63
+3 63
+4 58
+2 116
+3 84
+1 48
+1 48
+1 30
+2 11
+2 22
+6 14
+3 8
+1 12
-20 15
+12 4
+2 4
+1 4
-2 4
-1 4
+2 8
-2 4
+3 4
-2 12
+2 12
+11 2
-9 12

fn=(50) handle_intel.constprop.0
255 24
-5 12
+17 12
-17 96
+11 12
+1 12
+5 36
+4 24
+34 96
-29 12
+3 24
-3 12
+3 36
cfn=(52)
calls=12 123 
* 4092
+2 24
+3 60
cfn=(52)
calls=12 123 
* 1272
+2 24

fn=(56) get_common_cache_info.constprop.0
571 11
+17 1
+1 1
+9 1
-12 1
+2 1
+2 1
+8 1
-11 1
+3 1
+11 2
-5 3
+17 1
+5 3
+4 2
770 5
+1 5
+4 2
+8 1
-1 1
+1 1
+1 1
+1 7
627 5
+3 6
-32 5
+75 4
+8 5
+2 2
-2 1
+6 3
+3 1
+1 5
-4 4
+21 2
-21 4
+2 1
+2 4
-4 1
+6 4
+3 2
+5 1
+2 2
+1 1
+1 1
-2 2
+1 1
-19 4
+46 2
+1 1
+1 2
+1 1
+25 3
630 3
+10 6
+14 2
+4 1
+3 1
+1 1
-4 2
+3 3
+6 4
-37 12
+7 6
-7 3
+7 2
+3 20
+5 2
+4 1
+1 1
-1 2
+1 1
+61 2
+7 1
+2 2
-16 1
+22 1
-6 2
+1 1
+5 1
-30 5

fl=(2)
fn=(66)
1346 2
197 1
1346 11
199 1
302 1
+1 1
197 1
+99 3
1357 1
cfi=(24)
cfn=(68)
calls=1 53 
* 17
2749 1
2538 1
2749 2
2598 1
+2 2
+15 1
-13 2
cfi=(25)
cfn=(70)
calls=1 28 
* 91
* 4
cfi=(25)
cfn=(70)
calls=2 28 
* 395
* 9
+4 6
-2 2
+2 6
+1 2
-1 6
+1 17
-1 89
+9 12
2727 3
1373 1
+1 2
-1 2
+1 2
2687 3
-47 2
+10 2
1637 9
cfi=(26)
cfn=(72)
calls=1 59 
* 210
* 1
+2 2
+1 3
+6 1
-5 2
+1 3
+4 1
cfi=(26)
cfn=(84)
calls=1 31 
* 42
+1 2
1116 1
-1 1
1351 1
1143 1
-21 2
+21 2
-19 1
+1 1
-3 1
+21 2
+57 1
-82 1
+25 1
-3 1
+4 1
+19 1
+37 4
-56 102
+56 4
-1 4
+1 8
-1 4
+2 8
+1 1
+2 12
+1 14
+4 8
+1 8
+1 4
+4 12
-72 27
1253 2
+1 22
+6 4
cfi=(30)
cfn=(88)
calls=1 868 
* 90
-7 26
+1 13
+6 13
-6 26
fi=(31)
235 4
+1 2
-87 4
fe=(2)
1148 1
-5 1
+5 2
-5 2
+30 1
-9 2
+2 1
-3 1
+10 2
+18 2
-38 2
-10 1
+10 1
+1 9
-11 2
+1 14
1247 1
1143 1
1247 2
1143 3
1266 4
+3 3
+2 3
1672 3
+2 2
-1 1
+1 1
+1 3
-2 2
cfi=(32)
cfn=(94)
calls=1 98 
* 25
* 2
+7 1
+3 1
-5 1
+3 1
+2 1
+1 2
+4 2
+2 2
fi=(3) ./elf/./get-dynamic-info.h
39 4
+4 1
+2 1
+9 1
+1 1
-10 2
+23 26
-23 104
+4 52
+3 6
-1 12
+3 24
+1 20
fe=(2)
1243 1
1143 1
1243 1
1143 2
fi=(3)
72 4
+43 2
+7 3
+1 4
+6 3
+18 4
+5 2
+2 2
+2 2
+2 2
+1 2
+3 4
+2 3
+1 2
+9 2
+6 2
+1 3
+3 3
fe=(2)
1698 4
+7 2
cfi=(8)
cfn=(14)
calls=1 25 
* 27
+3 2
fi=(33) ./elf/./setup-vdso.h
24 2
fi=(36) ./elf/./dl-main.h
+85 2
fi=(35) ./elf/../sysdeps/unix/sysv/linux/dl-vdso-setup.h
-64 1
fi=(36)
+64 3
cfi=(30)
cfn=(106)
calls=1 706 
* 2322
fe=(2)
1733 3
cfi=(45)
cfn=(144)
calls=1 56 
* 34
+7 1
-5 1
-2 1
+7 1
+4 1
+1 1
+2 1
-3 3
+1 2
+3 1
+11 1
-13 1
+13 1
+1 2
+5 1
-3 2
+2 1
+1 2
+5 3
+1 5
-1 2
224 1
+1 1
-1 1
+1 3
+1 2
1788 2
+5 1
-1 1
1352 1
1793 1
+24 1
cfi=(46)
cfn=(146)
calls=1 192 
* 6
* 1
fi=(47) ./elf/../sysdeps/generic/dl-debug.h
29 4
+1 1
fe=(2)
1823 1
+1 1
cfi=(45)
cfn=(150)
calls=1 116 
* 2
+1 1
+4 3
cfi=(48)
cfn=(152)
calls=1 29 
* 17
+5 3
+2 1
+2 2
+9 2
+16 4
cfi=(63)
cfn=(200)
calls=1 25 
* 9
* 2
+76 4
+16 3
85 1
1965 1
85 2
1965 1
85 1
1965 5
85 1
1965 2
cfi=(64)
cfn=(202)
calls=1 143 
* 7298
92 1
+9 1
1971 1
92 2
+9 2
1971 2
+1 6
-1 4
+1 6
-1 12
+4 3
+1 2
+1 1
+2 14
+1 6
+46 1
-42 2
+8 3
+1 2
+2 1
+2 3
+2 1
-4 1
+5 1
-1 2
+14 2
+1 2
+1 3
-25 1
+36 2
+2 1
-2 1
+2 2
-2 1
+1 2
+1 1
-1 2
+1 1
cfi=(50)
cfn=(236)
calls=1 186 
* 4815
+10 1
+1 1
-1 1
+1 1
+3 2
837 1
fi=(265) ./elf/../sysdeps/unix/sysv/linux/dl-osinfo.h
39 2
fe=(2)
839 1
fi=(265)
52 1
fe=(2)
848 1
+7 1
-5 1
2047 3
2246 2
+4 1
-4 1
+10 1
-6 1
+6 1
-6 1
+9 2
+8 2
fi=(31)
36 2
+1 3
+3 3
+13 6
-13 3
+9 6
-9 1
+9 16
+4 12
-16 12
+34 1
fe=(2)
2279 1
fi=(31)
71 1
cfi=(76)
cfn=(260)
calls=1 361 
* 55
fe=(2)
2282 1
-3 2
+5 1
-2 2
+2 2
+1 6
cfi=(77)
cfn=(262)
calls=1 207 
* 67964
85 2
2292 1
85 2
2292 1
+1 17
+2 8
+5 8
+2 8
+6 4
+2 8
+1 24
cfi=(77)
cfn=(262)
calls=3 207 
* 56034
+4 10
+1 2
-23 1
+23 1
cfi=(46)
cfn=(438)
calls=1 1017 
* 28
-23 3
92 3
+1 1
2325 1
93 1
2325 1
+4 4
+2 1
+7 4
cfi=(46)
cfn=(440)
calls=1 523 
* 149
+3 2
+4 3
+2 2
+33 3
cfi=(147)
cfn=(464)
calls=1 27 
* 603
+7 1
cfi=(9)
cfn=(480)
calls=1 147 
* 2
+3 3
cfi=(48)
cfn=(482)
calls=1 41 
* 11
+4 2
cfi=(45)
cfn=(196)
calls=1 38 
* 7
+1 1
-1 1
+2 1
cfi=(45)
cfn=(150)
calls=1 116 
* 2
+1 1
+4 1
cfi=(67)
cfn=(484)
calls=1 525 
* 19
+5 8
2304 1
+1 1
-3 2
226 2
-2 1
+1 1
1773 1
+6 1
-6 2
+6 1
fi=(3)
56 5
+3 4
fi=(34) ./elf/../sysdeps/unix/sysv/linux/dl-vdso.h
-19 2
+1 5
fi=(35)
-11 1
+3 1
+3 1
+3 1
fi=(34)
+16 2
fi=(3)
+17 3
+12 3
+1 5
+1 5
+1 5
+1 4
+1 5
+1 5
+1 5
+12 2
+7 1
-7 7
+7 2
fe=(2)
1743 4
2357 1
cfi=(141)
cfn=(442)
calls=1 561 
* 581
+5 3
cfi=(7)
cfn=(450)
calls=1 76 
* 2479
+3 1
cfi=(145)
cfn=(458)
calls=1 30 
* 503
85 1
2371 1
+1 3
85 3
2372 2
cfi=(77)
cfn=(262)
calls=1 207 
* 1613
92 3
+9 3
2687 2
+2 1
+1 1
-1 1
+1 1
+1 1
2040 2
cfn=(246) init_tls
calls=1 734 
* 831
* 2
2650 2
+2 2
+1 1
fi=(3)
62 4
+2 4
fe=(2)
1943 10
85 1
1842 2
85 3
1842 2
cfn=(154) handle_preload_list
calls=1 869 
* 3098
* 1
92 3
+9 3
1943 6
+1 1
-1 1
+4 3
+1 1
+1 2
+1 2
-7 2

fn=(154)
869 11
+5 1
-5 2
+5 2
-4 3
+7 3
cfi=(49)
cfn=(156)
calls=1 32 
* 254
* 1
+1 3
+9 1
183 1
889 2
183 2
891 2
-80 1
+5 1
-6 1
-4 1
+10 2
-6 1
+4 1
+2 2
-5 1
+1 1
+4 1
cfi=(50)
cfn=(158)
calls=1 254 
* 2754
+1 3
+8 3
+67 1
-18 2
+21 9
-15 4
cfi=(29)
cfn=(82)
calls=1 210 
* 19
+1 2

fn=(2)
517 16
85 1
547 4
85 1
543 1
fi=(6)
55 1
fe=(2)
+30 1
546 1
85 1
fi=(3)
-40 1
fe=(2)
546 1
fi=(3)
45 2
+23 18
-23 72
+4 36
+3 5
-1 10
+3 20
+1 16
+1 5
fi=(4)
+23 1
fi=(3)
+31 1
-38 3
+12 4
+1 3
+1 4
+1 4
+1 5
+1 3
+1 4
+1 4
+12 7
+7 2
-51 4
+64 3
+6 3
+1 3
+3 2
+1 3
+5 5
+3 5
fe=(2)
563 154
fi=(4)
79 1
fe=(2)
563 1
fi=(4)
79 2
fe=(2)
563 27
fi=(6)
287 3
fi=(5)
49 1
fe=(2)
563 1
fi=(5)
50 1
-1 2
+4 1
-3 1
+3 4
+3 2
-7 1
fe=(2)
563 1
fi=(5)
50 1
-1 2
+4 1
-3 1
+3 4
+3 2
+7 3
+2 3
-2 6
fi=(6)
278 3
fi=(5)
64 6
fi=(6)
278 6
+9 24
+3 6
+1 6
+26 8
+6 2
fi=(5)
61 13
fe=(2)
563 6
fi=(5)
51 1
fi=(4)
+28 2
fi=(3)
-17 4
+2 4
fe=(2)
565 1
+13 1
cfi=(7)
cfn=(12)
calls=1 42 
* 10
458 2
85 1
476 2
85 3
476 1
cfi=(8)
cfn=(14)
calls=1 25 
* 27
+2 1
+16 2
-17 1
+11 1
-10 1
+16 1
cfi=(9)
cfn=(16)
calls=1 102 
* 204826
* 1
+2 2
+89 9
fi=(3)
103 3
fe=(2)

fn=(164)
641 2
+2 1
-2 4
+2 1
+1 2
-1 2
+1 3
cfi=(30)
cfn=(166)
calls=1 1967 
* 2643
* 1
+2 3

fn=(238)
674 2
+2 1
-2 4
+2 3
cfi=(73)
cfn=(240)
calls=1 392 
* 4778
* 2
+4 3

fn=(246)
734 1
+6 1
-6 3
+2 2
+4 2
+11 1
fi=(28)
44 1
fe=(2)
746 1
+4 1
fi=(28)
44 1
cfi=(27)
cfn=(74)
calls=1 +36 
* 41
fe=(2)
761 1
-12 1
+6 1
-9 1
+11 1
+4 1
+2 3
-1 2
+3 8
+4 1
+2 1
-2 2
-5 1
-1 2
+10 3
+3 2
cfi=(46)
cfn=(248)
calls=1 97 
* 86
+3 1
cfi=(46)
cfn=(250)
calls=1 216 
* 79
+7 1
cfi=(46)
cfn=(252)
calls=1 417 
* 469
* 1
+1 2
+6 1
fi=(74) ./elf/../sysdeps/generic/dl-call_tls_init_tp.h
31 2
fe=(2)
793 1
fi=(74)
31 6
+2 1
cfi=(24)
cfn=(256)
calls=1 +35 
* 79
fe=(2)
800 1
-3 1
+3 4
-36 3
-1 7

fl=(16)
fn=(36)
682 1
+17 1
-17 7
+3 1
+1 1
+1 1
+3 1
+9 2
+3 6
1001 3
+1 2
+3 2
+1 2
+6 1
+1 1
+1 1
+1 1
fi=(20)
792 1
+1 1
+2 1
+14 2
+85 1
+1 1
+15 1
-5 1
+5 1
-10 1
-6 1
+2 1
+14 1
-15 1
+2 1
-1 1
+2 1
-1 1
+2 1
-1 1
+1 1
+2 1
+1 1
+1 1
+1 1
+35 2
-15 3
+8 2
+27 6
+9 2
+19 2
+8 6
cfi=(11)
cfn=(28)
calls=1 387 
* 23
* 1
+2 2
+3 4
cfi=(11)
cfn=(28)
calls=1 387 
* 23
* 1
+2 2
+3 4
cfi=(11)
cfn=(28)
calls=1 387 
* 23
* 1
+1 5
+16 2
-12 5
cfi=(11)
cfn=(28)
calls=1 387 
* 23
* 1
+1 3
+6 3
+3 1
-3 2
cfi=(11)
cfn=(28)
calls=1 387 
* 23
* 1
+3 5
-3 1
+3 5
cfi=(11)
cfn=(58)
calls=1 153 
* 62
+1 10
cfi=(11)
cfn=(58)
calls=1 153 
* 62
+1 11
cfi=(11)
cfn=(58)
calls=1 153 
* 62
+3 10
cfi=(11)
cfn=(58)
calls=1 153 
* 62
+2 10
cfi=(11)
cfn=(58)
calls=1 153 
* 62
+13 1
+2 1
fe=(16)
-23 1
fi=(20)
+21 1
+3 1
fe=(16)
-24 1
fi=(20)
+26 1
-5 1
+2 1
-2 1
+3 1
fe=(16)
-24 1
fi=(20)
+25 1
+3 1
-1 1
fe=(16)
-27 1
cfi=(11)
cfn=(28)
calls=1 387 
* 22
+3 4
cfi=(11)
cfn=(28)
calls=1 387 
* 24
+6 3
+54 1
-1 1
+1 1
+45 4
cfi=(11)
cfn=(28)
calls=1 387 
* 22
+2 4
cfi=(11)
cfn=(28)
calls=1 387 
* 22
+6 4
cfi=(11)
cfn=(28)
calls=1 387 
* 24
+7 8
fi=(20)
974 12
fe=(16)
+68 1
-1 2
+1 3
+44 3
+27 2
-10 2
+1 2
+2 3
+1 2
+2 3
+1 2
fi=(20)
811 2
cfn=(50)
calls=1 255 
* 455
+1 1
-1 1
+1 1
cfn=(50)
calls=1 255 
* 503
+1 1
-1 1
+1 1
cfn=(50)
calls=1 255 
* 530
+4 1
-4 1
+1 2
+3 1
cfn=(50)
calls=1 255 
* 476
+2 1
-2 1
+2 1
cfn=(50)
calls=1 255 
* 468
+3 1
-3 1
+1 2
+2 1
cfn=(50)
calls=1 255 
* 446
+2 1
-2 1
+2 1
cfn=(50)
calls=1 255 
* 447
+3 1
-2 1
-1 1
+3 1
cfn=(50)
calls=1 255 
* 494
+2 1
-2 1
+2 1
cfn=(50)
calls=1 255 
* 495
+1 1
+2 1
-3 1
+1 1
+2 1
cfn=(50)
calls=1 255 
* 521
+2 1
-2 1
+2 1
cfn=(50)
calls=1 255 
* 522
+2 1
-2 1
+2 1
cfn=(50)
calls=1 255 
* 523
+2 4
-2 1
+2 1
cfn=(56)
calls=1 571 
* 223
+93 1
-6 3
+6 1
-6 2
+6 2
-6 2
+6 2
-1 2
fe=(16)
708 6
cfn=(38) get_common_indices.constprop.0
calls=1 398 
* 74
376 3
+1 2
+1 6
+5 2
713 1
cfn=(42) update_active.constprop.0
calls=1 72 
* 222
+2 1
+2 1
1015 1
715 2
878 2
+7 2
+2 2
+4 2
+6 2
+2 1
706 2
-3 1
384 6
+5 2
+1 7
717 1
fi=(20)
987 1
-48 1
fe=(16)
717 1
fi=(20)
987 2
fe=(16)
717 6
+4 7
+78 1
-25 3
+92 2
+3 2
fi=(20)
+38 1
fe=(16)
-37 1
-89 2
+51 2

fn=(38)
398 3
+4 4
+3 3
+5 2
-5 1
+5 1
-5 1
+4 1
+1 1
+1 4
+1 4
+1 3
+1 2
+7 2
+2 5
+5 1
-5 1
+5 1
-5 1
+5 1
-5 2
+5 1
+7 1
-7 4
+7 1
+1 3
+6 1
-6 4
+6 1
fi=(17) ./elf/../sysdeps/unix/sysv/linux/x86/dl-minsigstacksize.h
24 2
+3 2
+1 2
+37 3
+7 1
+2 1
fe=(16)
457 3

fn=(42)
72 8
+4 1
+10 1
+9 1
+9 1
-19 1
-1 1
+29 1
-4 1
-24 1
+9 1
+9 1
+9 1
-28 2
+25 1
-15 1
-9 1
+9 1
+9 1
+9 1
-3 1
+7 1
-13 1
+9 1
+4 2
-22 1
+22 2
-13 1
+6 1
+3 1
+5 1
+12 1
-8 1
-4 1
+7 1
-3 4
+1 1
+2 1
-2 2
+1 3
+5 1
+2 1
-2 4
+1 1
+1 1
-1 2
+1 1
-1 1
+3 2
+1 4
+14 2
356 2
+4 3
fi=(18) ./elf/../sysdeps/unix/sysv/linux/x86/dl-hwcap2.h
25 2
fi=(19)
+5 1
-2 1
+2 3
fe=(16)
369 1
+1 8
151 2
+1 2
-1 5
+1 2
+2 3
+90 1
+1 1
-1 2
+17 4
+16 2
+5 1
-1 2
+4 4
+4 2
+4 3
+1 2
+3 1
-1 1
+9 1
-5 1
+2 1
-2 1
+5 1
+51 1
fi=(19)
31 1
fe=(16)
356 2
fi=(19)
32 3
+4 3
fe=(16)
158 4
+3 1
+3 2
+14 1
+2 1
+10 3
-12 1
+12 1
-12 1
+2 2
-2 1
+2 1
+8 1
-8 1
+6 3
+2 1
-2 1
+2 3
+7 5
fi=(19)
39 2
+1 4
-2 1
+7 4
+2 1
+1 2
+3 5
+2 4
+1 2
+1 2
+3 1
-1 1
+1 3
fe=(16)
171 1
-5 2
+4 1

ob=(2)
fl=(199) ./io/../sysdeps/unix/sysv/linux/close_nocancel.c
fn=(668) __close_nocancel
25 3
+1 12
+1 3

fl=(202) ./locale/./locale/loadlocale.c
fn=(682) _nl_intern_locale_data
123 108
+10 48
+1 139
+7 60
+3 12
-1 24
+9 12
-40 24
+44 33
cob=(3)
cfi=(153)
cfn=(616)
calls=11 0 
* 2084
+1 22
-1 11
+1 11
+3 11
+1 11
+2 11
+6 11
+2 11
+1 73
+14 9
-11 9
+11 18
-12 18
+1 18
+11 1
-11 1
+11 2
-12 2
+1 2
-1 192
+1 192
+11 527
+20 2
+4 175
+4 2
-42 3
+42 4
-42 6
+2 2
+1 4
+53 108
-72 4
cob=(3)
cfi=(153)
cfn=(616)
calls=1 0 
* 183
+1 2
-1 1
+1 1
fi=(194) ./locale/../string/bits/string_fortified.h
-98 1
fe=(202)
166 1
fi=(194)
59 1
fe=(202)
160 1
fi=(194)
59 1
fe=(202)
161 1
fi=(194)
59 1
fe=(202)
166 1
fi=(194)
59 3
cob=(3)
cfi=(153)
cfn=(686)
calls=1 -59 
* 20
fe=(202)
171 1
-2 1
+2 1
+1 2
+3 3
+29 32
+9 48
+4 4
+3 4
-1 2
-47 6
+2 4
+1 6
+21 38
+17 59
+4 12
+3 12
-1 6
-47 18
+2 12
+1 18
+22 92
+16 178
+1 80
-42 120
+42 130
-42 195
-73 22
fi=(194)
-40 1
fe=(202)
+10 1
fi=(194)
-10 3
fe=(202)
+17 1
+3 2
+8 1
+2 1
-13 1
+3 2
+8 1
+3 2
-14 1
+3 2
+8 1
+3 2
-14 1
+3 2
+8 1
+3 2
-14 1
+3 2
+8 1
+3 2
-14 1
+3 2
+8 1
+3 2
-14 1
+3 2
+8 1
+3 2
-14 1
+3 2
+8 1
+3 2
-14 1
+3 2
+8 1
+3 2
-14 1
+3 2
+8 1
+3 2
203 4
+10 6
+4 4
+3 4
-1 2
-47 6
+2 4
+1 6
+24 6
+14 11
-15 10
+15 15
-11 10
+11 15
-13 14
+13 21
+4 2
+3 2
-1 1
-47 3
+2 2
+1 3
+26 26
+12 40
-39 1
+1 2
+39 2
-42 2
+2 1
+1 2
+39 3
-42 2
+2 1
+1 2
+39 2
-42 2
+2 2
+1 2
+42 2
+3 1
-1 1
-47 2
+2 2
+1 2
+42 2
+3 1
-1 1
-47 2
+2 1
+1 2
+39 2
-42 3
+2 1
+1 2
+39 2
-42 2
+2 1
+1 2
+39 2
-42 2
+2 1
+1 2
+39 2
-42 3
+2 2
+1 2
-1 310
+1 310
+20 312
+18 468
+1 308
-42 469
-93 2
+7 2
-7 2
+7 2
-7 2
+7 2
-7 2
+7 2
-7 2
+7 2
-7 2
+7 2
-7 2
+7 2
-7 2
+7 2
-7 2
+7 2
-7 1
+7 1
-7 1
217 4
+3 4
-1 4
-6 258
+1 132
-42 198
+2 172
+1 172
+42 40
+3 40
-1 20
-47 60

fl=(162)
fn=(524)
242 13
+69 3
+1 3
cfi=(163)
cfn=(526)
calls=1 67 
* 72
+25 6
+6 2
-3 2
+10 2
cob=(3)
cfi=(153)
cfn=(540)
calls=1 0 
* 7
+2 2
+8 4
cfi=(164) ./csu/../sysdeps/nptl/libc_start_call_main.h
cfn=(544) (below main)
calls=1 29 
* 55000
128 2
+6 3
+1 6
cob=(3)
cfi=(153)
cfn=(530)
calls=1 0 
* 7
* 1
+3 1
+1 2
+3 2
+1 2
-1 1
+2 7
+1 4
cob=(5)
cfi=(161)
cfn=(534)
calls=1 0 
* 12
-1 4

fl=(149) ./ctype/./ctype/ctype-info.c
fn=(468) __ctype_init
29 1
+2 7
+2 4
+2 4
+1 1

fl=(203)
fn=(688)
152 1
+1 1
+1 5
+4 1
+1 2
+5 1
+1 1
337 1
+9 1
+1 1
+31 1
+1 1
+1 1

fl=(131)
fn=(406)
29 1
fi=(93) ./debug/../sysdeps/x86_64/multiarch/ifunc-memmove.h
+28 3
-1 2
+4 3
+14 2
+3 2
+8 2
+8 2
+3 5
fe=(131)

fl=(256)
fn=(1156)
30 4
+3 4
-3 16
+3 10
+3 8
+4 14
-4 6
+57 8
+4 12
-4 6
+12 4
cfi=(230) ./posix/./posix/register-atfork.c
cfn=(1158) __unregister_atfork
calls=2 -23 
* 40
+1 8
+1 16

fl=(159)
fn=(516)
53 2
+1 2
+1 2
+2 2
+1 2
+4 2
+1 2
+1 2
+3 2
+2 2
+1 2
+1 2
+1 2
+3 2
+1 2
+2 2
+1 2
+1 2
+11 4

fl=(119)
fn=(366)
31 1
fi=(114) ./string/../sysdeps/x86_64/multiarch/ifunc-strcasecmp.h
+6 2
-1 4
fe=(119)
-5 2
fi=(114)
+7 3
+3 2
+4 3
+3 4
fe=(119)

fl=(110)
fn=(348)
31 2
fi=(111) ./wcsmbs/../sysdeps/x86_64/multiarch/ifunc-evex.h
+7 6
-1 8
+2 6
+6 4
-3 4
+9 6
+3 8
fe=(110)
-23 2

fl=(112)
fn=(352)
67 2
-23 4
-1 8
+24 4
-22 6
+3 4
+4 6
+3 8

fl=(121)
fn=(374)
29 2
fi=(122) ./string/../sysdeps/x86_64/multiarch/ifunc-memcmp.h
+5 10
+1 4
+1 4
+1 6
+3 4
+4 6
+3 8
fe=(121)
-18 4

fl=(201) ./string/./string/strdup.c
fn=(672) strdup
40 84
+1 14
cob=(3)
cfi=(153)
cfn=(576)
calls=14 -41 
* 224
* 14
+1 28
cob=(3)
cfi=(153)
cfn=(616)
calls=14 -42 
* 2543
+2 28
fi=(178) ./string/../string/bits/string_fortified.h
-15 42
fe=(201)
+19 56
fi=(178)
-19 14
cob=(3)
cfi=(153)
cfn=(676)
calls=14 -29 
* 308
fe=(201)

fl=(95)
fn=(312)
29 1
fi=(84) ./string/../sysdeps/x86_64/multiarch/ifunc-avx2.h
+11 3
-2 4
fe=(95)
-9 2
fi=(84)
+12 2
+1 3
+3 2
+4 3
+3 5
fe=(95)

fl=(238)
fn=(982)
25 2
+1 24

fl=(154) ./nptl/../sysdeps/unix/sysv/linux/x86/elision-conf.c
fn=(478) __lll_elision_init
92 2
+4 1
-4 2
+4 2
-4 1
+4 1
-4 3
+4 1
cob=(3)
cfi=(153)
cfn=(476)
calls=1 -96 
* 26
+2 4
cob=(3)
cfi=(153)
cfn=(476)
calls=1 -98 
* 26
+2 4
cob=(3)
cfi=(153)
cfn=(476)
calls=1 0 
* 26
+2 4
cob=(3)
cfi=(153)
cfn=(476)
calls=1 0 
* 26
+2 4
cob=(3)
cfi=(153)
cfn=(476)
calls=1 0 
* 26
+3 3
+1 1
+1 6

fl=(173)
fn=(578)
52 81
+13 81
+1 81
+1 81
+3 81
+2 81
+1 81
+3 81
+1 81
+8 81
+1 81
+1 81
+5 162

fl=(250) ./libio/./libio/genops.c
fn=(1114) _IO_unsave_markers
937 12
+2 4
+5 6
+2 6

fn=(1194) _IO_flush_all
686 5
+5 1
-5 1
+5 1
-5 6
+5 4
cfi=(251) ./nptl/./nptl/libc-cleanup.c
cfn=(1108) __libc_cleanup_push_defer
calls=1 24 
* 13
+1 6
-5 1
fi=(248) ./libio/./libio/libioP.h
1025 2
fe=(250)
708 11
+1 1
-14 3
+2 1
+1 9
+2 7
+13 7
+1 2
cfi=(251)
cfn=(1110) __libc_cleanup_pop_restore
calls=1 54 
* 9
+4 12
-20 3
-6 2
-5 2
+8 1
-3 1
+3 2

fn=(1124) _IO_default_finish
601 12
+2 6
+6 6
+3 6
54 4
624 6

fn=(1192) _IO_cleanup
842 6
-66 1
+66 6
+1 1
cfn=(1194)
calls=1 686 
* 113
-67 2
+67 1
-67 3
cfi=(251)
cfn=(1108)
calls=1 24 
* 13
+1 6
fi=(248)
1025 1
fe=(250)
785 1
-1 1
+1 9
+9 3
+20 1
+2 2
+1 1
-37 3
+41 7
+1 2
cfi=(251)
cfn=(1110)
calls=1 54 
* 9
+33 12
-78 1
+39 8
-31 2
+7 2
-15 1
+3 2
-3 1
+3 2

fn=(1104) _IO_un_link
53 4
+1 8
+28 4
cfn=(1106) __GI__IO_un_link.part.0
calls=2 -30 
* 205

fn=(1106)
52 8
+6 2
-6 4
+6 2
-6 8
+6 8
cfi=(251)
cfn=(1108)
calls=2 -34 
* 26
+1 14
+2 2
-1 2
+1 20
+4 4
+3 3
+1 2
+2 1
-3 1
+3 1
+3 2
+2 2
-2 2
+2 10
+3 4
cfi=(251)
cfn=(1110)
calls=2 -25 
* 18
+3 18
-19 2
-2 4
+2 4
+13 6
+2 2
-2 2
+1 2
+1 10
-12 3
-7 6

fn=(1118) _IO_setb
329 22
+1 8
+5 4
-3 2
+3 4
-2 2
+2 4
+3 12

fl=(150) ./resource/../sysdeps/unix/sysv/linux/getrlimit64.c
fn=(470) getrlimit
38 2
+1 7
+1 1

fl=(220)
fn=(828)
26 5
+1 10
fi=(221) ./signal/../sysdeps/unix/sysv/linux/sigsetops.h
+27 5
fe=(220)
-20 5
+1 5

fl=(87)
fn=(292)
30 1
fi=(88) ./wcsmbs/../sysdeps/x86_64/multiarch/ifunc-wcslen.h
+11 2
-1 4
+2 3
+3 2
+4 3
+3 3
fe=(87)
-22 1

fl=(189) ./malloc/./malloc/morecore.c
fn=(632) __glibc_morecore
25 2
+1 4
-1 4
+4 2
cfi=(190) ./misc/./misc/sbrk.c
cfn=(634) sbrk
calls=2 +8 
* 77
+1 4
+4 4

fl=(233)
fn=(928)
33 10
+3 1
-3 4
+4 3
+1 3
+5 2
+18 7
fi=(234) ./rt/../sysdeps/unix/sysv/linux/kernel-posix-timers.h
+18 2
fe=(233)
+58 1
+1 11
-84 1
+3 1
-2 1
+2 1

fl=(98)
fn=(320)
29 1
fi=(99) ./string/../sysdeps/x86_64/multiarch/ifunc-memmove.h
+28 3
-1 2
+4 3
+14 2
+3 2
+8 2
+8 2
+3 5
fe=(98)

fl=(148)
fn=(466)
33 9
+2 1
cfi=(149)
cfn=(468)
calls=1 -6 
* 17
+3 1
fi=(151) ./elf/../sysdeps/nptl/pthread_early_init.h
-5 2
fe=(148)
+8 1
-3 1
+3 1
fi=(151)
-8 1
cfi=(150)
cfn=(470)
calls=1 +5 
* 10
* 3
+1 1
+4 5
+7 1
fi=(266) ./elf/../nptl/nptl-stack.h
+16 3
fi=(151)
-16 1
fi=(266)
+16 2
fi=(151)
-7 1
fi=(266)
+7 3
fi=(151)
-9 1
-6 1
+2 2
+4 4
+1 1
+3 1
cfi=(152) ./nptl/./nptl/pthread_mutex_conf.c
cfn=(474) __pthread_tunables_init
calls=1 -1 
* 104
fe=(148)
-9 3
+2 2
-2 1
cfi=(154)
cfn=(478)
calls=1 +45 
* 169

fl=(157)
fn=(510)
46 6
+5 2
+4 5
+8 1
-2 1
+10 1
-9 1
+1 1
+9 3
-1 1
cfi=(158) ./misc/./misc/init-misc.c
cfn=(512) __init_misc
calls=1 -41 
* 48

fl=(239)
fn=(998)
120 20
+2 4

fl=(253)
fn=(1142)
77 1
+3 3
+2 1
+2 2
-7 4
+11 2
+91 1
+3 1
+2 1
+3 1
-63 1
+66 3
-93 2
+11 4
+4 1
+3 2
-71 1
+1 7
+1 1
+84 3
+1 2

fl=(132)
fn=(410)
33 1
fi=(118) ./string/../sysdeps/x86_64/multiarch/ifunc-strcpy.h
+5 2
+1 1
-1 2
+1 2
+3 2
+4 3
+3 3
fe=(132)
-16 1

fl=(191) ./misc/../sysdeps/unix/sysv/linux/brk.c
fn=(636) brk
36 2
fi=(267) ./misc/../sysdeps/unix/sysv/linux/brk_call.h
-12 4
fe=(191)
+13 4
+1 4
+6 2
+1 2

fl=(205) ./nptl/./nptl/pthread_rwlock_unlock.c
fn=(698) pthread_rwlock_unlock@@GLIBC_2.34
30 18
+1 3
+7 3
+1 3
-1 6
+6 15
fi=(170) ./nptl/./nptl/pthread_rwlock_common.c
221 6
535 3
-4 3
221 6
535 3
221 3
535 3
+3 3
-2 6
+2 6
+21 3
+2 24
+8 6
+13 6
fe=(205)

fl=(96)
fn=(316)
31 1
fi=(97) ./wcsmbs/../sysdeps/x86_64/multiarch/ifunc-wcs.h
+9 3
-1 4
+2 3
+3 2
+4 4
fe=(96)
-17 1

fl=(123)
fn=(378)
31 2
fi=(124) ./wcsmbs/../sysdeps/x86_64/multiarch/ifunc-wmemset.h
+5 10
+1 6
fe=(123)
-6 2

fl=(171)
fn=(572)
206 65
+43 65
+25 65
+1 65
+1 65
+2 65
+1 65
+4 65
+4 65
+2 65
+2 65
+3 65
+9 65
+1 65
+4 65
+10 65
+1 65
+3 65
+4 130

fn=(582)
206 261
+24 261
+5 261
+14 261
+25 261
+1 261
+1 261
+2 261
+1 261
+4 236
+4 236
+2 236
+2 236
+3 236
+2 236
+1 236
+11 212
+10 212
+1 212
+3 212
+4 424
+5 236
+1 236
+1 236
+4 24
+1 48
957 70
+1 70
+1 70
+1 70
+2 70
+3 70
+1 70
+4 17
+1 17
+22 25
+1 25
+1 25
+1 25
+1 25
+1 25
+2 25
+47 25
+1 25
+3 25
+1 25
+1 25
+3 50
+7 25
+1 25
+1 25
+1 25
+10 53
+1 53
+3 25
+1 25
+1 25
+1 25
+6 25
+2 25
+3 25
+1 25

fl=(164)
fn=(544)
29 4
+15 1
-15 5
+15 1
cfi=(165) ./setjmp/../sysdeps/x86_64/bsd-_setjmp.S
cfn=(546) _setjmp
calls=1 -16 
* 38
* 1
+2 2
+5 2
+1 2
+3 2
+3 6
cob=(5)
cfi=(161)
cfn=(552)
calls=1 -58 
* 52605
+16 2
cfi=(241) ./stdlib/./stdlib/exit.c
cfn=(1050) exit
calls=1 +63 
* 2329

fl=(174)
fn=(612)
53 1
+2 1
+1 1
+1 1
+1 1
+1 1
+3 1
+1 1
+4 1
+1 1
+1 1
+1 1
+1 1
+1 1
+1 1
+1 1
+13 1
+2 2

fn=(586)
53 2
+2 2
+1 2
+1 2
+1 2
+1 2
+3 2
+1 2
+4 2
+1 2
+1 2
+1 2
+1 2
+1 2
+1 2
+1 2
+3 2
+8 2
+2 1
+2 2
+4 1
+1 2

fl=(120)
fn=(370)
31 1
fi=(84)
+9 3
-2 4
fe=(120)
-7 2
fi=(84)
+10 2
+1 3
+3 2
+4 3
+3 5
fe=(120)

fl=(168)
fn=(694) new_composite_name
139 12
+22 5
cob=(3)
cfi=(153)
cfn=(570)
calls=1 0 
* 22
* 2
+1 3
cob=(3)
cfi=(153)
cfn=(570)
calls=1 0 
* 22
+1 1
-1 3
+1 1
-17 1
-2 1
-3 3
+6 1
-1 2
+4 2
+2 2
cob=(3)
cfi=(153)
cfn=(576)
calls=1 0 
* 16
-5 11
-1 22
+4 22
+2 22
cob=(3)
cfi=(153)
cfn=(576)
calls=11 0 
* 176
+1 12
-1 12
+1 48
+1 115
cob=(3)
cfi=(153)
cfn=(570)
calls=11 0 
* 242
* 44
-8 37
+12 2
+7 3
cob=(3)
cfi=(153)
cfn=(616)
calls=1 0 
* 192
* 1
+2 2
+21 1
fi=(194)
29 3
fe=(168)
188 6
fi=(194)
29 1
cob=(3)
cfi=(153)
cfn=(676)
calls=1 -29 
* 22
fe=(168)

fn=(564)
218 13
+7 3
+5 2
+4 1
+2 1
-2 1
cfi=(169) ./nptl/./nptl/pthread_rwlock_wrlock.c
cfn=(566) pthread_rwlock_wrlock@@GLIBC_2.34
calls=1 23 
* 66
+2 4
cob=(3)
cfi=(153)
cfn=(570)
calls=1 0 
* 22
* 2
+16 2
-3 1
+1 1
+2 1
cfi=(172) ./stdlib/./stdlib/getenv.c
cfn=(574) getenv
calls=1 24 
* 789
+1 2
+12 3
+16 3
-2 6
+2 1
cob=(3)
cfi=(153)
cfn=(584)
calls=1 0 
* 23
* 3
+53 52
+1 24
-1 1
+3 6
cfi=(175) ./locale/./locale/findlocale.c
cfn=(588) _nl_find_locale
calls=1 103 
* 2540
* 66
cfi=(175)
cfn=(588)
calls=11 103 
* 40305
* 12
+4 24
+14 24
+4 48
+2 60
cob=(3)
cfi=(153)
cfn=(570)
calls=12 0 
* 264
* 24
468 12
-93 2
+1 1
-1 1
cfn=(694)
calls=1 139 
* 1095
+1 6
+4 24
210 24
+1 48
+1 1
cfi=(204) ./locale/./locale/lc-ctype.c
cfn=(696) _nl_postload_ctype
calls=1 33 
* 46
383 12
195 36
+3 36
+3 12
379 48
195 4
+3 3
+3 1
389 2
+9 3
cfi=(205)
cfn=(698)
calls=1 30 
* 43
+3 2
cob=(3)
cfi=(153)
cfn=(652)
calls=1 0 
* 6
+1 2
cob=(3)
cfi=(153)
cfn=(652)
calls=1 0 
* 6
+2 2
-25 3
-13 24
cfi=(201)
cfn=(672)
calls=12 40 
* 3000
* 12
+1 24
-71 44

fl=(160)
fn=(518)
545 1
+1 4
+1 3
+1 3
+2 1

fl=(181) ./posix/../sysdeps/unix/sysv/linux/x86/sysconf.c
fn=(602) sysconf
32 144
+1 36
fi=(182) ./posix/../sysdeps/unix/sysv/linux/x86/../sysconf.c
+16 120
fe=(181)
-12 120
fi=(183) ./posix/../sysdeps/posix/sysconf.c
+23 144
221 12
cfi=(184) ./misc/../sysdeps/unix/sysv/linux/getpagesize.c
cfn=(608) getpagesize
calls=12 27 
* 72
* 24
60 24
fe=(181)

fl=(211)
fn=(744)
25 1
+1 2
+1 1

fl=(222)
fn=(836)
26 11
+1 33
fi=(223) ./signal/../sysdeps/unix/sysv/linux/internal-signals.h
+26 11
fe=(222)
-26 22
+6 11
cfi=(224) ./signal/../sysdeps/unix/sysv/linux/libc_sigaction.c
cfn=(840) __libc_sigaction
calls=11 +10 
* 668

fl=(246)
fn=(1090)
32 2
+1 4
-1 10
+7 4
+1 2
fi=(248)
1025 6
+1 4
fe=(246)
40 4
cfi=(247) ./libio/./libio/fileops.c
cfn=(1092) _IO_file_sync@@GLIBC_2.2.5
calls=2 793 
* 42
* 4
fi=(248)
979 4
+1 16
fe=(246)
44 10
-5 20

fl=(158)
fn=(512)
30 1
+1 2
-1 4
+1 4
+2 3
cob=(3)
cfi=(153)
cfn=(514)
calls=1 -33 
* 22
+4 5
+1 3
+2 4

fl=(237) ./posix/../sysdeps/unix/sysv/linux/wait4.c
fn=(974) wait4
27 3
+3 3
-3 3
+3 15
+79 3

fl=(133)
fn=(414)
29 1
fi=(99)
+28 3
-1 2
+4 3
+14 2
+3 2
+8 2
+8 2
+3 5
fe=(133)

fl=(208)
fn=(716)
65 7
+6 1
-1 2
+3 5
cfi=(169)
cfn=(566)
calls=1 -50 
* 41
+5 1
-3 1
+3 1
+33 1
-30 1
+30 1
+2 2
+4 2
cfi=(205)
cfn=(698)
calls=1 -87 
* 43
+3 7
-41 3
cob=(3)
cfi=(153)
cfn=(570)
calls=1 -79 
* 22
* 2
+5 3
cob=(3)
cfi=(153)
cfn=(570)
calls=1 -84 
* 22
* 2
+10 2
cfi=(201)
cfn=(672)
calls=1 -54 
* 250
* 1
+8 2

fl=(197) ./misc/../sysdeps/unix/sysv/linux/mmap64.c
fn=(664) mmap
47 1
+3 2
-3 6
+6 2
+5 6
+2 4
-7 5

fl=(241)
fn=(1050)
137 2
+1 3
-1 1
+1 1
cfn=(1052) __run_exit_handlers
calls=1 38 
* 2322

fn=(1052)
38 12
+2 2
+3 5
+11 2
+2 2
+38 2
-30 9
+2 2
+1 2
-1 2
+3 14
+44 6
+13 1
-66 1
+66 3
+2 2
+3 2
cfi=(258) ./posix/../sysdeps/unix/sysv/linux/_exit.c
cfn=(1198) _Exit
calls=1 27 
* 4
-29 2
+1 2
-2 2
+3 2
+3 2
-3 4
+3 6
+1 6
cob=(1)
cfi=(252)
cfn=(1140)
calls=1 -82 
* 981
cob=(5)
cfi=(161)
cfn=(1056)
calls=1 0 
* 989
+1 8
+10 3
+1 2
-79 1
cfi=(242) ./stdlib/./stdlib/cxa_thread_atexit_impl.c
cfn=(1054) __call_tls_dtors
calls=1 148 
* 13
* 1
+88 1
cfi=(250)
cfn=(1192)
calls=1 842 
* 223
* 1

fl=(230)
fn=(1158)
82 4
+1 4
-1 8
+1 4
fi=(257) ./posix/../malloc/dynarray-skeleton.c
243 2
fe=(230)
71 4
+38 8
+1 6

fn=(902) __run_prefork_handlers
114 10
+3 2
+9 1
fi=(257)
243 1
fe=(230)
126 1
+3 2
+35 9

fn=(908) __run_postfork_handlers
169 13
fi=(257)
+74 1
fe=(230)
-74 2
+2 3
+44 2
+2 8

fl=(225)
fn=(856)
30 8
+4 4
-4 20
+4 16
fi=(223)
+19 4
fe=(225)
-18 8
fi=(221)
+67 4
fe=(225)
-61 4
+4 8
fi=(221)
+57 4
+2 4
-8 4
fe=(225)
-52 16
+1 4
cfi=(222)
cfn=(836)
calls=4 -19 
* 336
* 4
+3 4
-3 8
+4 20

fl=(91)
fn=(300)
29 1
fi=(88)
+12 2
-1 4
+2 3
+3 2
+4 3
+3 3
fe=(91)
-23 1

fl=(242)
fn=(1054)
148 4
+1 1
-1 1
+1 3
+16 4

fl=(165)
fn=(546)
28 1
+2 1
+2 1
cfi=(166) ./setjmp/../sysdeps/x86_64/setjmp.S
cfn=(548) __sigsetjmp
calls=1 -1 
* 35

fl=(244)
fn=(1070)
32 2
+3 10
+7 2

fl=(125)
fn=(382)
29 2
fi=(118)
+9 4
+1 2
-1 4
+1 4
+3 4
+4 6
+3 6
fe=(125)
-20 2

fl=(236)
fn=(972)
37 3
+1 6
cfi=(237)
cfn=(974)
calls=3 -11 
* 27

fl=(81)
fn=(280)
86 1
fi=(82) ./string/../sysdeps/x86/cacheinfo.h
-27 1
+3 3
+2 1
+1 1
-1 2
+7 3
+2 1
+1 1
-1 2
+5 2
+2 2
+1 2
+1 2
+2 2
+2 2
fe=(81)

fl=(163)
fn=(526)
67 14
-26 4
+2 16
+1 4
cfn=(528) __new_exitfn
calls=2 +36 
* 70
+2 4
+8 2
-2 2
+3 2
+1 2
-4 4
+1 2
+4 8
+1 2
+11 12

fn=(528)
80 2
+6 4
-6 8
+11 4
-10 2
+10 8
+2 4
+1 5
-1 4
-2 1
+10 1
-10 3
+13 2
+25 1
+1 2
-1 2
+7 1
+5 3
-4 1
+4 2
-5 1
+5 3
-4 1
+4 2
-18 1
-1 1
+12 1

fl=(209)
fn=(728)
30 2
+1 1
-1 1
+1 3
cfi=(210) ./posix/./posix/getopt.c
cfn=(730) _getopt_internal
calls=1 706 
* 98
+2 2

fl=(213)
fn=(784)
1782 2
+1 2
cfn=(752) ____strtod_l_internal
calls=1 508 
* 398

fn=(752)
508 4
+45 2
-45 20
+53 6
+26 2
-24 4
+32 4
+1 4
cob=(3)
cfi=(153)
cfn=(576)
calls=2 0 
* 32
+1 4
-1 2
+1 2
+14 2
-4 2
-6 2
+10 4
-1 8
+1 4
+3 4
-12 2
+17 4
+13 12
+1 4
+8 6
+91 4
-43 4
+19 2
514 2
708 8
+67 12
+1 4
+12 4
+16 8
+42 4
+9 8
+1 6
+18 4
+6 2
+1 2
-1 4
+1 4
-1 2
+1 8
+99 4
+33 4
+10 12
+19 6
+1 2
+5 4
1770 22
779 4
+22 4
-26 2
1175 20
+2 2
-1 2
+1 4
+3 8
+12 4
+3 4
681 2
882 10
1081 4
-9 4
1198 26
cfn=(754) str_to_mpn.isra.0
calls=2 365 
* 108
+6 2
+20 2
-26 2
+6 10
+44 2
+1 2
-1 2
+1 2
-1 2
+1 4
+4 4
+6 4
+32 4
+3 2
+4 4
-4 2
+4 4
-4 10
+2 2
+2 2
-2 4
+10 10
cfi=(214) ./stdlib/../sysdeps/x86_64/lshift.S
cfn=(756) __mpn_lshift
calls=2 28 
* 32
+4 4
+15 14
cfn=(758) round_and_return
calls=2 215 
* 168
* 2

fn=(754)
365 20
+13 2
+1 12
-4 2
-1 4
+52 2
+1 4
-14 8
+13 4
+3 4
-47 4
+49 8
+7 6
+2 6
+2 2
+1 2
+15 18

fn=(758)
215 32
fi=(215) ./stdlib/../sysdeps/generic/get-rounding-mode.h
94 2
+1 18
fe=(213)
218 4
355 6
+1 2
-1 4
+1 12
-1 2
cfi=(217) ./stdlib/../sysdeps/ieee754/dbl-64/mpn2dbl.c
cfn=(764) __mpn_construct_double
calls=2 29 
* 32
-42 4
-80 2
+83 2
-90 2
+90 2
+4 4
-1 14
fi=(216) ./stdlib/../include/rounding-mode.h
46 10
fe=(213)
350 4
fi=(216)
52 4
fe=(213)
355 6

fl=(226)
fn=(876)
26 9
+1 45
fi=(223)
+26 9
fe=(226)
-25 18
fi=(221)
+74 18
+2 9
fe=(226)
-69 9
+1 9

fl=(184)
fn=(608)
27 12
+1 48
+2 12

fl=(85)
fn=(288)
29 1
fi=(268) ./string/../sysdeps/x86_64/multiarch/ifunc-sse4_2.h
+7 5
fe=(85)
-7 1

fl=(116)
fn=(360)
60 1
-17 2
-1 4
+2 3
+2 2
+4 3
+10 1

fl=(136)
fn=(422)
29 1
fi=(268)
+7 5
fe=(136)
-7 1

fl=(195) ./io/../sysdeps/unix/sysv/linux/open64_nocancel.c
fn=(660) __open_nocancel
28 2
+3 1
-3 6
+3 6
+8 7
+2 5

fl=(231) ./posix/../sysdeps/nptl/_Fork.c
fn=(904) _Fork
24 1
fi=(232) ./posix/../sysdeps/unix/sysv/linux/arch-fork.h
+26 10
+4 1
fe=(231)
-28 2
+22 2

fl=(186)
fn=(638) alloc_perturb
1985 90
+2 30

fn=(654)
3359 3
+4 6
-4 3
+14 1
-14 3
+12 1
+4 1
-4 1
+4 2
+17 3
fi=(187) ./malloc/./malloc/arena.c
153 3
fe=(186)
3398 3
cfn=(658) _int_free
calls=1 4495 
* 54
+3 1
+1 8

fn=(630) _int_malloc
3846 330
1326 60
+19 179
3887 58
1794 29
3914 58
+65 44
-63 88
+3 22
+2 44
+56 14
+62 5
+1 3
+20 30
-1 30
-1 30
+1 60
+1 60
-2 58
+12 150
3887 2
+27 2
+66 29
+2 29
-2 29
+2 58
-68 3
1345 1
3919 2
+2 2
+9 69
4487 360
4257 90
+2 3
+3 1
-3 1
+3 2
+1 30
+71 90
-4 30
+1 30
+1 30
-1 30
+1 30
+1 60
+1 90
+5 120
+4 90
+3 120
-3 90
+3 116
-3 87
+3 108
-3 54
4443 30
+1 60
+2 60
+3 90
+17 4
4070 6
-91 36
2552 1
+12 1
-12 5
+12 1
4460 90
cfn=(638)
calls=30 1985 
* 120
+1 30
-9 58
+2 58
-1 29
+1 29
-3 29
+3 29
+2 29
-2 116
+2 29
+3 58
2553 1
+36 3
+1 1
-1 1
+1 1
+9 4
+9 3
2921 3
+1 1
+4 1
+4 5
+5 1
-2 1
+5 1
-3 2
-3 1
+2 1
+1 1
+1 1
-1 3
+1 1
4482 1
2669 3
+8 2
+1 3
+13 1
+2 1
-2 2
+8 5
+8 2
+48 4
+40 3
+19 2
+3 2
+1 6
+2 1
+1 5
cfi=(189)
cfn=(632)
calls=1 25 
* 33
+12 4
-12 1
+12 1
2008 4
3882 1
2873 1
+3 1
-1 1
+1 4
+12 1
-11 1
+11 2
2783 1
-1 2
2017 2
2745 1
+1 1
+6 3
-6 1
+6 3
-43 3
cfi=(189)
cfn=(632)
calls=1 25 
* 64
+1 2
-1 1
+1 1
2008 1
2711 1
2008 3
2712 1
+3 2
+29 3

fn=(658)
4495 7
+4 3
+6 4
+1 2
+4 5
+8 4
-1 2
+1 2
+29 1
-20 1
-6 1
+6 2
+20 4
4658 6
3163 1
+4 1
-4 1
+2 4
+1 1
+1 1
4550 1

fn=(618)
3294 240
+7 60
1326 58
+19 149
3311 58
+2 120
+3 58
+10 58
+28 174
3248 4
cfn=(628) tcache_init.part.0
calls=1 -6 
* 473
+68 2
+1 4
+1 87
3178 2
+4 2
+4 1
+4 1
-4 3
+4 1
+1 1
3354 6
-26 116
cfn=(630)
calls=29 3846 
* 4110
+1 145
fi=(187)
153 58
264 1
cfn=(622) ptmalloc_init.part.0
calls=1 -2 
* 1151
fe=(186)
1326 2

fn=(628)
3242 4
+9 8
+1 3
cfn=(630)
calls=1 3846 
* 359
+1 2
+8 4
+9 1
fi=(192) ./malloc/../string/bits/string_fortified.h
59 2
fe=(186)
3270 1
fi=(192)
59 86
fe=(186)
3274 3

fl=(258)
fn=(1198)
27 2
+3 2

fl=(103)
fn=(330)
65 2
-22 4
+1 2
-2 8
+2 4
+3 4
+4 6
+3 6
+11 2

fl=(127)
fn=(394)
29 2
fi=(84)
+11 6
-2 8
fe=(127)
-9 4
fi=(84)
+12 4
+1 6
+3 4
+4 6
+3 10
fe=(127)

fl=(179)
fn=(598)
61 12
+7 12
+2 12
+3 12
+1 12
+2 12
+1 12
+1 12
+1 12
+3 12
+1 12
+3 12
+1 12
+14 12
+5 12
+7 12
+1 12
+14 12
+1 12

fl=(218)
fn=(774)
43 15
+12 2
+4 2
+4 2
+3 3
+6 2
277 12
73 3
+2 1
-2 2
+2 1
-2 3

fl=(89)
fn=(296)
29 1
fi=(90) ./string/../sysdeps/x86_64/multiarch/ifunc-memset.h
+25 5
+3 3
+7 2
+9 2
+2 2
+10 2
+8 2
+3 5
fe=(89)

fl=(104)
fn=(332)
29 2
fi=(105) ./debug/../sysdeps/x86_64/multiarch/ifunc-memset.h
+25 10
+3 6
+7 4
+9 4
+2 4
+10 4
+8 4
+3 10
fe=(104)

fl=(219)
fn=(820)
120 5
+2 1

fl=(235)
fn=(938)
116 2
fi=(234)
-10 1
-3 2
fe=(235)
+16 5
+1 1

fl=(245)
fn=(1078)
22 4
+1 4
+1 20
+2 8

fl=(227)
fn=(886)
24 9
+1 3
cfi=(228) ./nptl/./nptl/pthread_sigmask.c
cfn=(888) pthread_sigmask@@GLIBC_2.32
calls=3 * 
* 84
+1 6
+4 6

fl=(83)
fn=(284)
31 2
fi=(84)
+9 6
-2 8
fe=(83)
-7 4
fi=(84)
+10 4
+1 6
+3 4
+4 6
+3 10
fe=(83)

fl=(117)
fn=(362)
29 1
fi=(118)
+9 2
+1 1
-1 2
+1 2
+3 2
+4 3
+3 3
fe=(117)
-20 1

fl=(106)
fn=(336)
28 2
fi=(84)
+12 6
-2 8
fe=(106)
-10 4
fi=(84)
+13 4
+1 6
+3 4
+4 6
+3 10
fe=(106)

fl=(139)
fn=(432)
31 1
fi=(114)
+6 2
-1 4
fe=(139)
-5 2
fi=(114)
+7 3
+3 2
+4 3
+3 4
fe=(139)

fl=(167) ./setjmp/./setjmp/sigjmp.c
fn=(550) __sigjmp_save
28 6
+2 2
-1 1
+5 4

fl=(247)
fn=(1092)
793 14
+5 8
+2 2
+1 4
+11 4
+4 10

fn=(1116) _IO_file_close
1165 2
+3 4
cfi=(199)
cfn=(668)
calls=2 25 
* 12

fn=(1112) _IO_file_close_it@@GLIBC_2.2.5
128 14
+2 6
+4 4
+3 2
-3 2
-1 4
+6 2
+3 2
-3 2
cfi=(250)
cfn=(1114)
calls=2 937 
* 28
+3 6
fi=(248)
1025 6
+1 4
fe=(247)
142 4
cfn=(1116)
calls=2 1165 
* 18
* 2
+3 6
+8 10
cfi=(250)
cfn=(1118)
calls=2 329 
* 58
+1 2
+3 2
-3 6
+3 2
cfi=(250)
cfn=(1104)
calls=2 53 
* 8
+5 2
-4 2
+1 2
+3 2
-2 2
+3 14

fn=(1122) _IO_file_finish@@GLIBC_2.2.5
168 10
+1 2
-1 2
+1 2
+6 4
+1 6
-1 2
cfi=(250)
cfn=(1124)
calls=2 601 
* 40

fl=(177) ./string/./string/memmem.c
fn=(592) memmem
55 156
+4 48
+2 24
+4 24
+3 36
+2 24
+9 24
fi=(178)
-20 12
fe=(177)
+25 12
fi=(178)
-25 432
fe=(177)
+29 60
+1 84
-1 48
+1 84
-1 48
+4 36
-7 12
+34 12
-27 48
+1 12
-1 24
+3 60
+5 12
+1 72
+2 24
-3 24
+1 144
+2 120
+4 12
+1 24
-33 12
+51 132
fi=(178)
-67 36
fe=(177)

fl=(224)
fn=(840)
43 88
+5 22
+2 11
fi=(269) ./signal/../string/bits/string_fortified.h
-21 11
fe=(224)
+29 11
fi=(269)
-29 22
fe=(224)
+21 11
+3 11
fi=(269)
-24 33
fe=(224)
+24 11
fi=(269)
-24 33
fe=(224)
+24 22
fi=(269)
-24 11
fe=(224)
+29 11
-5 11
+5 33
fi=(269)
-29 66
fe=(224)
+29 66
+5 30
+2 4
fi=(269)
-36 20
fe=(224)
+36 4
fi=(269)
-36 12
fe=(224)
+38 4
fi=(269)
-38 12
fe=(224)
+38 4
+1 4
fi=(269)
-39 4
fe=(224)
+39 4
fi=(269)
-39 16
fe=(224)
+42 66

fl=(229)
fn=(900)
41 7
+7 1
-7 2
+7 1
-7 3
+7 2
+3 2
cfi=(230)
cfn=(902)
calls=1 +63 
* 26
* 1
+9 2
+14 1
cfi=(231)
cfn=(904)
calls=1 -50 
* 16
* 1
+2 2
+38 2
+13 4
cfi=(230)
cfn=(908)
calls=1 +42 
* 29
+2 2
+5 12

fl=(212)
fn=(750)
81 1
+1 4
cfi=(213)
cfn=(752)
calls=1 508 
* 398

fl=(243)
fn=(1062)
22 2
+1 6
+3 4
+1 2

fl=(180) ./locale/./locale/loadarchive.c
fn=(600) _nl_load_locale_from_archive
134 120
+19 12
-18 12
-1 48
+19 12
cfi=(181)
cfn=(602)
calls=12 32 
* 696
+6 37
+1 33
cob=(3)
cfi=(153)
cfn=(570)
calls=11 0 
* 242
* 55
+2 11
+1 11
-1 11
+1 11
499 132
169 3
cob=(3)
cfi=(153)
cfn=(584)
calls=1 0 
* 23
+1 4
+24 2
+76 2
cob=(3)
cfi=(153)
cfn=(576)
calls=1 0 
* 16
fi=(200) ./locale/./locale/hashval.h
35 1
+1 5
+3 1
-1 1
-2 1
+3 1
-3 2
+3 9
-1 9
-2 9
+3 9
-3 18
fe=(180)
270 1
fi=(200)
41 2
fe=(180)
274 1
+3 1
-3 1
+3 2
+3 3
+1 1
-1 1
+1 1
-1 1
+1 10
+6 3
+4 2
+1 6
cob=(3)
cfi=(153)
cfn=(570)
calls=1 0 
* 22
* 5
+10 3
+8 1
-5 1
+5 3
+4 5
+4 1
+1 1
-5 1
+4 1
-4 1
+5 1
-5 3
+4 1
+1 1
-5 1
+4 1
-4 1
+5 1
-5 3
+4 1
+1 1
-5 1
+4 1
-4 1
+5 1
-5 3
+4 1
+1 1
-5 1
+4 1
-4 1
+5 1
-5 3
+4 1
+1 1
-5 1
+4 1
-4 1
+5 1
-5 3
+4 1
+1 1
-5 1
+4 1
-4 1
+5 1
-5 3
+4 1
+1 1
-5 1
+4 1
-4 1
+5 1
-5 3
+4 1
+1 1
-5 1
+4 1
-4 1
+5 1
-5 3
+4 1
+1 1
-5 1
+4 1
-4 1
+5 1
-5 3
+4 1
+1 1
-5 1
+4 1
-4 1
+5 1
-5 3
+4 1
+1 1
-1 1
-4 2
+5 1
-5 3
+4 1
460 1
319 1
-1 1
460 1
cob=(3)
cfi=(153)
cfn=(616)
calls=1 0 
* 192
* 1
+1 2
+3 3
cfi=(201)
cfn=(672)
calls=1 40 
* 105
* 1
+1 2
+6 1
+1 4
-1 1
+3 1
+1 1
-1 2
+3 6
cfi=(202)
cfn=(682)
calls=1 123 
* 1682
-2 11
-1 22
+3 66
cfi=(202)
cfn=(682)
calls=11 123 
* 7336
* 12
+3 24
+4 12
-1 12
+10 12
-9 12
-10 36
+23 2
+1 1
-1 1
+1 2
172 4
cob=(3)
cfi=(153)
cfn=(610)
calls=1 0 
* 21
+1 2
-1 1
+1 3
cfi=(185) ./intl/../intl/l10nflist.c
cfn=(614) _nl_normalize_codeset
calls=1 311 
* 1960
* 1
+1 2
+2 4
cob=(3)
cfi=(153)
cfn=(580)
calls=1 0 
* 27
* 2
+5 1
+2 1
-2 1
cob=(3)
cfi=(153)
cfn=(576)
calls=1 0 
* 16
+1 1
-1 1
+1 1
cob=(3)
cfi=(153)
cfn=(576)
calls=1 0 
* 16
+1 2
-1 1
+1 14
+1 3
-1 2
+1 3
cob=(3)
cfi=(153)
cfn=(642)
calls=1 0 
* 19
* 4
cob=(3)
cfi=(153)
cfn=(642)
calls=1 0 
* 19
fi=(194)
29 2
fe=(180)
184 1
fi=(194)
29 1
cob=(3)
cfi=(153)
cfn=(650)
calls=1 -29 
* 18
fe=(180)
187 1
+2 2
cob=(3)
cfi=(153)
cfn=(652)
calls=1 0 
* 87
* 1
+13 1
+3 2
-3 1
+3 2
cfi=(195)
cfn=(660)
calls=1 28 
* 27
* 1
+1 2
+4 3
cfi=(196) ./io/../sysdeps/unix/sysv/linux/fstat64.c
cfn=(662) fstat
calls=1 30 
* 6
* 2
+15 1
+2 7
cfi=(197)
cfn=(664)
calls=1 47 
* 26
* 1
+1 2
119 2
-1 1
+1 1
+3 3
-1 1
+1 1
+1 2
-3 2
+3 2
235 2
fi=(198) ./locale/../sysdeps/unix/sysv/linux/not-cancel.h
75 2
cfi=(199)
cfn=(668)
calls=1 -50 
* 6
fe=(180)
259 1
+2 1
+4 1

fl=(185)
fn=(614)
311 9
+12 2
+1 3
-11 1
-1 1
+17 2
-5 20
+4 4
-2 4
+3 8
-6 15
+9 4
cob=(3)
cfi=(153)
cfn=(616)
calls=1 0 
* 1819
* 1
+2 2
-2 1
+11 12
-2 12
+1 20
+2 8
-3 1
+4 2
-4 2
+6 1
+4 6

fl=(249)
fn=(1102)
34 16
+14 6
+9 2
fi=(248)
1025 6
+1 4
fe=(249)
57 6
cfi=(247)
cfn=(1122)
calls=2 168 
* 68
+1 6
+13 4
fi=(248)
951 8
+1 6
fe=(249)
76 14
-27 2
cfi=(250)
cfn=(1104)
calls=2 +4 
* 213
+2 16
+1 4
+1 4
cfi=(247)
cfn=(1112)
calls=2 +75 
* 224
fi=(248)
979 2
fe=(249)
53 2
fi=(248)
979 6
+1 18
fe=(249)
51 10

fl=(92)
fn=(304)
29 1
fi=(93)
+28 3
-1 2
+4 3
+14 2
+3 2
+8 2
+8 2
+3 5
fe=(92)

fl=(128)
fn=(398)
29 1
fi=(109) ./string/../sysdeps/x86_64/multiarch/ifunc-strncpy.h
+6 5
+1 3
+3 2
+4 3
+3 4
fe=(128)
-17 1

fl=(166)
fn=(548)
31 1
+2 1
+9 1
+1 2
+1 1
+4 1
+1 1
+1 1
+1 1
+1 1
+2 2
+2 1
+1 1
+1 1
+2 2
+2 1
+5 1
+1 1
+17 1
cfi=(167)
cfn=(550)
calls=1 -57 
* 13

fl=(169)
fn=(566)
23 30
+1 3
fi=(170)
603 12
+19 18
778 6
624 6
778 3
+5 6
+5 4
+1 4
-1 4
+1 12
+6 24
+7 2
947 4
+2 2
fe=(169)
27 2
+2 18
fi=(170)
947 2
+2 1
fe=(169)
27 1
+2 9

fl=(204)
fn=(696)
33 1
+5 1
+27 2
-8 2
+2 1
+2 1
-5 1
+3 1
+2 1
-3 1
+2 1
+5 2
+40 4
+1 1
-1 1
+2 1
-2 1
+1 3
+1 3
+1 3
+1 3
+1 3
+2 1
-45 2
+2 2
+2 3

fl=(115)
fn=(358)
29 1
fi=(268)
+7 5
fe=(115)
-7 1

fl=(134)
fn=(418)
29 1
fi=(135) ./string/../sysdeps/x86_64/multiarch/ifunc-evex.h
+9 3
-1 4
+2 3
+6 2
-3 2
+9 3
+3 4
fe=(134)
-25 1

fl=(187)
fn=(622)
262 1
fi=(188) ./malloc/../sysdeps/unix/sysv/linux/not-cancel.h
97 3
fe=(187)
262 7
+5 1
fi=(188)
97 3
fi=(186)
3143 2
fe=(187)
292 2
+4 3
fi=(186)
1946 4
+3 1
-3 1
+3 2
-3 2
+3 126
-3 126
+3 252
-3 252
+11 1
fe=(187)
300 3
fi=(186)
1958 1
+2 1
fe=(187)
300 1
cob=(3)
cfi=(153)
cfn=(476)
calls=1 0 
* 25
+1 4
cob=(3)
cfi=(153)
cfn=(476)
calls=1 0 
* 26
+1 4
cob=(3)
cfi=(153)
cfn=(476)
calls=1 0 
* 25
+1 4
cob=(3)
cfi=(153)
cfn=(476)
calls=1 0 
* 25
+1 4
cob=(3)
cfi=(153)
cfn=(476)
calls=1 0 
* 26
+1 4
cob=(3)
cfi=(153)
cfn=(476)
calls=1 0 
* 25
+1 4
cob=(3)
cfi=(153)
cfn=(476)
calls=1 0 
* 25
+2 4
cob=(3)
cfi=(153)
cfn=(476)
calls=1 0 
* 25
+1 4
cob=(3)
cfi=(153)
cfn=(476)
calls=1 0 
* 25
+1 4
cob=(3)
cfi=(153)
cfn=(476)
calls=1 0 
* 25
+3 4
cob=(3)
cfi=(153)
cfn=(476)
calls=1 0 
* 25
+1 4
cob=(3)
cfi=(153)
cfn=(476)
calls=1 0 
* 25
+2 2
+10 8

fl=(107)
fn=(340)
30 1
fi=(101) ./wcsmbs/../sysdeps/x86_64/multiarch/ifunc-avx2.h
+10 3
-2 4
fe=(107)
-8 2
fi=(101)
+11 2
+1 3
+3 2
+4 3
+3 5
fe=(107)

fl=(206)
fn=(708) set_binding_values.part.0
75 4
+16 1
-16 6
+16 1
-16 1
+16 1
cfi=(169)
cfn=(566)
calls=1 -68 
* 66
+4 5
310 2
+3 1
-1 1
+1 6
-1 1
cfi=(205)
cfn=(698)
calls=1 30 
* 43
189 6
+12 2
cob=(3)
cfi=(153)
cfn=(576)
calls=1 0 
* 16
* 1
+2 1
-2 1
+2 1
cob=(3)
cfi=(153)
cfn=(616)
calls=1 0 
* 192
+2 2
-2 1
+2 1
fi=(207) ./intl/../string/bits/string_fortified.h
29 4
cob=(3)
cfi=(153)
cfn=(676)
calls=1 -29 
* 22
fe=(206)
219 4
cob=(3)
cfi=(153)
cfn=(570)
calls=1 0 
* 22
-3 1
+3 1
-3 1
+3 2
+19 1
+1 2
+6 2
+28 1
-6 1
+6 3
+4 1
-1 1
+1 2

fn=(706)
319 6
82 4
322 3
cfn=(708)
calls=1 75 
* 434
-1 1
+1 2

fl=(196)
fn=(662)
30 1
+9 4
+33 1

fl=(126)
fn=(386)
31 1
fi=(114)
+6 2
-1 4
fe=(126)
-5 2
fi=(114)
+7 3
+3 2
+4 3
+3 4
fe=(126)

fl=(193)
fn=(644)
242 2
+1 2
+1 2
+1 2
+17 2
+1 2
+42 2
+1 2
+2 2
+1 2
+2 2
+4 2
+16 2
+1 2
+1 2
+1 2
+1 2

fn=(646)
255 1
+1 1
+6 1
+1 1
+42 1
+1 1
+2 1
+1 1
+2 1
+4 1
+1 1
+1 1
+1 1
+1 1
+4 1
+2 1

fn=(678)
249 16
+1 16
+1 80
+4 16
+1 16
+6 16
+1 16
+42 16
+1 16
+2 16
+1 16
+55 16
+1 16
+1 16
+1 16
+1 16

fl=(138)
fn=(428)
33 1
fi=(99)
+24 3
-1 2
+4 3
+14 2
+3 2
+8 2
+8 2
+3 5
fe=(138)

fl=(251)
fn=(1110)
54 4
+1 4
+2 8
+2 4
+1 12
+11 4

fn=(1108)
24 4
+1 4
+2 8
+2 8
+3 8
+14 12
+2 4
+1 4

fl=(86)
fn=(290)
79 2
-31 4
+1 2
-2 8
+2 4
+3 4
+4 6
+3 6
+20 2

fl=(113)
fn=(354)
31 1
fi=(114)
+6 2
-1 4
fe=(113)
-5 2
fi=(114)
+7 3
+3 2
+4 3
+3 4
fe=(113)

fl=(129)
fn=(402)
29 1
fi=(130) ./wcsmbs/../sysdeps/x86_64/multiarch/ifunc-memcmp.h
+5 5
+1 2
+1 2
+1 3
+3 2
+4 3
+3 4
fe=(129)
-18 2

fl=(137)
fn=(424)
31 1
fi=(97)
+9 3
-1 4
+2 3
+3 2
+4 4
fi=(270) ./wcsmbs/../sysdeps/x86_64/multiarch/wcpncpy.c
-17 1
fe=(137)

fl=(172)
fn=(574)
24 333
+1 296
+3 37
cob=(3)
cfi=(153)
cfn=(576)
calls=37 -28 
* 592
+1 37
-1 37
+1 9830
+2 4902
+1 1040
cob=(3)
cfi=(153)
cfn=(580)
calls=260 -32 
* 7828
* 568
+1 12
+4 333

fl=(254)
fn=(1144)
367 1
51 3
+1 2
367 3
57 2
+8 1
-3 1
-23 1
+1 4
+1 1
+29 1
+2 1
369 2
74 2
+6 4
+4 3
+3 2

fl=(175)
fn=(588)
103 168
+3 12
-3 36
+3 12
+8 24
+17 36
cob=(3)
cfi=(153)
cfn=(570)
calls=12 0 
* 264
* 24
+1 36
cob=(3)
cfi=(153)
cfn=(570)
calls=12 0 
* 264
* 24
-58 24
cob=(3)
cfi=(153)
cfn=(576)
calls=12 -74 
* 192
* 12
+3 24
+4 60
cfi=(177)
cfn=(592)
calls=12 -26 
* 1932
* 24
+3 24
+2 12
+1 48
+8 48
cob=(3)
cfi=(153)
cfn=(596)
calls=12 -95 
* 252
* 24
+50 24
+4 24
+3 36
cfi=(180)
cfn=(600)
calls=12 -18 
* 13661
+1 24
324 132
118 24
cfi=(172)
cfn=(574)
calls=12 -94 
* 9360
* 24
-53 24
fi=(176) ./locale/./locale/localeinfo.h
222 60
fe=(175)
120 12
cfi=(172)
cfn=(574)
calls=12 -96 
* 9756
* 24
-55 24
+57 24
cfi=(172)
cfn=(574)
calls=12 -98 
* 5940
* 24
-57 48
282 24

fl=(152)
fn=(474)
55 2
+1 2
-1 2
+1 2
-1 4
+1 1
cob=(3)
cfi=(153)
cfn=(476)
calls=1 -56 
* 26
+2 4
cob=(3)
cfi=(153)
cfn=(476)
calls=1 -58 
* 25
+2 4
cob=(3)
cfi=(153)
cfn=(476)
calls=1 -60 
* 26
+2 6

fl=(94)
fn=(308)
29 2
fi=(93)
+28 6
-1 4
+4 6
+14 4
+3 4
+8 4
+8 4
+3 10
fe=(94)

fl=(190)
fn=(634)
37 16
+3 2
+3 2
-3 2
+3 2
+35 7
-20 4
+4 4
+4 4
+8 1
cfi=(191)
cfn=(636)
calls=1 -38 
* 9
* 2
+4 7
-19 2
cfi=(191)
cfn=(636)
calls=1 -23 
* 9
* 2
+4 2

fl=(214)
fn=(756)
28 2
+1 2
+1 2
+2 2
+1 2
+1 2
+12 2
+1 2
+1 2
+1 2
+1 2
+1 2
+1 2
+6 2
+1 2
+1 2

fl=(217)
fn=(764)
29 2
+10 2
-6 2
+7 20
+6 2
+1 4

fl=(228)
fn=(888)
25 21
+5 6
+2 3
fi=(271) ./nptl/../sysdeps/unix/sysv/linux/sigsetops.h
+64 3
fe=(228)
-64 6
+8 15
+5 15
+1 15

fl=(210)
fn=(730)
706 5
+4 1
-1 2
+3 1
-3 1
+3 3
-3 2
+3 1
cfn=(732) _getopt_internal_r
calls=1 474 
* 71
+4 1
+1 1
-1 1
+1 1
+4 1
-4 1
+1 3
+3 2

fn=(732)
474 12
+1 1
+2 2
+5 1
-2 4
+2 5
-91 1
+1 1
-1 2
+4 3
+5 2
700 9
410 1
-7 1
+84 1
-4 1
+4 1
+12 3
+2 3
+3 3
+24 6
+29 2
+2 2
-81 2
-76 2

fl=(100)
fn=(390)
31 1
fi=(97)
+9 3
-1 4
+2 3
+3 2
+4 4
fe=(100)
-17 1

fn=(324)
31 2
fi=(101)
+9 6
-2 8
fi=(102) ./wcsmbs/../sysdeps/x86_64/multiarch/wcschr.c
-7 4
fi=(101)
+10 4
+1 6
+3 4
+4 6
+3 10
fe=(100)

fl=(108)
fn=(344)
31 1
fi=(109)
+4 5
+1 3
+3 2
+4 3
+3 4
fe=(108)
-15 1

totals: 261436
