[2026-04-21 18:49:40] [INFO] (src/debug.c:18) --- DEBUG SESSION STARTED ---
[2026-04-21 18:49:40] [INFO] (src/main.c:28) Starting 0-board (Clean Architecture)...
[2026-04-21 18:51:54] [INFO] (src/debug.c:18) --- DEBUG SESSION STARTED ---
[2026-04-21 18:51:54] [INFO] (src/main.c:28) Starting 0-board (Clean Architecture)...
[2026-04-21 18:51:58] [DEBUG] (src/ui_events.c:46) Key pressed: index=37, label='z', sym=0x7a
[2026-04-21 18:52:02] [DEBUG] (src/ui_events.c:46) Key pressed: index=37, label='z', sym=0x7a
[2026-04-21 18:52:03] [DEBUG] (src/ui_events.c:41) Size cycled via key (index: 1)
[2026-04-21 18:52:06] [DEBUG] (src/ui_events.c:46) Key pressed: index=0, label='esc', sym=0xff1b
[2026-04-21 18:52:07] [DEBUG] (src/ui_events.c:46) Key pressed: index=0, label='esc', sym=0xff1b
[2026-04-21 18:52:08] [DEBUG] (src/ui_events.c:46) Key pressed: index=0, label='esc', sym=0xff1b
[2026-04-21 18:52:08] [DEBUG] (src/ui_events.c:46) Key pressed: index=0, label='esc', sym=0xff1b
[2026-04-21 18:59:13] [INFO] (src/debug.c:18) --- DEBUG SESSION STARTED ---
[2026-04-21 18:59:13] [INFO] (src/main.c:28) Starting 0-board (Clean Architecture)...
[2026-04-21 18:59:15] [DEBUG] (src/ui_events.c:46) Key pressed: index=50, label=' ', sym=0x20
[2026-04-21 18:59:19] [DEBUG] (src/ui_events.c:46) Key pressed: index=50, label=' ', sym=0x20
[2026-04-21 18:59:19] [DEBUG] (src/ui_events.c:46) Key pressed: index=6, label='6', sym=0x36
[2026-04-21 18:59:19] [DEBUG] (src/ui_events.c:46) Key pressed: index=6, label='6', sym=0x36
[2026-04-21 18:59:19] [DEBUG] (src/ui_events.c:46) Key pressed: index=6, label='6', sym=0x36
[2026-04-21 18:59:19] [DEBUG] (src/ui_events.c:46) Key pressed: index=6, label='6', sym=0x36
[2026-04-21 18:59:19] [DEBUG] (src/ui_events.c:46) Key pressed: index=6, label='6', sym=0x36
[2026-04-21 18:59:20] [DEBUG] (src/ui_events.c:46) Key pressed: index=6, label='6', sym=0x36
[2026-04-21 18:59:23] [DEBUG] (src/ui_events.c:46) Key pressed: index=37, label='z', sym=0x7a
[2026-04-21 18:59:23] [DEBUG] (src/ui_events.c:46) Key pressed: index=37, label='z', sym=0x7a
[2026-04-21 18:59:23] [DEBUG] (src/ui_events.c:46) Key pressed: index=37, label='z', sym=0x7a
[2026-04-21 18:59:23] [DEBUG] (src/ui_events.c:46) Key pressed: index=37, label='z', sym=0x7a
[2026-04-21 18:59:23] [DEBUG] (src/ui_events.c:46) Key pressed: index=37, label='z', sym=0x7a
[2026-04-21 18:59:24] [DEBUG] (src/ui_events.c:46) Key pressed: index=25, label='a', sym=0x61
[2026-04-21 18:59:24] [DEBUG] (src/ui_events.c:46) Key pressed: index=25, label='a', sym=0x61
[2026-04-21 18:59:24] [DEBUG] (src/ui_events.c:46) Key pressed: index=25, label='a', sym=0x61
[2026-04-21 18:59:25] [DEBUG] (src/ui_events.c:46) Key pressed: index=13, label='q', sym=0x71
[2026-04-21 18:59:25] [DEBUG] (src/ui_events.c:46) Key pressed: index=13, label='q', sym=0x71
[2026-04-21 18:59:25] [DEBUG] (src/ui_events.c:46) Key pressed: index=13, label='q', sym=0x71
[2026-04-21 18:59:25] [DEBUG] (src/ui_events.c:46) Key pressed: index=13, label='q', sym=0x71
[2026-04-21 18:59:26] [DEBUG] (src/ui_events.c:46) Key pressed: index=13, label='q', sym=0x71
[2026-04-21 18:59:26] [DEBUG] (src/ui_events.c:46) Key pressed: index=36, label='shift', sym=0xffe1
[2026-04-21 18:59:29] [DEBUG] (src/ui_events.c:46) Key pressed: index=13, label='Q', sym=0x51
[2026-04-21 18:59:29] [DEBUG] (src/ui_events.c:46) Key pressed: index=13, label='Q', sym=0x51
[2026-04-21 18:59:31] [DEBUG] (src/ui_events.c:46) Key pressed: index=29, label='G', sym=0x47
[2026-04-21 18:59:31] [DEBUG] (src/ui_events.c:46) Key pressed: index=30, label='H', sym=0x48
[2026-04-21 18:59:31] [DEBUG] (src/ui_events.c:46) Key pressed: index=30, label='H', sym=0x48
[2026-04-21 18:59:31] [DEBUG] (src/ui_events.c:46) Key pressed: index=31, label='J', sym=0x4a
[2026-04-21 18:59:32] [DEBUG] (src/ui_events.c:46) Key pressed: index=32, label='K', sym=0x4b
[2026-04-21 18:59:33] [DEBUG] (src/ui_events.c:41) Size cycled via key (index: 1)
[2026-04-21 18:59:35] [DEBUG] (src/ui_events.c:41) Size cycled via key (index: 2)
[2026-04-21 18:59:45] [DEBUG] (src/ui_events.c:46) Key pressed: index=38, label='X', sym=0x58
[2026-04-21 18:59:45] [DEBUG] (src/ui_events.c:46) Key pressed: index=38, label='X', sym=0x58
[2026-04-21 18:59:45] [DEBUG] (src/ui_events.c:46) Key pressed: index=38, label='X', sym=0x58
[2026-04-21 18:59:46] [DEBUG] (src/ui_events.c:46) Key pressed: index=35, label='"', sym=0x22
[2026-04-21 18:59:46] [DEBUG] (src/ui_events.c:46) Key pressed: index=35, label='"', sym=0x22
[2026-04-21 18:59:46] [DEBUG] (src/ui_events.c:46) Key pressed: index=35, label='"', sym=0x22
[2026-04-21 18:59:47] [DEBUG] (src/ui_events.c:46) Key pressed: index=35, label='"', sym=0x22
[2026-04-21 18:59:47] [DEBUG] (src/ui_events.c:46) Key pressed: index=35, label='"', sym=0x22
[2026-04-21 18:59:47] [DEBUG] (src/ui_events.c:46) Key pressed: index=35, label='"', sym=0x22
[2026-04-21 18:59:49] [DEBUG] (src/ui_events.c:46) Key pressed: index=35, label='"', sym=0x22
[2026-04-21 19:01:39] [INFO] (src/debug.c:18) --- DEBUG SESSION STARTED ---
[2026-04-21 19:01:39] [INFO] (src/main.c:28) Starting 0-board (Clean Architecture)...
[2026-04-21 19:01:40] [DEBUG] (src/ui_events.c:46) Key pressed: index=36, label='shift', sym=0xffe1
[2026-04-21 19:01:44] [DEBUG] (src/ui_events.c:46) Key pressed: index=36, label='shift', sym=0xffe1
[2026-04-21 19:03:54] [INFO] (src/debug.c:18) --- DEBUG SESSION STARTED ---
[2026-04-21 19:03:54] [INFO] (src/main.c:28) Starting 0-board (Clean Architecture)...
[2026-04-21 19:03:55] [DEBUG] (src/ui_events.c:46) Key pressed: index=36, label='shift', sym=0xffe1
[2026-04-21 19:03:55] [DEBUG] (src/keyboard_state.c:27) State: Shift toggled to ON
[2026-04-21 19:06:00] [INFO] (src/debug.c:18) --- DEBUG SESSION STARTED ---
[2026-04-21 19:06:00] [INFO] (src/main.c:28) Starting 0-board (Clean Architecture)...
[2026-04-21 19:06:01] [DEBUG] (src/ui_events.c:47) EVENT: Click on key 36 ('shift'), current_layer=0, sym=0xffe1
[2026-04-21 19:06:01] [DEBUG] (src/keyboard_state.c:27) State: Shift toggled to ON
[2026-04-21 19:06:01] [DEBUG] (src/ui_events.c:53) STATE CHANGE: layer 0 -> 1
[2026-04-21 19:06:01] [DEBUG] (src/ui_events.c:47) EVENT: Click on key 36 ('shift'), current_layer=1, sym=0xffe1
[2026-04-21 19:06:01] [DEBUG] (src/keyboard_state.c:27) State: Shift toggled to OFF
[2026-04-21 19:06:01] [DEBUG] (src/ui_events.c:53) STATE CHANGE: layer 1 -> 0
[2026-04-21 19:06:01] [DEBUG] (src/ui_events.c:47) EVENT: Click on key 36 ('shift'), current_layer=0, sym=0xffe1
[2026-04-21 19:06:01] [DEBUG] (src/keyboard_state.c:27) State: Shift toggled to ON
[2026-04-21 19:06:01] [DEBUG] (src/ui_events.c:53) STATE CHANGE: layer 0 -> 1
[2026-04-21 19:06:01] [DEBUG] (src/ui_events.c:47) EVENT: Click on key 36 ('shift'), current_layer=1, sym=0xffe1
[2026-04-21 19:06:01] [DEBUG] (src/keyboard_state.c:27) State: Shift toggled to OFF
[2026-04-21 19:06:01] [DEBUG] (src/ui_events.c:53) STATE CHANGE: layer 1 -> 0
[2026-04-21 19:06:02] [DEBUG] (src/ui_events.c:47) EVENT: Click on key 36 ('shift'), current_layer=0, sym=0xffe1
[2026-04-21 19:06:02] [DEBUG] (src/keyboard_state.c:27) State: Shift toggled to ON
[2026-04-21 19:06:02] [DEBUG] (src/ui_events.c:53) STATE CHANGE: layer 0 -> 1
[2026-04-21 19:06:02] [DEBUG] (src/ui_events.c:47) EVENT: Click on key 36 ('shift'), current_layer=1, sym=0xffe1
[2026-04-21 19:06:02] [DEBUG] (src/keyboard_state.c:27) State: Shift toggled to OFF
[2026-04-21 19:06:02] [DEBUG] (src/ui_events.c:53) STATE CHANGE: layer 1 -> 0
[2026-04-21 19:06:03] [DEBUG] (src/ui_events.c:47) EVENT: Click on key 36 ('shift'), current_layer=0, sym=0xffe1
[2026-04-21 19:06:03] [DEBUG] (src/keyboard_state.c:27) State: Shift toggled to ON
[2026-04-21 19:06:03] [DEBUG] (src/ui_events.c:53) STATE CHANGE: layer 0 -> 1
[2026-04-21 19:06:04] [DEBUG] (src/ui_events.c:47) EVENT: Click on key 36 ('shift'), current_layer=1, sym=0xffe1
[2026-04-21 19:06:04] [DEBUG] (src/keyboard_state.c:27) State: Shift toggled to OFF
[2026-04-21 19:06:04] [DEBUG] (src/ui_events.c:53) STATE CHANGE: layer 1 -> 0
[2026-04-21 19:06:04] [DEBUG] (src/ui_events.c:47) EVENT: Click on key 36 ('shift'), current_layer=0, sym=0xffe1
[2026-04-21 19:06:04] [DEBUG] (src/keyboard_state.c:27) State: Shift toggled to ON
[2026-04-21 19:06:04] [DEBUG] (src/ui_events.c:53) STATE CHANGE: layer 0 -> 1
[2026-04-21 19:06:05] [DEBUG] (src/ui_events.c:47) EVENT: Click on key 36 ('shift'), current_layer=1, sym=0xffe1
[2026-04-21 19:06:05] [DEBUG] (src/keyboard_state.c:27) State: Shift toggled to OFF
[2026-04-21 19:06:05] [DEBUG] (src/ui_events.c:53) STATE CHANGE: layer 1 -> 0
[2026-04-21 19:06:05] [DEBUG] (src/ui_events.c:47) EVENT: Click on key 36 ('shift'), current_layer=0, sym=0xffe1
[2026-04-21 19:06:05] [DEBUG] (src/keyboard_state.c:27) State: Shift toggled to ON
[2026-04-21 19:06:05] [DEBUG] (src/ui_events.c:53) STATE CHANGE: layer 0 -> 1
[2026-04-21 19:06:05] [DEBUG] (src/ui_events.c:47) EVENT: Click on key 36 ('shift'), current_layer=1, sym=0xffe1
[2026-04-21 19:06:05] [DEBUG] (src/keyboard_state.c:27) State: Shift toggled to OFF
[2026-04-21 19:06:05] [DEBUG] (src/ui_events.c:53) STATE CHANGE: layer 1 -> 0
[2026-04-21 19:06:06] [DEBUG] (src/ui_events.c:47) EVENT: Click on key 36 ('shift'), current_layer=0, sym=0xffe1
[2026-04-21 19:06:06] [DEBUG] (src/keyboard_state.c:27) State: Shift toggled to ON
[2026-04-21 19:06:06] [DEBUG] (src/ui_events.c:53) STATE CHANGE: layer 0 -> 1
[2026-04-21 19:06:07] [DEBUG] (src/ui_events.c:47) EVENT: Click on key 25 ('A'), current_layer=1, sym=0x41
[2026-04-21 19:06:07] [DEBUG] (src/ui_events.c:53) STATE CHANGE: layer 1 -> 1
[2026-04-21 19:06:08] [DEBUG] (src/ui_events.c:47) EVENT: Click on key 25 ('A'), current_layer=1, sym=0x41
[2026-04-21 19:06:08] [DEBUG] (src/ui_events.c:53) STATE CHANGE: layer 1 -> 1
[2026-04-21 19:06:08] [DEBUG] (src/ui_events.c:47) EVENT: Click on key 25 ('A'), current_layer=1, sym=0x41
[2026-04-21 19:06:08] [DEBUG] (src/ui_events.c:53) STATE CHANGE: layer 1 -> 1
[2026-04-21 19:06:08] [DEBUG] (src/ui_events.c:47) EVENT: Click on key 25 ('A'), current_layer=1, sym=0x41
[2026-04-21 19:06:08] [DEBUG] (src/ui_events.c:53) STATE CHANGE: layer 1 -> 1
[2026-04-21 19:06:09] [DEBUG] (src/ui_events.c:47) EVENT: Click on key 36 ('shift'), current_layer=1, sym=0xffe1
[2026-04-21 19:06:09] [DEBUG] (src/keyboard_state.c:27) State: Shift toggled to OFF
[2026-04-21 19:06:09] [DEBUG] (src/ui_events.c:53) STATE CHANGE: layer 1 -> 0
[2026-04-21 19:06:09] [DEBUG] (src/ui_events.c:47) EVENT: Click on key 25 ('a'), current_layer=0, sym=0x61
[2026-04-21 19:06:09] [DEBUG] (src/ui_events.c:53) STATE CHANGE: layer 0 -> 0
[2026-04-21 19:06:10] [DEBUG] (src/ui_events.c:47) EVENT: Click on key 25 ('a'), current_layer=0, sym=0x61
[2026-04-21 19:06:10] [DEBUG] (src/ui_events.c:53) STATE CHANGE: layer 0 -> 0
[2026-04-21 19:06:10] [DEBUG] (src/ui_events.c:47) EVENT: Click on key 25 ('a'), current_layer=0, sym=0x61
[2026-04-21 19:06:10] [DEBUG] (src/ui_events.c:53) STATE CHANGE: layer 0 -> 0
[2026-04-21 19:06:10] [DEBUG] (src/ui_events.c:47) EVENT: Click on key 25 ('a'), current_layer=0, sym=0x61
[2026-04-21 19:06:10] [DEBUG] (src/ui_events.c:53) STATE CHANGE: layer 0 -> 0
[2026-04-21 19:06:10] [DEBUG] (src/ui_events.c:47) EVENT: Click on key 36 ('shift'), current_layer=0, sym=0xffe1
[2026-04-21 19:06:10] [DEBUG] (src/keyboard_state.c:27) State: Shift toggled to ON
[2026-04-21 19:06:10] [DEBUG] (src/ui_events.c:53) STATE CHANGE: layer 0 -> 1
[2026-04-21 19:06:11] [DEBUG] (src/ui_events.c:47) EVENT: Click on key 36 ('shift'), current_layer=1, sym=0xffe1
[2026-04-21 19:06:11] [DEBUG] (src/keyboard_state.c:27) State: Shift toggled to OFF
[2026-04-21 19:06:11] [DEBUG] (src/ui_events.c:53) STATE CHANGE: layer 1 -> 0
[2026-04-21 19:06:11] [DEBUG] (src/ui_events.c:47) EVENT: Click on key 36 ('shift'), current_layer=0, sym=0xffe1
[2026-04-21 19:06:11] [DEBUG] (src/keyboard_state.c:27) State: Shift toggled to ON
[2026-04-21 19:06:11] [DEBUG] (src/ui_events.c:53) STATE CHANGE: layer 0 -> 1
[2026-04-21 19:06:11] [DEBUG] (src/ui_events.c:47) EVENT: Click on key 36 ('shift'), current_layer=1, sym=0xffe1
[2026-04-21 19:06:11] [DEBUG] (src/keyboard_state.c:27) State: Shift toggled to OFF
[2026-04-21 19:06:11] [DEBUG] (src/ui_events.c:53) STATE CHANGE: layer 1 -> 0
[2026-04-21 19:06:11] [DEBUG] (src/ui_events.c:47) EVENT: Click on key 36 ('shift'), current_layer=0, sym=0xffe1
[2026-04-21 19:06:11] [DEBUG] (src/keyboard_state.c:27) State: Shift toggled to ON
[2026-04-21 19:06:11] [DEBUG] (src/ui_events.c:53) STATE CHANGE: layer 0 -> 1
[2026-04-21 19:06:12] [DEBUG] (src/ui_events.c:47) EVENT: Click on key 36 ('shift'), current_layer=1, sym=0xffe1
[2026-04-21 19:06:12] [DEBUG] (src/keyboard_state.c:27) State: Shift toggled to OFF
[2026-04-21 19:06:12] [DEBUG] (src/ui_events.c:53) STATE CHANGE: layer 1 -> 0
[2026-04-21 19:10:06] [INFO] (src/debug.c:18) --- DEBUG SESSION STARTED ---
[2026-04-21 19:10:06] [INFO] (src/main.c:28) Starting 0-board (Clean Architecture)...
[2026-04-21 19:10:07] [DEBUG] (src/ui_events.c:47) EVENT: Click on key 36 ('shift'), current_layer=0, sym=0xffe1
[2026-04-21 19:10:07] [DEBUG] (src/keyboard_state.c:27) State: Shift toggled to ON
[2026-04-21 19:10:07] [DEBUG] (src/ui_events.c:53) STATE CHANGE: layer 0 -> 1
[2026-04-21 19:10:12] [DEBUG] (src/ui_events.c:47) EVENT: Click on key 25 ('A'), current_layer=1, sym=0x41
[2026-04-21 19:10:12] [DEBUG] (src/ui_events.c:53) STATE CHANGE: layer 1 -> 1
[2026-04-21 19:10:12] [DEBUG] (src/ui_events.c:47) EVENT: Click on key 36 ('shift'), current_layer=1, sym=0xffe1
[2026-04-21 19:10:12] [DEBUG] (src/keyboard_state.c:27) State: Shift toggled to OFF
[2026-04-21 19:10:12] [DEBUG] (src/ui_events.c:53) STATE CHANGE: layer 1 -> 0
[2026-04-21 19:10:12] [DEBUG] (src/ui_events.c:47) EVENT: Click on key 25 ('a'), current_layer=0, sym=0x61
[2026-04-21 19:10:12] [DEBUG] (src/ui_events.c:53) STATE CHANGE: layer 0 -> 0
[2026-04-21 19:10:12] [DEBUG] (src/ui_events.c:47) EVENT: Click on key 25 ('a'), current_layer=0, sym=0x61
[2026-04-21 19:10:12] [DEBUG] (src/ui_events.c:53) STATE CHANGE: layer 0 -> 0
[2026-04-21 19:10:12] [DEBUG] (src/ui_events.c:47) EVENT: Click on key 25 ('a'), current_layer=0, sym=0x61
[2026-04-21 19:10:12] [DEBUG] (src/ui_events.c:53) STATE CHANGE: layer 0 -> 0
[2026-04-21 19:10:12] [DEBUG] (src/ui_events.c:47) EVENT: Click on key 25 ('a'), current_layer=0, sym=0x61
[2026-04-21 19:10:12] [DEBUG] (src/ui_events.c:53) STATE CHANGE: layer 0 -> 0
[2026-04-21 19:10:12] [DEBUG] (src/ui_events.c:47) EVENT: Click on key 25 ('a'), current_layer=0, sym=0x61
[2026-04-21 19:10:12] [DEBUG] (src/ui_events.c:53) STATE CHANGE: layer 0 -> 0
[2026-04-21 19:10:15] [DEBUG] (src/ui_events.c:47) EVENT: Click on key 36 ('shift'), current_layer=0, sym=0xffe1
[2026-04-21 19:10:15] [DEBUG] (src/keyboard_state.c:27) State: Shift toggled to ON
[2026-04-21 19:10:15] [DEBUG] (src/ui_events.c:53) STATE CHANGE: layer 0 -> 1
[2026-04-21 19:10:16] [DEBUG] (src/ui_events.c:47) EVENT: Click on key 36 ('shift'), current_layer=1, sym=0xffe1
[2026-04-21 19:10:16] [DEBUG] (src/keyboard_state.c:27) State: Shift toggled to OFF
[2026-04-21 19:10:16] [DEBUG] (src/ui_events.c:53) STATE CHANGE: layer 1 -> 0
[2026-04-21 19:10:17] [DEBUG] (src/ui_events.c:47) EVENT: Click on key 25 ('a'), current_layer=0, sym=0x61
[2026-04-21 19:10:17] [DEBUG] (src/ui_events.c:53) STATE CHANGE: layer 0 -> 0
[2026-04-21 19:10:18] [DEBUG] (src/ui_events.c:47) EVENT: Click on key 25 ('a'), current_layer=0, sym=0x61
[2026-04-21 19:10:18] [DEBUG] (src/ui_events.c:53) STATE CHANGE: layer 0 -> 0
[2026-04-21 19:10:18] [DEBUG] (src/ui_events.c:47) EVENT: Click on key 25 ('a'), current_layer=0, sym=0x61
[2026-04-21 19:10:18] [DEBUG] (src/ui_events.c:53) STATE CHANGE: layer 0 -> 0
[2026-04-21 19:10:19] [DEBUG] (src/ui_events.c:47) EVENT: Click on key 36 ('shift'), current_layer=0, sym=0xffe1
[2026-04-21 19:10:19] [DEBUG] (src/keyboard_state.c:27) State: Shift toggled to ON
[2026-04-21 19:10:19] [DEBUG] (src/ui_events.c:53) STATE CHANGE: layer 0 -> 1
[2026-04-21 19:10:20] [DEBUG] (src/ui_events.c:47) EVENT: Click on key 25 ('A'), current_layer=1, sym=0x41
[2026-04-21 19:10:20] [DEBUG] (src/ui_events.c:53) STATE CHANGE: layer 1 -> 1
[2026-04-21 19:10:21] [DEBUG] (src/ui_events.c:47) EVENT: Click on key 25 ('A'), current_layer=1, sym=0x41
[2026-04-21 19:10:21] [DEBUG] (src/ui_events.c:53) STATE CHANGE: layer 1 -> 1
[2026-04-21 19:10:21] [DEBUG] (src/ui_events.c:47) EVENT: Click on key 25 ('A'), current_layer=1, sym=0x41
[2026-04-21 19:10:21] [DEBUG] (src/ui_events.c:53) STATE CHANGE: layer 1 -> 1
[2026-04-21 19:10:22] [DEBUG] (src/ui_events.c:47) EVENT: Click on key 25 ('A'), current_layer=1, sym=0x41
[2026-04-21 19:10:22] [DEBUG] (src/ui_events.c:53) STATE CHANGE: layer 1 -> 1
[2026-04-21 19:10:22] [DEBUG] (src/ui_events.c:47) EVENT: Click on key 36 ('shift'), current_layer=1, sym=0xffe1
[2026-04-21 19:10:22] [DEBUG] (src/keyboard_state.c:27) State: Shift toggled to OFF
[2026-04-21 19:10:22] [DEBUG] (src/ui_events.c:53) STATE CHANGE: layer 1 -> 0
[2026-04-21 19:10:23] [DEBUG] (src/ui_events.c:47) EVENT: Click on key 36 ('shift'), current_layer=0, sym=0xffe1
[2026-04-21 19:10:23] [DEBUG] (src/keyboard_state.c:27) State: Shift toggled to ON
[2026-04-21 19:10:23] [DEBUG] (src/ui_events.c:53) STATE CHANGE: layer 0 -> 1
[2026-04-21 19:10:24] [DEBUG] (src/ui_events.c:47) EVENT: Click on key 25 ('A'), current_layer=1, sym=0x41
[2026-04-21 19:10:24] [DEBUG] (src/ui_events.c:53) STATE CHANGE: layer 1 -> 1
[2026-04-21 19:10:24] [DEBUG] (src/ui_events.c:47) EVENT: Click on key 25 ('A'), current_layer=1, sym=0x41
[2026-04-21 19:10:24] [DEBUG] (src/ui_events.c:53) STATE CHANGE: layer 1 -> 1
[2026-04-21 19:10:25] [DEBUG] (src/ui_events.c:47) EVENT: Click on key 25 ('A'), current_layer=1, sym=0x41
[2026-04-21 19:10:25] [DEBUG] (src/ui_events.c:53) STATE CHANGE: layer 1 -> 1
[2026-04-21 19:10:25] [DEBUG] (src/ui_events.c:47) EVENT: Click on key 25 ('A'), current_layer=1, sym=0x41
[2026-04-21 19:10:25] [DEBUG] (src/ui_events.c:53) STATE CHANGE: layer 1 -> 1
[2026-04-21 19:10:26] [DEBUG] (src/ui_events.c:47) EVENT: Click on key 25 ('A'), current_layer=1, sym=0x41
[2026-04-21 19:10:26] [DEBUG] (src/ui_events.c:53) STATE CHANGE: layer 1 -> 1
[2026-04-21 19:10:26] [DEBUG] (src/ui_events.c:47) EVENT: Click on key 25 ('A'), current_layer=1, sym=0x41
[2026-04-21 19:10:26] [DEBUG] (src/ui_events.c:53) STATE CHANGE: layer 1 -> 1
[2026-04-21 19:10:30] [DEBUG] (src/ui_events.c:47) EVENT: Click on key 36 ('shift'), current_layer=1, sym=0xffe1
[2026-04-21 19:10:30] [DEBUG] (src/keyboard_state.c:27) State: Shift toggled to OFF
[2026-04-21 19:10:30] [DEBUG] (src/ui_events.c:53) STATE CHANGE: layer 1 -> 0
[2026-04-21 19:10:30] [DEBUG] (src/ui_events.c:47) EVENT: Click on key 36 ('shift'), current_layer=0, sym=0xffe1
[2026-04-21 19:10:30] [DEBUG] (src/keyboard_state.c:27) State: Shift toggled to ON
[2026-04-21 19:10:30] [DEBUG] (src/ui_events.c:53) STATE CHANGE: layer 0 -> 1
[2026-04-21 19:10:31] [DEBUG] (src/ui_events.c:47) EVENT: Click on key 36 ('shift'), current_layer=1, sym=0xffe1
[2026-04-21 19:10:31] [DEBUG] (src/keyboard_state.c:27) State: Shift toggled to OFF
[2026-04-21 19:10:31] [DEBUG] (src/ui_events.c:53) STATE CHANGE: layer 1 -> 0
[2026-04-21 19:13:42] [INFO] (src/debug.c:18) --- DEBUG SESSION STARTED ---
[2026-04-21 19:13:42] [INFO] (src/main.c:28) Starting 0-board (Clean Architecture)...
[2026-04-21 19:13:43] [DEBUG] (src/ui_events.c:47) EVENT: Click on key 36 ('shift'), current_layer=0, sym=0xffe1
[2026-04-21 19:13:43] [DEBUG] (src/keyboard_state.c:29) State: Shift One-Shot active
[2026-04-21 19:13:43] [DEBUG] (src/ui_events.c:53) STATE CHANGE: layer 0 -> 1
[2026-04-21 19:13:46] [DEBUG] (src/ui_events.c:47) EVENT: Click on key 25 ('A'), current_layer=1, sym=0x41
[2026-04-21 19:13:46] [DEBUG] (src/ui_events.c:53) STATE CHANGE: layer 1 -> 1
[2026-04-21 19:13:46] [DEBUG] (src/keyboard_state.c:49) State: One-Shot Shift consumed by key
[2026-04-21 19:13:48] [DEBUG] (src/ui_events.c:47) EVENT: Click on key 36 ('shift'), current_layer=0, sym=0xffe1
[2026-04-21 19:13:48] [DEBUG] (src/keyboard_state.c:29) State: Shift One-Shot active
[2026-04-21 19:13:48] [DEBUG] (src/ui_events.c:53) STATE CHANGE: layer 0 -> 1
[2026-04-21 19:13:48] [DEBUG] (src/ui_events.c:47) EVENT: Click on key 25 ('A'), current_layer=1, sym=0x41
[2026-04-21 19:13:48] [DEBUG] (src/ui_events.c:53) STATE CHANGE: layer 1 -> 1
[2026-04-21 19:13:48] [DEBUG] (src/keyboard_state.c:49) State: One-Shot Shift consumed by key
[2026-04-21 19:13:49] [DEBUG] (src/ui_events.c:47) EVENT: Click on key 25 ('a'), current_layer=0, sym=0x61
[2026-04-21 19:13:49] [DEBUG] (src/ui_events.c:53) STATE CHANGE: layer 0 -> 0
[2026-04-21 19:13:49] [DEBUG] (src/ui_events.c:47) EVENT: Click on key 25 ('a'), current_layer=0, sym=0x61
[2026-04-21 19:13:49] [DEBUG] (src/ui_events.c:53) STATE CHANGE: layer 0 -> 0
[2026-04-21 19:13:50] [DEBUG] (src/ui_events.c:47) EVENT: Click on key 25 ('a'), current_layer=0, sym=0x61
[2026-04-21 19:13:50] [DEBUG] (src/ui_events.c:53) STATE CHANGE: layer 0 -> 0
[2026-04-21 19:13:51] [DEBUG] (src/ui_events.c:47) EVENT: Click on key 36 ('shift'), current_layer=0, sym=0xffe1
[2026-04-21 19:13:51] [DEBUG] (src/keyboard_state.c:29) State: Shift One-Shot active
[2026-04-21 19:13:51] [DEBUG] (src/ui_events.c:53) STATE CHANGE: layer 0 -> 1
[2026-04-21 19:13:51] [DEBUG] (src/ui_events.c:47) EVENT: Click on key 36 ('shift'), current_layer=1, sym=0xffe1
[2026-04-21 19:13:51] [DEBUG] (src/keyboard_state.c:32) State: Shift LOCKED active
[2026-04-21 19:13:51] [DEBUG] (src/ui_events.c:53) STATE CHANGE: layer 1 -> 1
[2026-04-21 19:13:52] [DEBUG] (src/ui_events.c:47) EVENT: Click on key 25 ('A'), current_layer=1, sym=0x41
[2026-04-21 19:13:52] [DEBUG] (src/ui_events.c:53) STATE CHANGE: layer 1 -> 1
[2026-04-21 19:13:52] [DEBUG] (src/ui_events.c:47) EVENT: Click on key 25 ('A'), current_layer=1, sym=0x41
[2026-04-21 19:13:52] [DEBUG] (src/ui_events.c:53) STATE CHANGE: layer 1 -> 1
[2026-04-21 19:13:52] [DEBUG] (src/ui_events.c:47) EVENT: Click on key 25 ('A'), current_layer=1, sym=0x41
[2026-04-21 19:13:52] [DEBUG] (src/ui_events.c:53) STATE CHANGE: layer 1 -> 1
[2026-04-21 19:13:53] [DEBUG] (src/ui_events.c:47) EVENT: Click on key 25 ('A'), current_layer=1, sym=0x41
[2026-04-21 19:13:53] [DEBUG] (src/ui_events.c:53) STATE CHANGE: layer 1 -> 1
[2026-04-21 19:13:53] [DEBUG] (src/ui_events.c:47) EVENT: Click on key 36 ('shift'), current_layer=1, sym=0xffe1
[2026-04-21 19:13:53] [DEBUG] (src/keyboard_state.c:36) State: Shift OFF
[2026-04-21 19:13:53] [DEBUG] (src/ui_events.c:53) STATE CHANGE: layer 1 -> 0
[2026-04-21 19:13:54] [DEBUG] (src/ui_events.c:47) EVENT: Click on key 25 ('a'), current_layer=0, sym=0x61
[2026-04-21 19:13:54] [DEBUG] (src/ui_events.c:53) STATE CHANGE: layer 0 -> 0
[2026-04-21 19:13:54] [DEBUG] (src/ui_events.c:47) EVENT: Click on key 25 ('a'), current_layer=0, sym=0x61
[2026-04-21 19:13:54] [DEBUG] (src/ui_events.c:53) STATE CHANGE: layer 0 -> 0
[2026-04-21 19:13:54] [DEBUG] (src/ui_events.c:47) EVENT: Click on key 25 ('a'), current_layer=0, sym=0x61
[2026-04-21 19:13:54] [DEBUG] (src/ui_events.c:53) STATE CHANGE: layer 0 -> 0
[2026-04-21 19:13:54] [DEBUG] (src/ui_events.c:47) EVENT: Click on key 25 ('a'), current_layer=0, sym=0x61
[2026-04-21 19:13:54] [DEBUG] (src/ui_events.c:53) STATE CHANGE: layer 0 -> 0
